2023-09-17 17:19:30.501 [info] Extension host with pid 21912 started
2023-09-17 17:19:30.678 [info] ExtensionService#_doActivateExtension vscode.git-base, startup: true, activationEvent: '*', root cause: vscode.git
2023-09-17 17:19:30.719 [info] ExtensionService#_doActivateExtension vscode.git, startup: true, activationEvent: '*'
2023-09-17 17:19:30.741 [info] ExtensionService#_doActivateExtension vscode.github, startup: true, activationEvent: '*'
2023-09-17 17:19:30.771 [info] Eager extensions activated
2023-09-17 17:19:30.791 [info] ExtensionService#_doActivateExtension vscode.debug-auto-launch, startup: false, activationEvent: 'onStartupFinished'
2023-09-17 17:19:30.793 [info] ExtensionService#_doActivateExtension vscode.merge-conflict, startup: false, activationEvent: 'onStartupFinished'
2023-09-17 17:19:30.799 [info] ExtensionService#_doActivateExtension bradlc.vscode-tailwindcss, startup: false, activationEvent: 'onStartupFinished'
2023-09-17 17:19:30.813 [info] ExtensionService#_doActivateExtension esbenp.prettier-vscode, startup: false, activationEvent: 'onStartupFinished'
2023-09-17 17:19:30.838 [info] ExtensionService#_doActivateExtension ritwickdey.LiveServer, startup: false, activationEvent: 'onStartupFinished'
2023-09-17 17:19:44.522 [info] Extension host terminating: renderer closed the MessagePort
2023-09-17 17:19:44.527 [info] Extension host with pid 21912 exiting with code 0
2023-09-17 17:19:45.403 [info] Extension host with pid 21957 started
2023-09-17 17:19:45.403 [info] Skipping acquiring lock for /home/abhi/.config/Code - OSS/User/workspaceStorage/d194f37cd51f1e28d5a31f9aaa145b0f.
2023-09-17 17:19:45.458 [info] ExtensionService#_doActivateExtension vscode.emmet, startup: false, activationEvent: 'onLanguage'
2023-09-17 17:19:45.465 [info] ExtensionService#_doActivateExtension vscode.html-language-features, startup: false, activationEvent: 'onLanguage:html'
2023-09-17 17:19:46.038 [info] ExtensionService#_doActivateExtension vscode.git-base, startup: true, activationEvent: '*', root cause: vscode.git
2023-09-17 17:19:46.052 [info] ExtensionService#_doActivateExtension vscode.git, startup: true, activationEvent: '*'
2023-09-17 17:19:46.078 [info] ExtensionService#_doActivateExtension vscode.github, startup: true, activationEvent: '*'
2023-09-17 17:19:46.134 [info] Eager extensions activated
2023-09-17 17:19:46.175 [info] ExtensionService#_doActivateExtension vscode.debug-auto-launch, startup: false, activationEvent: 'onStartupFinished'
2023-09-17 17:19:46.177 [info] ExtensionService#_doActivateExtension vscode.merge-conflict, startup: false, activationEvent: 'onStartupFinished'
2023-09-17 17:19:46.184 [info] ExtensionService#_doActivateExtension bradlc.vscode-tailwindcss, startup: false, activationEvent: 'onStartupFinished'
2023-09-17 17:19:46.200 [info] ExtensionService#_doActivateExtension esbenp.prettier-vscode, startup: false, activationEvent: 'onStartupFinished'
2023-09-17 17:19:46.385 [info] ExtensionService#_doActivateExtension ritwickdey.LiveServer, startup: false, activationEvent: 'onStartupFinished'
2023-09-17 17:22:45.704 [info] ExtensionService#_doActivateExtension vscode.css-language-features, startup: false, activationEvent: 'onLanguage:css'
2023-09-17 17:23:15.222 [info] ExtensionService#_doActivateExtension vscode.media-preview, startup: false, activationEvent: 'onCustomEditor:imagePreview.previewEditor'
2023-09-17 17:36:21.584 [info] Extension host terminating: renderer closed the MessagePort
2023-09-17 17:36:21.593 [info] Extension host with pid 21957 exiting with code 0
