2023-09-18 10:03:26.441 [info] Extension host with pid 2138 started
2023-09-18 10:03:26.441 [info] Skipping acquiring lock for /home/abhi/.config/Code - OSS/User/workspaceStorage/1f7c318867a422f447546cb3038059d2.
2023-09-18 10:03:26.542 [info] ExtensionService#_doActivateExtension vscode.git-base, startup: true, activationEvent: '*', root cause: vscode.git
2023-09-18 10:03:26.545 [info] ExtensionService#_doActivateExtension vscode.npm, startup: true, activationEvent: 'workspaceContains:package.json'
2023-09-18 10:03:26.577 [info] ExtensionService#_doActivateExtension vscode.git, startup: true, activationEvent: '*'
2023-09-18 10:03:26.606 [info] ExtensionService#_doActivateExtension vscode.github, startup: true, activationEvent: '*'
2023-09-18 10:03:26.814 [info] Eager extensions activated
2023-09-18 10:03:26.824 [info] ExtensionService#_doActivateExtension vscode.debug-auto-launch, startup: false, activationEvent: 'onStartupFinished'
2023-09-18 10:03:26.827 [info] ExtensionService#_doActivateExtension vscode.merge-conflict, startup: false, activationEvent: 'onStartupFinished'
2023-09-18 10:03:26.837 [info] ExtensionService#_doActivateExtension bradlc.vscode-tailwindcss, startup: false, activationEvent: 'onStartupFinished'
2023-09-18 10:03:26.853 [info] ExtensionService#_doActivateExtension esbenp.prettier-vscode, startup: false, activationEvent: 'onStartupFinished'
2023-09-18 10:03:26.893 [info] ExtensionService#_doActivateExtension ritwickdey.LiveServer, startup: false, activationEvent: 'onStartupFinished'
2023-09-18 10:06:20.878 [info] ExtensionService#_doActivateExtension vscode.emmet, startup: false, activationEvent: 'onLanguage'
2023-09-18 10:08:00.018 [info] ExtensionService#_doActivateExtension vscode.css-language-features, startup: false, activationEvent: 'onLanguage:css'
2023-09-18 10:08:07.863 [info] ExtensionService#_doActivateExtension vscode.extension-editing, startup: false, activationEvent: 'onLanguage:json'
2023-09-18 10:08:07.876 [info] ExtensionService#_doActivateExtension vscode.json-language-features, startup: false, activationEvent: 'onLanguage:json'
2023-09-18 10:37:25.613 [info] ExtensionService#_doActivateExtension vscode.media-preview, startup: false, activationEvent: 'onCustomEditor:imagePreview.previewEditor'
2023-09-18 11:04:35.607 [info] ExtensionService#_doActivateExtension vscode.html-language-features, startup: false, activationEvent: 'onLanguage:html'
2023-09-18 11:05:35.458 [info] ExtensionService#_doActivateExtension vscode.typescript-language-features, startup: false, activationEvent: 'onLanguage:jsonc'
2023-09-18 13:50:06.495 [info] Extension host terminating: renderer closed the MessagePort
2023-09-18 13:50:06.510 [error] Canceled: Canceled
	at new h (/usr/lib/code/out/vs/workbench/api/node/extensionHostProcess.js:107:57382)
	at i.O (/usr/lib/code/out/vs/workbench/api/node/extensionHostProcess.js:116:10850)
	at j.<computed>.T.charCodeAt.j.<computed> (/usr/lib/code/out/vs/workbench/api/node/extensionHostProcess.js:116:8289)
	at r.g (/usr/lib/code/out/vs/workbench/api/node/extensionHostProcess.js:107:82208)
	at r.executeCommand (/usr/lib/code/out/vs/workbench/api/node/extensionHostProcess.js:107:81646)
	at u.registerCommand.description (/usr/lib/code/out/vs/workbench/api/node/extensionHostProcess.js:107:80967)
	at r.h (/usr/lib/code/out/vs/workbench/api/node/extensionHostProcess.js:107:82744)
	at r.g (/usr/lib/code/out/vs/workbench/api/node/extensionHostProcess.js:107:81739)
	at r.executeCommand (/usr/lib/code/out/vs/workbench/api/node/extensionHostProcess.js:107:81646)
	at Object.executeCommand (/usr/lib/code/out/vs/workbench/api/node/extensionHostProcess.js:122:21247)
	at n.D [as value] (/usr/lib/code/extensions/git/dist/main.js:2:1309000)
	at m.w (/usr/lib/code/out/vs/workbench/api/node/extensionHostProcess.js:63:1902)
	at m.x (/usr/lib/code/out/vs/workbench/api/node/extensionHostProcess.js:63:1972)
	at m.fire (/usr/lib/code/out/vs/workbench/api/node/extensionHostProcess.js:63:2188)
	at Object.m [as dispose] (/usr/lib/code/extensions/git/dist/main.js:2:1324784)
	at /usr/lib/code/extensions/git/dist/main.js:2:1329625
	at Array.forEach (<anonymous>)
	at g.dispose (/usr/lib/code/extensions/git/dist/main.js:2:1329611)
	at E.<anonymous> (/usr/lib/code/out/vs/workbench/api/node/extensionHostProcess.js:103:3484)
	at E.dispose (/usr/lib/code/out/vs/workbench/api/node/extensionHostProcess.js:103:3581)
	at E.<anonymous> (/usr/lib/code/extensions/git/dist/main.js:2:1311012)
	at E.dispose (/usr/lib/code/out/vs/workbench/api/node/extensionHostProcess.js:103:3581)
	at k (/usr/lib/code/out/vs/workbench/api/node/extensionHostProcess.js:13:11730)
	at n.Z (/usr/lib/code/out/vs/workbench/api/node/extensionHostProcess.js:118:9652)
	at /usr/lib/code/out/vs/workbench/api/node/extensionHostProcess.js:118:7585
	at Array.map (<anonymous>)
	at n.S (/usr/lib/code/out/vs/workbench/api/node/extensionHostProcess.js:118:7572)
	at n.terminate (/usr/lib/code/out/vs/workbench/api/node/extensionHostProcess.js:118:7844)
	at o.terminate (/usr/lib/code/out/vs/workbench/api/node/extensionHostProcess.js:122:1513)
	at D (/usr/lib/code/out/vs/workbench/api/node/extensionHostProcess.js:135:9800)
	at MessagePortMain.<anonymous> (/usr/lib/code/out/vs/workbench/api/node/extensionHostProcess.js:135:6225)
	at MessagePortMain.emit (node:events:513:28)
	at MessagePortMain._internalPort.emit (node:electron/js2c/utility_init:2:367) setContext undefined
2023-09-18 13:50:06.511 [error] Canceled: Canceled
	at new h (/usr/lib/code/out/vs/workbench/api/node/extensionHostProcess.js:107:57382)
	at i.O (/usr/lib/code/out/vs/workbench/api/node/extensionHostProcess.js:116:10850)
	at j.<computed>.T.charCodeAt.j.<computed> (/usr/lib/code/out/vs/workbench/api/node/extensionHostProcess.js:116:8289)
	at r.g (/usr/lib/code/out/vs/workbench/api/node/extensionHostProcess.js:107:82208)
	at r.executeCommand (/usr/lib/code/out/vs/workbench/api/node/extensionHostProcess.js:107:81646)
	at u.registerCommand.description (/usr/lib/code/out/vs/workbench/api/node/extensionHostProcess.js:107:80967)
	at r.h (/usr/lib/code/out/vs/workbench/api/node/extensionHostProcess.js:107:82744)
	at r.g (/usr/lib/code/out/vs/workbench/api/node/extensionHostProcess.js:107:81739)
	at r.executeCommand (/usr/lib/code/out/vs/workbench/api/node/extensionHostProcess.js:107:81646)
	at Object.executeCommand (/usr/lib/code/out/vs/workbench/api/node/extensionHostProcess.js:122:21247)
	at set b [as b] (/usr/lib/code/extensions/github/dist/extension.js:2:714434)
	at /usr/lib/code/extensions/github/dist/extension.js:2:715075
	at n.value (/usr/lib/code/extensions/git/dist/main.js:2:1396602)
	at m.w (/usr/lib/code/out/vs/workbench/api/node/extensionHostProcess.js:63:1902)
	at m.x (/usr/lib/code/out/vs/workbench/api/node/extensionHostProcess.js:63:1972)
	at m.fire (/usr/lib/code/out/vs/workbench/api/node/extensionHostProcess.js:63:2188)
	at Object.m [as dispose] (/usr/lib/code/extensions/git/dist/main.js:2:1324784)
	at /usr/lib/code/extensions/git/dist/main.js:2:1329625
	at Array.forEach (<anonymous>)
	at g.dispose (/usr/lib/code/extensions/git/dist/main.js:2:1329611)
	at E.<anonymous> (/usr/lib/code/out/vs/workbench/api/node/extensionHostProcess.js:103:3484)
	at E.dispose (/usr/lib/code/out/vs/workbench/api/node/extensionHostProcess.js:103:3581)
	at E.<anonymous> (/usr/lib/code/extensions/git/dist/main.js:2:1311012)
	at E.dispose (/usr/lib/code/out/vs/workbench/api/node/extensionHostProcess.js:103:3581)
	at k (/usr/lib/code/out/vs/workbench/api/node/extensionHostProcess.js:13:11730)
	at n.Z (/usr/lib/code/out/vs/workbench/api/node/extensionHostProcess.js:118:9652)
	at /usr/lib/code/out/vs/workbench/api/node/extensionHostProcess.js:118:7585
	at Array.map (<anonymous>)
	at n.S (/usr/lib/code/out/vs/workbench/api/node/extensionHostProcess.js:118:7572)
	at n.terminate (/usr/lib/code/out/vs/workbench/api/node/extensionHostProcess.js:118:7844)
	at o.terminate (/usr/lib/code/out/vs/workbench/api/node/extensionHostProcess.js:122:1513)
	at D (/usr/lib/code/out/vs/workbench/api/node/extensionHostProcess.js:135:9800)
	at MessagePortMain.<anonymous> (/usr/lib/code/out/vs/workbench/api/node/extensionHostProcess.js:135:6225)
	at MessagePortMain.emit (node:events:513:28)
	at MessagePortMain._internalPort.emit (node:electron/js2c/utility_init:2:367) setContext undefined
2023-09-18 13:50:06.514 [info] Extension host with pid 2138 exiting with code 0
