2023-09-18 13:50:41.860 [info] Log level: Info
2023-09-18 13:50:41.860 [info] Validating found git in: "git"
2023-09-18 13:50:41.860 [info] Using git "2.42.0" from "git"
2023-09-18 13:50:41.860 [info] > git rev-parse --show-toplevel [4ms]
2023-09-18 13:50:41.861 [info] > git rev-parse --git-dir --git-common-dir [1ms]
2023-09-18 13:50:41.871 [info] Open repository: /home/abhi/projects/infinity-digital-agency-website
2023-09-18 13:50:41.895 [info] > git rev-parse --show-toplevel [3ms]
2023-09-18 13:50:41.896 [info] > git config --get commit.template [10ms]
2023-09-18 13:50:42.012 [info] > git rev-parse --show-toplevel [56ms]
2023-09-18 13:50:42.024 [info] > git for-each-ref --format=%(refname)%00%(upstream:short)%00%(objectname)%00%(upstream:track)%00%(upstream:remotename)%00%(upstream:remoteref) refs/heads/ida-frontend refs/remotes/ida-frontend [14ms]
2023-09-18 13:50:42.033 [info] > git rev-parse --show-toplevel [11ms]
2023-09-18 13:50:42.058 [info] > git status -z -uall [26ms]
2023-09-18 13:50:42.074 [info] > git rev-parse --show-toplevel [17ms]
2023-09-18 13:50:42.084 [info] > git config --get commit.template [10ms]
2023-09-18 13:50:42.111 [info] > git rev-parse --show-toplevel [29ms]
2023-09-18 13:50:42.129 [info] > git for-each-ref --format=%(refname)%00%(upstream:short)%00%(objectname)%00%(upstream:track)%00%(upstream:remotename)%00%(upstream:remoteref) refs/heads/ida-frontend refs/remotes/ida-frontend [10ms]
2023-09-18 13:50:42.139 [info] > git rev-parse --show-toplevel [10ms]
2023-09-18 13:50:42.140 [info] > git status -z -uall [2ms]
2023-09-18 13:50:42.386 [info] > git check-ignore -v -z --stdin [1ms]
2023-09-18 13:50:42.462 [info] > git show --textconv :views/Homepage/eventSection.ejs [7ms]
2023-09-18 13:50:42.464 [info] > git ls-files --stage -- /home/abhi/projects/infinity-digital-agency-website/views/Homepage/eventSection.ejs [2ms]
2023-09-18 13:50:42.472 [info] > git cat-file -s 4ecc4977eb082ac27b49b57f312acd866457a2fe [2ms]
2023-09-18 13:50:56.519 [info] > git config --get commit.template [7ms]
2023-09-18 13:50:56.519 [info] > git for-each-ref --format=%(refname)%00%(upstream:short)%00%(objectname)%00%(upstream:track)%00%(upstream:remotename)%00%(upstream:remoteref) refs/heads/ida-frontend refs/remotes/ida-frontend [1ms]
2023-09-18 13:50:56.527 [info] > git status -z -uall [2ms]
2023-09-18 13:51:01.547 [info] > git config --get commit.template [7ms]
2023-09-18 13:51:01.548 [info] > git for-each-ref --format=%(refname)%00%(upstream:short)%00%(objectname)%00%(upstream:track)%00%(upstream:remotename)%00%(upstream:remoteref) refs/heads/ida-frontend refs/remotes/ida-frontend [1ms]
2023-09-18 13:51:01.556 [info] > git status -z -uall [2ms]
2023-09-18 13:51:06.575 [info] > git config --get commit.template [7ms]
2023-09-18 13:51:06.575 [info] > git for-each-ref --format=%(refname)%00%(upstream:short)%00%(objectname)%00%(upstream:track)%00%(upstream:remotename)%00%(upstream:remoteref) refs/heads/ida-frontend refs/remotes/ida-frontend [1ms]
2023-09-18 13:51:06.582 [info] > git status -z -uall [2ms]
2023-09-18 13:52:24.488 [info] > git config --get commit.template [6ms]
2023-09-18 13:52:24.488 [info] > git for-each-ref --format=%(refname)%00%(upstream:short)%00%(objectname)%00%(upstream:track)%00%(upstream:remotename)%00%(upstream:remoteref) refs/heads/ida-frontend refs/remotes/ida-frontend [2ms]
2023-09-18 13:52:24.495 [info] > git status -z -uall [1ms]
2023-09-18 13:52:30.737 [info] > git config --get commit.template [8ms]
2023-09-18 13:52:30.737 [info] > git for-each-ref --format=%(refname)%00%(upstream:short)%00%(objectname)%00%(upstream:track)%00%(upstream:remotename)%00%(upstream:remoteref) refs/heads/ida-frontend refs/remotes/ida-frontend [1ms]
2023-09-18 13:52:30.746 [info] > git status -z -uall [2ms]
2023-09-18 13:52:35.965 [info] > git config --get commit.template [7ms]
2023-09-18 13:52:35.966 [info] > git for-each-ref --format=%(refname)%00%(upstream:short)%00%(objectname)%00%(upstream:track)%00%(upstream:remotename)%00%(upstream:remoteref) refs/heads/ida-frontend refs/remotes/ida-frontend [1ms]
2023-09-18 13:52:35.973 [info] > git status -z -uall [2ms]
2023-09-18 13:52:41.105 [info] > git config --get commit.template [7ms]
2023-09-18 13:52:41.105 [info] > git for-each-ref --format=%(refname)%00%(upstream:short)%00%(objectname)%00%(upstream:track)%00%(upstream:remotename)%00%(upstream:remoteref) refs/heads/ida-frontend refs/remotes/ida-frontend [1ms]
2023-09-18 13:52:41.113 [info] > git status -z -uall [1ms]
2023-09-18 13:52:50.099 [info] > git config --get commit.template [6ms]
2023-09-18 13:52:50.100 [info] > git for-each-ref --format=%(refname)%00%(upstream:short)%00%(objectname)%00%(upstream:track)%00%(upstream:remotename)%00%(upstream:remoteref) refs/heads/ida-frontend refs/remotes/ida-frontend [1ms]
2023-09-18 13:52:50.107 [info] > git status -z -uall [2ms]
2023-09-18 13:53:27.075 [info] > git config --get commit.template [9ms]
2023-09-18 13:53:27.075 [info] > git for-each-ref --format=%(refname)%00%(upstream:short)%00%(objectname)%00%(upstream:track)%00%(upstream:remotename)%00%(upstream:remoteref) refs/heads/ida-frontend refs/remotes/ida-frontend [1ms]
2023-09-18 13:53:27.085 [info] > git status -z -uall [2ms]
2023-09-18 13:54:13.583 [info] > git config --get commit.template [11ms]
2023-09-18 13:54:13.584 [info] > git for-each-ref --format=%(refname)%00%(upstream:short)%00%(objectname)%00%(upstream:track)%00%(upstream:remotename)%00%(upstream:remoteref) refs/heads/ida-frontend refs/remotes/ida-frontend [2ms]
2023-09-18 13:54:13.594 [info] > git status -z -uall [2ms]
2023-09-18 13:54:32.222 [info] > git config --get commit.template [12ms]
2023-09-18 13:54:32.223 [info] > git for-each-ref --format=%(refname)%00%(upstream:short)%00%(objectname)%00%(upstream:track)%00%(upstream:remotename)%00%(upstream:remoteref) refs/heads/ida-frontend refs/remotes/ida-frontend [1ms]
2023-09-18 13:54:32.237 [info] > git status -z -uall [2ms]
2023-09-18 13:54:56.810 [info] > git config --get commit.template [8ms]
2023-09-18 13:54:56.811 [info] > git for-each-ref --format=%(refname)%00%(upstream:short)%00%(objectname)%00%(upstream:track)%00%(upstream:remotename)%00%(upstream:remoteref) refs/heads/ida-frontend refs/remotes/ida-frontend [2ms]
2023-09-18 13:54:56.819 [info] > git status -z -uall [1ms]
2023-09-18 13:55:04.115 [info] > git config --get commit.template [1ms]
2023-09-18 13:55:04.122 [info] > git for-each-ref --format=%(refname)%00%(upstream:short)%00%(objectname)%00%(upstream:track)%00%(upstream:remotename)%00%(upstream:remoteref) refs/heads/ida-frontend refs/remotes/ida-frontend [1ms]
2023-09-18 13:55:04.130 [info] > git status -z -uall [2ms]
2023-09-18 13:55:36.456 [info] > git config --get commit.template [9ms]
2023-09-18 13:55:36.456 [info] > git for-each-ref --format=%(refname)%00%(upstream:short)%00%(objectname)%00%(upstream:track)%00%(upstream:remotename)%00%(upstream:remoteref) refs/heads/ida-frontend refs/remotes/ida-frontend [1ms]
2023-09-18 13:55:36.467 [info] > git status -z -uall [2ms]
2023-09-18 13:56:54.157 [info] > git config --get commit.template [10ms]
2023-09-18 13:56:54.158 [info] > git for-each-ref --format=%(refname)%00%(upstream:short)%00%(objectname)%00%(upstream:track)%00%(upstream:remotename)%00%(upstream:remoteref) refs/heads/ida-frontend refs/remotes/ida-frontend [1ms]
2023-09-18 13:56:54.167 [info] > git status -z -uall [2ms]
2023-09-18 13:57:04.232 [info] > git config --get commit.template [0ms]
2023-09-18 13:57:04.240 [info] > git for-each-ref --format=%(refname)%00%(upstream:short)%00%(objectname)%00%(upstream:track)%00%(upstream:remotename)%00%(upstream:remoteref) refs/heads/ida-frontend refs/remotes/ida-frontend [2ms]
2023-09-18 13:57:04.248 [info] > git status -z -uall [2ms]
2023-09-18 13:57:10.790 [info] > git config --get commit.template [9ms]
2023-09-18 13:57:10.791 [info] > git for-each-ref --format=%(refname)%00%(upstream:short)%00%(objectname)%00%(upstream:track)%00%(upstream:remotename)%00%(upstream:remoteref) refs/heads/ida-frontend refs/remotes/ida-frontend [2ms]
2023-09-18 13:57:10.803 [info] > git status -z -uall [4ms]
2023-09-18 13:57:22.463 [info] > git config --get commit.template [9ms]
2023-09-18 13:57:22.464 [info] > git for-each-ref --format=%(refname)%00%(upstream:short)%00%(objectname)%00%(upstream:track)%00%(upstream:remotename)%00%(upstream:remoteref) refs/heads/ida-frontend refs/remotes/ida-frontend [2ms]
2023-09-18 13:57:22.473 [info] > git status -z -uall [2ms]
2023-09-18 13:57:39.431 [info] > git config --get commit.template [9ms]
2023-09-18 13:57:39.431 [info] > git for-each-ref --format=%(refname)%00%(upstream:short)%00%(objectname)%00%(upstream:track)%00%(upstream:remotename)%00%(upstream:remoteref) refs/heads/ida-frontend refs/remotes/ida-frontend [1ms]
2023-09-18 13:57:39.441 [info] > git status -z -uall [2ms]
2023-09-18 13:57:55.437 [info] > git config --get commit.template [7ms]
2023-09-18 13:57:55.438 [info] > git for-each-ref --format=%(refname)%00%(upstream:short)%00%(objectname)%00%(upstream:track)%00%(upstream:remotename)%00%(upstream:remoteref) refs/heads/ida-frontend refs/remotes/ida-frontend [1ms]
2023-09-18 13:57:55.446 [info] > git status -z -uall [2ms]
2023-09-18 13:58:00.456 [info] > git config --get commit.template [1ms]
2023-09-18 13:58:00.463 [info] > git for-each-ref --format=%(refname)%00%(upstream:short)%00%(objectname)%00%(upstream:track)%00%(upstream:remotename)%00%(upstream:remoteref) refs/heads/ida-frontend refs/remotes/ida-frontend [1ms]
2023-09-18 13:58:00.471 [info] > git status -z -uall [2ms]
2023-09-18 13:58:05.489 [info] > git config --get commit.template [8ms]
2023-09-18 13:58:05.490 [info] > git for-each-ref --format=%(refname)%00%(upstream:short)%00%(objectname)%00%(upstream:track)%00%(upstream:remotename)%00%(upstream:remoteref) refs/heads/ida-frontend refs/remotes/ida-frontend [2ms]
2023-09-18 13:58:05.498 [info] > git status -z -uall [2ms]
2023-09-18 13:58:16.979 [info] > git config --get commit.template [10ms]
2023-09-18 13:58:16.980 [info] > git for-each-ref --format=%(refname)%00%(upstream:short)%00%(objectname)%00%(upstream:track)%00%(upstream:remotename)%00%(upstream:remoteref) refs/heads/ida-frontend refs/remotes/ida-frontend [2ms]
2023-09-18 13:58:16.990 [info] > git status -z -uall [2ms]
2023-09-18 13:58:22.006 [info] > git config --get commit.template [6ms]
2023-09-18 13:58:22.007 [info] > git for-each-ref --format=%(refname)%00%(upstream:short)%00%(objectname)%00%(upstream:track)%00%(upstream:remotename)%00%(upstream:remoteref) refs/heads/ida-frontend refs/remotes/ida-frontend [1ms]
2023-09-18 13:58:22.015 [info] > git status -z -uall [2ms]
2023-09-18 13:58:38.038 [info] > git config --get commit.template [10ms]
2023-09-18 13:58:38.038 [info] > git for-each-ref --format=%(refname)%00%(upstream:short)%00%(objectname)%00%(upstream:track)%00%(upstream:remotename)%00%(upstream:remoteref) refs/heads/ida-frontend refs/remotes/ida-frontend [1ms]
2023-09-18 13:58:38.047 [info] > git status -z -uall [2ms]
2023-09-18 13:58:57.463 [info] > git config --get commit.template [9ms]
2023-09-18 13:58:57.464 [info] > git for-each-ref --format=%(refname)%00%(upstream:short)%00%(objectname)%00%(upstream:track)%00%(upstream:remotename)%00%(upstream:remoteref) refs/heads/ida-frontend refs/remotes/ida-frontend [1ms]
2023-09-18 13:58:57.475 [info] > git status -z -uall [2ms]
2023-09-18 13:59:11.508 [info] > git config --get commit.template [1ms]
2023-09-18 13:59:11.518 [info] > git for-each-ref --format=%(refname)%00%(upstream:short)%00%(objectname)%00%(upstream:track)%00%(upstream:remotename)%00%(upstream:remoteref) refs/heads/ida-frontend refs/remotes/ida-frontend [1ms]
2023-09-18 13:59:11.530 [info] > git status -z -uall [2ms]
2023-09-18 14:01:41.199 [info] > git config --get commit.template [7ms]
2023-09-18 14:01:41.200 [info] > git for-each-ref --format=%(refname)%00%(upstream:short)%00%(objectname)%00%(upstream:track)%00%(upstream:remotename)%00%(upstream:remoteref) refs/heads/ida-frontend refs/remotes/ida-frontend [1ms]
2023-09-18 14:01:41.208 [info] > git status -z -uall [2ms]
2023-09-18 14:13:28.383 [info] > git config --get commit.template [7ms]
2023-09-18 14:13:28.384 [info] > git for-each-ref --format=%(refname)%00%(upstream:short)%00%(objectname)%00%(upstream:track)%00%(upstream:remotename)%00%(upstream:remoteref) refs/heads/ida-frontend refs/remotes/ida-frontend [1ms]
2023-09-18 14:13:28.392 [info] > git status -z -uall [2ms]
2023-09-18 14:13:33.621 [info] > git config --get commit.template [9ms]
2023-09-18 14:13:33.621 [info] > git for-each-ref --format=%(refname)%00%(upstream:short)%00%(objectname)%00%(upstream:track)%00%(upstream:remotename)%00%(upstream:remoteref) refs/heads/ida-frontend refs/remotes/ida-frontend [1ms]
2023-09-18 14:13:33.632 [info] > git status -z -uall [2ms]
2023-09-18 14:14:04.815 [info] > git config --get commit.template [7ms]
2023-09-18 14:14:04.816 [info] > git for-each-ref --format=%(refname)%00%(upstream:short)%00%(objectname)%00%(upstream:track)%00%(upstream:remotename)%00%(upstream:remoteref) refs/heads/ida-frontend refs/remotes/ida-frontend [1ms]
2023-09-18 14:14:04.824 [info] > git status -z -uall [1ms]
2023-09-18 14:14:09.842 [info] > git config --get commit.template [8ms]
2023-09-18 14:14:09.843 [info] > git for-each-ref --format=%(refname)%00%(upstream:short)%00%(objectname)%00%(upstream:track)%00%(upstream:remotename)%00%(upstream:remoteref) refs/heads/ida-frontend refs/remotes/ida-frontend [2ms]
2023-09-18 14:14:09.853 [info] > git status -z -uall [3ms]
2023-09-18 14:14:26.073 [info] > git config --get commit.template [9ms]
2023-09-18 14:14:26.073 [info] > git for-each-ref --format=%(refname)%00%(upstream:short)%00%(objectname)%00%(upstream:track)%00%(upstream:remotename)%00%(upstream:remoteref) refs/heads/ida-frontend refs/remotes/ida-frontend [1ms]
2023-09-18 14:14:26.082 [info] > git status -z -uall [2ms]
2023-09-18 14:14:37.409 [info] > git config --get commit.template [9ms]
2023-09-18 14:14:37.410 [info] > git for-each-ref --format=%(refname)%00%(upstream:short)%00%(objectname)%00%(upstream:track)%00%(upstream:remotename)%00%(upstream:remoteref) refs/heads/ida-frontend refs/remotes/ida-frontend [2ms]
2023-09-18 14:14:37.419 [info] > git status -z -uall [2ms]
2023-09-18 14:14:47.147 [info] > git config --get commit.template [11ms]
2023-09-18 14:14:47.148 [info] > git for-each-ref --format=%(refname)%00%(upstream:short)%00%(objectname)%00%(upstream:track)%00%(upstream:remotename)%00%(upstream:remoteref) refs/heads/ida-frontend refs/remotes/ida-frontend [1ms]
2023-09-18 14:14:47.158 [info] > git status -z -uall [2ms]
2023-09-18 14:14:52.175 [info] > git config --get commit.template [7ms]
2023-09-18 14:14:52.176 [info] > git for-each-ref --format=%(refname)%00%(upstream:short)%00%(objectname)%00%(upstream:track)%00%(upstream:remotename)%00%(upstream:remoteref) refs/heads/ida-frontend refs/remotes/ida-frontend [1ms]
2023-09-18 14:14:52.184 [info] > git status -z -uall [1ms]
2023-09-18 14:14:58.288 [info] > git config --get commit.template [7ms]
2023-09-18 14:14:58.289 [info] > git for-each-ref --format=%(refname)%00%(upstream:short)%00%(objectname)%00%(upstream:track)%00%(upstream:remotename)%00%(upstream:remoteref) refs/heads/ida-frontend refs/remotes/ida-frontend [1ms]
2023-09-18 14:14:58.297 [info] > git status -z -uall [2ms]
2023-09-18 14:15:03.307 [info] > git config --get commit.template [1ms]
2023-09-18 14:15:03.314 [info] > git for-each-ref --format=%(refname)%00%(upstream:short)%00%(objectname)%00%(upstream:track)%00%(upstream:remotename)%00%(upstream:remoteref) refs/heads/ida-frontend refs/remotes/ida-frontend [1ms]
2023-09-18 14:15:03.322 [info] > git status -z -uall [2ms]
2023-09-18 14:15:08.339 [info] > git config --get commit.template [7ms]
2023-09-18 14:15:08.340 [info] > git for-each-ref --format=%(refname)%00%(upstream:short)%00%(objectname)%00%(upstream:track)%00%(upstream:remotename)%00%(upstream:remoteref) refs/heads/ida-frontend refs/remotes/ida-frontend [1ms]
2023-09-18 14:15:08.347 [info] > git status -z -uall [2ms]
2023-09-18 14:15:28.249 [info] > git config --get commit.template [9ms]
2023-09-18 14:15:28.250 [info] > git for-each-ref --format=%(refname)%00%(upstream:short)%00%(objectname)%00%(upstream:track)%00%(upstream:remotename)%00%(upstream:remoteref) refs/heads/ida-frontend refs/remotes/ida-frontend [2ms]
2023-09-18 14:15:28.258 [info] > git status -z -uall [2ms]
2023-09-18 14:15:38.364 [info] > git config --get commit.template [6ms]
2023-09-18 14:15:38.365 [info] > git for-each-ref --format=%(refname)%00%(upstream:short)%00%(objectname)%00%(upstream:track)%00%(upstream:remotename)%00%(upstream:remoteref) refs/heads/ida-frontend refs/remotes/ida-frontend [1ms]
2023-09-18 14:15:38.372 [info] > git status -z -uall [1ms]
2023-09-18 14:15:43.388 [info] > git config --get commit.template [7ms]
2023-09-18 14:15:43.388 [info] > git for-each-ref --format=%(refname)%00%(upstream:short)%00%(objectname)%00%(upstream:track)%00%(upstream:remotename)%00%(upstream:remoteref) refs/heads/ida-frontend refs/remotes/ida-frontend [1ms]
2023-09-18 14:15:43.396 [info] > git status -z -uall [2ms]
2023-09-18 14:15:51.129 [info] > git config --get commit.template [11ms]
2023-09-18 14:15:51.129 [info] > git for-each-ref --format=%(refname)%00%(upstream:short)%00%(objectname)%00%(upstream:track)%00%(upstream:remotename)%00%(upstream:remoteref) refs/heads/ida-frontend refs/remotes/ida-frontend [1ms]
2023-09-18 14:15:51.141 [info] > git status -z -uall [3ms]
2023-09-18 14:16:04.047 [info] > git config --get commit.template [10ms]
2023-09-18 14:16:04.048 [info] > git for-each-ref --format=%(refname)%00%(upstream:short)%00%(objectname)%00%(upstream:track)%00%(upstream:remotename)%00%(upstream:remoteref) refs/heads/ida-frontend refs/remotes/ida-frontend [1ms]
2023-09-18 14:16:04.059 [info] > git status -z -uall [2ms]
2023-09-18 14:16:56.109 [info] > git config --get commit.template [2ms]
2023-09-18 14:16:56.120 [info] > git for-each-ref --format=%(refname)%00%(upstream:short)%00%(objectname)%00%(upstream:track)%00%(upstream:remotename)%00%(upstream:remoteref) refs/heads/ida-frontend refs/remotes/ida-frontend [1ms]
2023-09-18 14:16:56.130 [info] > git status -z -uall [2ms]
2023-09-18 14:30:49.530 [info] > git config --get commit.template [10ms]
2023-09-18 14:30:49.530 [info] > git for-each-ref --format=%(refname)%00%(upstream:short)%00%(objectname)%00%(upstream:track)%00%(upstream:remotename)%00%(upstream:remoteref) refs/heads/ida-frontend refs/remotes/ida-frontend [1ms]
2023-09-18 14:30:49.541 [info] > git status -z -uall [3ms]
2023-09-18 14:30:57.077 [info] > git show --textconv :views/Homepage/blogSection.ejs [7ms]
2023-09-18 14:30:57.079 [info] > git ls-files --stage -- /home/abhi/projects/infinity-digital-agency-website/views/Homepage/blogSection.ejs [1ms]
2023-09-18 14:30:57.086 [info] > git cat-file -s be9a27faec620ea2e5464806e1914ae156cfdabe [1ms]
2023-09-18 14:30:57.334 [info] > git check-ignore -v -z --stdin [2ms]
2023-09-18 14:33:08.916 [info] > git config --get commit.template [8ms]
2023-09-18 14:33:08.917 [info] > git for-each-ref --format=%(refname)%00%(upstream:short)%00%(objectname)%00%(upstream:track)%00%(upstream:remotename)%00%(upstream:remoteref) refs/heads/ida-frontend refs/remotes/ida-frontend [2ms]
2023-09-18 14:33:08.925 [info] > git status -z -uall [2ms]
2023-09-18 14:33:10.683 [info] > git check-ignore -v -z --stdin [1ms]
2023-09-18 14:33:14.526 [info] > git check-ignore -v -z --stdin [1ms]
2023-09-18 14:33:16.306 [info] > git check-ignore -v -z --stdin [1ms]
2023-09-18 14:33:17.800 [info] > git show --textconv :public/js/threejs/three.min.js [72ms]
2023-09-18 14:33:17.801 [info] > git ls-files --stage -- /home/abhi/projects/infinity-digital-agency-website/public/js/threejs/three.min.js [62ms]
2023-09-18 14:33:17.824 [info] > git cat-file -s 1eac674b563beaf98c8de61b453f6ae6ce64d370 [16ms]
2023-09-18 14:33:22.510 [info] > git show --textconv :public/js/globAnimation.js [8ms]
2023-09-18 14:33:22.510 [info] > git ls-files --stage -- /home/abhi/projects/infinity-digital-agency-website/public/js/globAnimation.js [1ms]
2023-09-18 14:33:22.518 [info] > git cat-file -s a721fec0836c786f2811107cedc53792d839e49d [1ms]
2023-09-18 14:36:18.006 [info] > git config --get commit.template [7ms]
2023-09-18 14:36:18.006 [info] > git for-each-ref --format=%(refname)%00%(upstream:short)%00%(objectname)%00%(upstream:track)%00%(upstream:remotename)%00%(upstream:remoteref) refs/heads/ida-frontend refs/remotes/ida-frontend [1ms]
2023-09-18 14:36:18.013 [info] > git status -z -uall [1ms]
2023-09-18 14:39:19.153 [info] > git check-ignore -v -z --stdin [1ms]
2023-09-18 14:39:24.915 [info] > git show --textconv :views/index.ejs [8ms]
2023-09-18 14:39:24.916 [info] > git ls-files --stage -- /home/abhi/projects/infinity-digital-agency-website/views/index.ejs [1ms]
2023-09-18 14:39:24.924 [info] > git cat-file -s 69658fd3048aad43a436e319d84fa6b123d6c402 [1ms]
2023-09-18 14:39:26.548 [info] > git show --textconv :views/header.ejs [10ms]
2023-09-18 14:39:26.549 [info] > git ls-files --stage -- /home/abhi/projects/infinity-digital-agency-website/views/header.ejs [2ms]
2023-09-18 14:39:26.559 [info] > git cat-file -s 0cac91d236c1fbc919eadf65cbd37d49de5ce53b [1ms]
2023-09-18 14:39:36.205 [info] > git show --textconv :views/Homepage/workSection.ejs [9ms]
2023-09-18 14:39:36.206 [info] > git ls-files --stage -- /home/abhi/projects/infinity-digital-agency-website/views/Homepage/workSection.ejs [2ms]
2023-09-18 14:39:36.214 [info] > git cat-file -s ac2ba39eaa95993538fbf7c9fbc0da75e92a5f6f [1ms]
2023-09-18 14:40:40.723 [info] > git show --textconv :public/js/index.js [9ms]
2023-09-18 14:40:40.724 [info] > git ls-files --stage -- /home/abhi/projects/infinity-digital-agency-website/public/js/index.js [2ms]
2023-09-18 14:40:40.733 [info] > git cat-file -s c87f4ba81825a9f8cff0a3331f8e30e6463aa987 [2ms]
2023-09-18 14:41:56.012 [info] > git show --textconv :views/Homepage/heroSection.ejs [13ms]
2023-09-18 14:41:56.013 [info] > git ls-files --stage -- /home/abhi/projects/infinity-digital-agency-website/views/Homepage/heroSection.ejs [2ms]
2023-09-18 14:41:56.024 [info] > git cat-file -s f04bc25592182353b04c57a4d4c4473ed80c97c4 [1ms]
2023-09-18 14:42:03.615 [info] > git config --get commit.template [11ms]
2023-09-18 14:42:03.616 [info] > git for-each-ref --format=%(refname)%00%(upstream:short)%00%(objectname)%00%(upstream:track)%00%(upstream:remotename)%00%(upstream:remoteref) refs/heads/ida-frontend refs/remotes/ida-frontend [1ms]
2023-09-18 14:42:03.627 [info] > git status -z -uall [2ms]
2023-09-18 14:44:06.558 [info] > git config --get commit.template [13ms]
2023-09-18 14:44:06.562 [info] > git for-each-ref --format=%(refname)%00%(upstream:short)%00%(objectname)%00%(upstream:track)%00%(upstream:remotename)%00%(upstream:remoteref) refs/heads/ida-frontend refs/remotes/ida-frontend [4ms]
2023-09-18 14:44:06.579 [info] > git status -z -uall [6ms]
2023-09-18 14:45:53.942 [info] > git config --get commit.template [14ms]
2023-09-18 14:45:53.943 [info] > git for-each-ref --format=%(refname)%00%(upstream:short)%00%(objectname)%00%(upstream:track)%00%(upstream:remotename)%00%(upstream:remoteref) refs/heads/ida-frontend refs/remotes/ida-frontend [1ms]
2023-09-18 14:45:53.960 [info] > git status -z -uall [4ms]
2023-09-18 14:54:04.497 [info] > git show --textconv :views/Homepage/servicesSection.ejs [10ms]
2023-09-18 14:54:04.498 [info] > git ls-files --stage -- /home/abhi/projects/infinity-digital-agency-website/views/Homepage/servicesSection.ejs [2ms]
2023-09-18 14:54:04.507 [info] > git cat-file -s db8c8d4cc89a4605f83932f158f49a050e83c253 [1ms]
2023-09-18 14:54:06.770 [info] > git ls-files --stage -- /home/abhi/projects/infinity-digital-agency-website/views/Homepage/testimonialSection.ejs [1ms]
2023-09-18 14:54:06.777 [info] > git show --textconv :views/Homepage/testimonialSection.ejs [16ms]
2023-09-18 14:54:06.778 [info] > git cat-file -s 9a22618f49281a80c7c5f04ce27893a84a61f0f7 [1ms]
2023-09-18 14:54:22.728 [info] > git config --get commit.template [3ms]
2023-09-18 14:54:22.748 [info] > git for-each-ref --format=%(refname)%00%(upstream:short)%00%(objectname)%00%(upstream:track)%00%(upstream:remotename)%00%(upstream:remoteref) refs/heads/ida-frontend refs/remotes/ida-frontend [10ms]
2023-09-18 14:54:22.764 [info] > git status -z -uall [7ms]
2023-09-18 14:54:27.779 [info] > git config --get commit.template [1ms]
2023-09-18 14:54:27.793 [info] > git for-each-ref --format=%(refname)%00%(upstream:short)%00%(objectname)%00%(upstream:track)%00%(upstream:remotename)%00%(upstream:remoteref) refs/heads/ida-frontend refs/remotes/ida-frontend [2ms]
2023-09-18 14:54:27.803 [info] > git status -z -uall [2ms]
2023-09-18 14:54:32.824 [info] > git config --get commit.template [8ms]
2023-09-18 14:54:32.824 [info] > git for-each-ref --format=%(refname)%00%(upstream:short)%00%(objectname)%00%(upstream:track)%00%(upstream:remotename)%00%(upstream:remoteref) refs/heads/ida-frontend refs/remotes/ida-frontend [1ms]
2023-09-18 14:54:32.834 [info] > git status -z -uall [2ms]
2023-09-18 14:55:47.420 [info] > git config --get commit.template [7ms]
2023-09-18 14:55:47.421 [info] > git for-each-ref --format=%(refname)%00%(upstream:short)%00%(objectname)%00%(upstream:track)%00%(upstream:remotename)%00%(upstream:remoteref) refs/heads/ida-frontend refs/remotes/ida-frontend [1ms]
2023-09-18 14:55:47.429 [info] > git status -z -uall [2ms]
2023-09-18 14:59:30.727 [info] > git show --textconv :views/Homepage/workSection.ejs [11ms]
2023-09-18 14:59:30.727 [info] > git ls-files --stage -- /home/abhi/projects/infinity-digital-agency-website/views/Homepage/workSection.ejs [3ms]
2023-09-18 14:59:30.736 [info] > git cat-file -s ac2ba39eaa95993538fbf7c9fbc0da75e92a5f6f [1ms]
2023-09-18 15:00:08.297 [info] > git ls-files --stage -- /home/abhi/projects/infinity-digital-agency-website/views/Component/cardWork.ejs [1ms]
2023-09-18 15:00:08.305 [info] > git show --textconv :views/Component/cardWork.ejs [19ms]
2023-09-18 15:00:08.305 [info] > git cat-file -s c48ab9aa7242b84c5ded4704d2cdc7b2f2cc5cbf [1ms]
2023-09-18 15:04:06.837 [info] > git config --get commit.template [14ms]
2023-09-18 15:04:06.837 [info] > git for-each-ref --format=%(refname)%00%(upstream:short)%00%(objectname)%00%(upstream:track)%00%(upstream:remotename)%00%(upstream:remoteref) refs/heads/ida-frontend refs/remotes/ida-frontend [1ms]
2023-09-18 15:04:06.853 [info] > git status -z -uall [2ms]
2023-09-18 15:04:27.549 [info] > git config --get commit.template [15ms]
2023-09-18 15:04:27.550 [info] > git for-each-ref --format=%(refname)%00%(upstream:short)%00%(objectname)%00%(upstream:track)%00%(upstream:remotename)%00%(upstream:remoteref) refs/heads/ida-frontend refs/remotes/ida-frontend [2ms]
2023-09-18 15:04:27.566 [info] > git status -z -uall [2ms]
2023-09-18 15:04:42.195 [info] > git config --get commit.template [11ms]
2023-09-18 15:04:42.196 [info] > git for-each-ref --format=%(refname)%00%(upstream:short)%00%(objectname)%00%(upstream:track)%00%(upstream:remotename)%00%(upstream:remoteref) refs/heads/ida-frontend refs/remotes/ida-frontend [2ms]
2023-09-18 15:04:42.206 [info] > git status -z -uall [1ms]
2023-09-18 15:04:47.232 [info] > git config --get commit.template [10ms]
2023-09-18 15:04:47.233 [info] > git for-each-ref --format=%(refname)%00%(upstream:short)%00%(objectname)%00%(upstream:track)%00%(upstream:remotename)%00%(upstream:remoteref) refs/heads/ida-frontend refs/remotes/ida-frontend [1ms]
2023-09-18 15:04:47.241 [info] > git status -z -uall [1ms]
2023-09-18 15:05:20.302 [info] > git config --get commit.template [9ms]
2023-09-18 15:05:20.302 [info] > git for-each-ref --format=%(refname)%00%(upstream:short)%00%(objectname)%00%(upstream:track)%00%(upstream:remotename)%00%(upstream:remoteref) refs/heads/ida-frontend refs/remotes/ida-frontend [1ms]
2023-09-18 15:05:20.312 [info] > git status -z -uall [2ms]
2023-09-18 15:05:31.319 [info] > git config --get commit.template [16ms]
2023-09-18 15:05:31.319 [info] > git for-each-ref --format=%(refname)%00%(upstream:short)%00%(objectname)%00%(upstream:track)%00%(upstream:remotename)%00%(upstream:remoteref) refs/heads/ida-frontend refs/remotes/ida-frontend [1ms]
2023-09-18 15:05:31.333 [info] > git status -z -uall [2ms]
2023-09-18 15:05:37.531 [info] > git config --get commit.template [15ms]
2023-09-18 15:05:37.532 [info] > git for-each-ref --format=%(refname)%00%(upstream:short)%00%(objectname)%00%(upstream:track)%00%(upstream:remotename)%00%(upstream:remoteref) refs/heads/ida-frontend refs/remotes/ida-frontend [2ms]
2023-09-18 15:05:37.543 [info] > git status -z -uall [1ms]
2023-09-18 15:05:42.568 [info] > git config --get commit.template [13ms]
2023-09-18 15:05:42.568 [info] > git for-each-ref --format=%(refname)%00%(upstream:short)%00%(objectname)%00%(upstream:track)%00%(upstream:remotename)%00%(upstream:remoteref) refs/heads/ida-frontend refs/remotes/ida-frontend [1ms]
2023-09-18 15:05:42.581 [info] > git status -z -uall [2ms]
2023-09-18 15:05:49.744 [info] > git config --get commit.template [1ms]
2023-09-18 15:05:49.752 [info] > git for-each-ref --format=%(refname)%00%(upstream:short)%00%(objectname)%00%(upstream:track)%00%(upstream:remotename)%00%(upstream:remoteref) refs/heads/ida-frontend refs/remotes/ida-frontend [1ms]
2023-09-18 15:05:49.761 [info] > git status -z -uall [2ms]
2023-09-18 15:06:07.935 [info] > git config --get commit.template [17ms]
2023-09-18 15:06:07.936 [info] > git for-each-ref --format=%(refname)%00%(upstream:short)%00%(objectname)%00%(upstream:track)%00%(upstream:remotename)%00%(upstream:remoteref) refs/heads/ida-frontend refs/remotes/ida-frontend [2ms]
2023-09-18 15:06:07.952 [info] > git status -z -uall [2ms]
2023-09-18 15:06:54.805 [info] > git config --get commit.template [10ms]
2023-09-18 15:06:54.806 [info] > git for-each-ref --format=%(refname)%00%(upstream:short)%00%(objectname)%00%(upstream:track)%00%(upstream:remotename)%00%(upstream:remoteref) refs/heads/ida-frontend refs/remotes/ida-frontend [1ms]
2023-09-18 15:06:54.814 [info] > git status -z -uall [2ms]
2023-09-18 15:07:13.419 [info] > git config --get commit.template [10ms]
2023-09-18 15:07:13.420 [info] > git for-each-ref --format=%(refname)%00%(upstream:short)%00%(objectname)%00%(upstream:track)%00%(upstream:remotename)%00%(upstream:remoteref) refs/heads/ida-frontend refs/remotes/ida-frontend [2ms]
2023-09-18 15:07:13.428 [info] > git status -z -uall [2ms]
2023-09-18 15:09:02.938 [info] > git config --get commit.template [14ms]
2023-09-18 15:09:02.938 [info] > git for-each-ref --format=%(refname)%00%(upstream:short)%00%(objectname)%00%(upstream:track)%00%(upstream:remotename)%00%(upstream:remoteref) refs/heads/ida-frontend refs/remotes/ida-frontend [1ms]
2023-09-18 15:09:02.949 [info] > git status -z -uall [2ms]
2023-09-18 15:09:07.971 [info] > git config --get commit.template [10ms]
2023-09-18 15:09:07.971 [info] > git for-each-ref --format=%(refname)%00%(upstream:short)%00%(objectname)%00%(upstream:track)%00%(upstream:remotename)%00%(upstream:remoteref) refs/heads/ida-frontend refs/remotes/ida-frontend [1ms]
2023-09-18 15:09:07.981 [info] > git status -z -uall [2ms]
2023-09-18 15:09:13.496 [info] > git config --get commit.template [16ms]
2023-09-18 15:09:13.496 [info] > git for-each-ref --format=%(refname)%00%(upstream:short)%00%(objectname)%00%(upstream:track)%00%(upstream:remotename)%00%(upstream:remoteref) refs/heads/ida-frontend refs/remotes/ida-frontend [1ms]
2023-09-18 15:09:13.514 [info] > git status -z -uall [3ms]
2023-09-18 15:09:36.976 [info] > git config --get commit.template [17ms]
2023-09-18 15:09:36.978 [info] > git for-each-ref --format=%(refname)%00%(upstream:short)%00%(objectname)%00%(upstream:track)%00%(upstream:remotename)%00%(upstream:remoteref) refs/heads/ida-frontend refs/remotes/ida-frontend [3ms]
2023-09-18 15:09:36.989 [info] > git status -z -uall [2ms]
2023-09-18 15:09:48.173 [info] > git config --get commit.template [9ms]
2023-09-18 15:09:48.174 [info] > git for-each-ref --format=%(refname)%00%(upstream:short)%00%(objectname)%00%(upstream:track)%00%(upstream:remotename)%00%(upstream:remoteref) refs/heads/ida-frontend refs/remotes/ida-frontend [2ms]
2023-09-18 15:09:48.190 [info] > git status -z -uall [3ms]
2023-09-18 15:09:53.621 [info] > git config --get commit.template [8ms]
2023-09-18 15:09:53.621 [info] > git for-each-ref --format=%(refname)%00%(upstream:short)%00%(objectname)%00%(upstream:track)%00%(upstream:remotename)%00%(upstream:remoteref) refs/heads/ida-frontend refs/remotes/ida-frontend [1ms]
2023-09-18 15:09:53.630 [info] > git status -z -uall [2ms]
2023-09-18 15:10:26.697 [info] > git config --get commit.template [12ms]
2023-09-18 15:10:26.697 [info] > git for-each-ref --format=%(refname)%00%(upstream:short)%00%(objectname)%00%(upstream:track)%00%(upstream:remotename)%00%(upstream:remoteref) refs/heads/ida-frontend refs/remotes/ida-frontend [1ms]
2023-09-18 15:10:26.711 [info] > git status -z -uall [2ms]
2023-09-18 15:10:48.295 [info] > git config --get commit.template [13ms]
2023-09-18 15:10:48.295 [info] > git for-each-ref --format=%(refname)%00%(upstream:short)%00%(objectname)%00%(upstream:track)%00%(upstream:remotename)%00%(upstream:remoteref) refs/heads/ida-frontend refs/remotes/ida-frontend [1ms]
2023-09-18 15:10:48.308 [info] > git status -z -uall [2ms]
2023-09-18 15:10:56.276 [info] > git config --get commit.template [8ms]
2023-09-18 15:10:56.277 [info] > git for-each-ref --format=%(refname)%00%(upstream:short)%00%(objectname)%00%(upstream:track)%00%(upstream:remotename)%00%(upstream:remoteref) refs/heads/ida-frontend refs/remotes/ida-frontend [2ms]
2023-09-18 15:10:56.291 [info] > git status -z -uall [3ms]
2023-09-18 15:11:05.614 [info] > git config --get commit.template [10ms]
2023-09-18 15:11:05.615 [info] > git for-each-ref --format=%(refname)%00%(upstream:short)%00%(objectname)%00%(upstream:track)%00%(upstream:remotename)%00%(upstream:remoteref) refs/heads/ida-frontend refs/remotes/ida-frontend [2ms]
2023-09-18 15:11:05.625 [info] > git status -z -uall [2ms]
2023-09-18 15:13:44.314 [info] > git config --get commit.template [18ms]
2023-09-18 15:13:44.315 [info] > git for-each-ref --format=%(refname)%00%(upstream:short)%00%(objectname)%00%(upstream:track)%00%(upstream:remotename)%00%(upstream:remoteref) refs/heads/ida-frontend refs/remotes/ida-frontend [3ms]
2023-09-18 15:13:44.331 [info] > git status -z -uall [2ms]
2023-09-18 15:13:54.203 [info] > git config --get commit.template [12ms]
2023-09-18 15:13:54.204 [info] > git for-each-ref --format=%(refname)%00%(upstream:short)%00%(objectname)%00%(upstream:track)%00%(upstream:remotename)%00%(upstream:remoteref) refs/heads/ida-frontend refs/remotes/ida-frontend [2ms]
2023-09-18 15:13:54.218 [info] > git status -z -uall [3ms]
2023-09-18 15:14:12.450 [info] > git config --get commit.template [11ms]
2023-09-18 15:14:12.450 [info] > git for-each-ref --format=%(refname)%00%(upstream:short)%00%(objectname)%00%(upstream:track)%00%(upstream:remotename)%00%(upstream:remoteref) refs/heads/ida-frontend refs/remotes/ida-frontend [1ms]
2023-09-18 15:14:12.466 [info] > git status -z -uall [3ms]
2023-09-18 15:14:19.681 [info] > git config --get commit.template [13ms]
2023-09-18 15:14:19.681 [info] > git for-each-ref --format=%(refname)%00%(upstream:short)%00%(objectname)%00%(upstream:track)%00%(upstream:remotename)%00%(upstream:remoteref) refs/heads/ida-frontend refs/remotes/ida-frontend [1ms]
2023-09-18 15:14:19.695 [info] > git status -z -uall [2ms]
2023-09-18 15:32:40.020 [info] > git show --textconv :public/css/style.css [11ms]
2023-09-18 15:32:40.022 [info] > git ls-files --stage -- /home/abhi/projects/infinity-digital-agency-website/public/css/style.css [3ms]
2023-09-18 15:32:40.032 [info] > git cat-file -s 588465a1e68c744e618c0798f91d6f4c54e6957b [2ms]
2023-09-18 15:32:48.272 [info] > git show --textconv :package.json [7ms]
2023-09-18 15:32:48.273 [info] > git ls-files --stage -- /home/abhi/projects/infinity-digital-agency-website/package.json [1ms]
2023-09-18 15:32:48.281 [info] > git cat-file -s 4bc4cf6923f93069545bbf6ddf029a4947add0d4 [1ms]
2023-09-18 15:32:51.355 [info] > git show --textconv :views/style.css [8ms]
2023-09-18 15:32:51.356 [info] > git ls-files --stage -- /home/abhi/projects/infinity-digital-agency-website/views/style.css [1ms]
2023-09-18 15:32:51.364 [info] > git cat-file -s da6a3c32b5b7d6bad6a465740a6f7cd740e53ca5 [2ms]
2023-09-18 15:33:03.301 [info] > git show --textconv :package.json [10ms]
2023-09-18 15:33:03.302 [info] > git ls-files --stage -- /home/abhi/projects/infinity-digital-agency-website/package.json [1ms]
2023-09-18 15:33:03.312 [info] > git cat-file -s 4bc4cf6923f93069545bbf6ddf029a4947add0d4 [1ms]
2023-09-18 15:34:19.565 [info] > git config --get commit.template [11ms]
2023-09-18 15:34:19.566 [info] > git for-each-ref --format=%(refname)%00%(upstream:short)%00%(objectname)%00%(upstream:track)%00%(upstream:remotename)%00%(upstream:remoteref) refs/heads/ida-frontend refs/remotes/ida-frontend [1ms]
2023-09-18 15:34:19.577 [info] > git status -z -uall [2ms]
2023-09-18 15:34:35.813 [info] > git show --textconv :tailwind.config.js [9ms]
2023-09-18 15:34:35.813 [info] > git ls-files --stage -- /home/abhi/projects/infinity-digital-agency-website/tailwind.config.js [1ms]
2023-09-18 15:34:35.823 [info] > git cat-file -s e35d2665d27481236eb133a2d9cfa1ef8e8e9b2f [1ms]
2023-09-18 15:34:36.759 [info] > git show --textconv :README.md [11ms]
2023-09-18 15:34:36.760 [info] > git ls-files --stage -- /home/abhi/projects/infinity-digital-agency-website/README.md [2ms]
2023-09-18 15:34:36.782 [info] > git cat-file -s 00a13b112ad2bb1058f0581d956e7605f0b8bda0 [13ms]
2023-09-18 15:34:37.077 [info] > git show --textconv :package.json [9ms]
2023-09-18 15:34:37.078 [info] > git ls-files --stage -- /home/abhi/projects/infinity-digital-agency-website/package.json [2ms]
2023-09-18 15:34:37.087 [info] > git cat-file -s 4bc4cf6923f93069545bbf6ddf029a4947add0d4 [1ms]
2023-09-18 15:34:38.331 [info] > git show --textconv :package-lock.json [10ms]
2023-09-18 15:34:38.332 [info] > git ls-files --stage -- /home/abhi/projects/infinity-digital-agency-website/package-lock.json [2ms]
2023-09-18 15:34:38.343 [info] > git cat-file -s 569c2c7530b8029e8391589e603823266c613164 [1ms]
2023-09-18 15:34:55.129 [info] > git show --textconv :tailwind.config.js [10ms]
2023-09-18 15:34:55.130 [info] > git ls-files --stage -- /home/abhi/projects/infinity-digital-agency-website/tailwind.config.js [2ms]
2023-09-18 15:34:55.139 [info] > git cat-file -s e35d2665d27481236eb133a2d9cfa1ef8e8e9b2f [1ms]
2023-09-18 15:35:20.290 [info] > git config --get commit.template [11ms]
2023-09-18 15:35:20.291 [info] > git for-each-ref --format=%(refname)%00%(upstream:short)%00%(objectname)%00%(upstream:track)%00%(upstream:remotename)%00%(upstream:remoteref) refs/heads/ida-frontend refs/remotes/ida-frontend [1ms]
2023-09-18 15:35:20.303 [info] > git status -z -uall [2ms]
2023-09-18 15:35:30.682 [info] > git show --textconv :public/css/style.css [23ms]
2023-09-18 15:35:30.702 [info] > git ls-files --stage -- /home/abhi/projects/infinity-digital-agency-website/public/css/style.css [28ms]
2023-09-18 15:35:30.719 [info] > git cat-file -s 588465a1e68c744e618c0798f91d6f4c54e6957b [2ms]
2023-09-18 15:36:06.333 [info] > git show --textconv :views/button.ejs [10ms]
2023-09-18 15:36:06.335 [info] > git ls-files --stage -- /home/abhi/projects/infinity-digital-agency-website/views/button.ejs [1ms]
2023-09-18 15:36:06.350 [info] > git cat-file -s 2cd09a3c13774aa251d1ecb33c14a5c690d48019 [2ms]
2023-09-18 15:36:06.923 [info] > git show --textconv :views/demo.ejs [19ms]
2023-09-18 15:36:06.925 [info] > git ls-files --stage -- /home/abhi/projects/infinity-digital-agency-website/views/demo.ejs [4ms]
2023-09-18 15:36:06.945 [info] > git cat-file -s 7c7dfc1ae6e80e73818acffb02bce75665b0cb5f [3ms]
2023-09-18 15:36:07.424 [info] > git show --textconv :views/footer.ejs [19ms]
2023-09-18 15:36:07.426 [info] > git ls-files --stage -- /home/abhi/projects/infinity-digital-agency-website/views/footer.ejs [2ms]
2023-09-18 15:36:07.441 [info] > git cat-file -s 1ab683b1bbeb5c42e4a95320842df442d864a81e [2ms]
2023-09-18 15:36:08.357 [info] > git show --textconv :views/header.ejs [12ms]
2023-09-18 15:36:08.359 [info] > git ls-files --stage -- /home/abhi/projects/infinity-digital-agency-website/views/header.ejs [3ms]
2023-09-18 15:36:08.373 [info] > git cat-file -s 0cac91d236c1fbc919eadf65cbd37d49de5ce53b [2ms]
2023-09-18 15:36:08.738 [info] > git show --textconv :views/index.ejs [8ms]
2023-09-18 15:36:08.739 [info] > git ls-files --stage -- /home/abhi/projects/infinity-digital-agency-website/views/index.ejs [1ms]
2023-09-18 15:36:08.753 [info] > git cat-file -s 69658fd3048aad43a436e319d84fa6b123d6c402 [1ms]
2023-09-18 15:36:18.981 [info] > git show --textconv :views/Homepage/heroSection.ejs [10ms]
2023-09-18 15:36:18.982 [info] > git ls-files --stage -- /home/abhi/projects/infinity-digital-agency-website/views/Homepage/heroSection.ejs [1ms]
2023-09-18 15:36:18.992 [info] > git cat-file -s f04bc25592182353b04c57a4d4c4473ed80c97c4 [2ms]
2023-09-18 15:37:58.959 [info] > git config --get commit.template [3ms]
2023-09-18 15:37:58.974 [info] > git for-each-ref --format=%(refname)%00%(upstream:short)%00%(objectname)%00%(upstream:track)%00%(upstream:remotename)%00%(upstream:remoteref) refs/heads/ida-frontend refs/remotes/ida-frontend [2ms]
2023-09-18 15:37:58.990 [info] > git status -z -uall [2ms]
2023-09-18 15:41:02.676 [info] > git config --get commit.template [9ms]
2023-09-18 15:41:02.676 [info] > git for-each-ref --format=%(refname)%00%(upstream:short)%00%(objectname)%00%(upstream:track)%00%(upstream:remotename)%00%(upstream:remoteref) refs/heads/ida-frontend refs/remotes/ida-frontend [1ms]
2023-09-18 15:41:02.688 [info] > git status -z -uall [2ms]
2023-09-18 15:41:10.854 [info] > git config --get commit.template [10ms]
2023-09-18 15:41:10.854 [info] > git for-each-ref --format=%(refname)%00%(upstream:short)%00%(objectname)%00%(upstream:track)%00%(upstream:remotename)%00%(upstream:remoteref) refs/heads/ida-frontend refs/remotes/ida-frontend [1ms]
2023-09-18 15:41:10.866 [info] > git status -z -uall [2ms]
2023-09-18 15:41:18.535 [info] > git config --get commit.template [9ms]
2023-09-18 15:41:18.535 [info] > git for-each-ref --format=%(refname)%00%(upstream:short)%00%(objectname)%00%(upstream:track)%00%(upstream:remotename)%00%(upstream:remoteref) refs/heads/ida-frontend refs/remotes/ida-frontend [1ms]
2023-09-18 15:41:18.545 [info] > git status -z -uall [1ms]
2023-09-18 15:43:26.203 [info] > git config --get commit.template [11ms]
2023-09-18 15:43:26.204 [info] > git for-each-ref --format=%(refname)%00%(upstream:short)%00%(objectname)%00%(upstream:track)%00%(upstream:remotename)%00%(upstream:remoteref) refs/heads/ida-frontend refs/remotes/ida-frontend [1ms]
2023-09-18 15:43:26.217 [info] > git status -z -uall [2ms]
2023-09-18 15:43:42.480 [info] > git config --get commit.template [1ms]
2023-09-18 15:43:42.492 [info] > git for-each-ref --format=%(refname)%00%(upstream:short)%00%(objectname)%00%(upstream:track)%00%(upstream:remotename)%00%(upstream:remoteref) refs/heads/ida-frontend refs/remotes/ida-frontend [1ms]
2023-09-18 15:43:42.503 [info] > git status -z -uall [2ms]
2023-09-18 15:44:00.917 [info] > git config --get commit.template [10ms]
2023-09-18 15:44:00.918 [info] > git for-each-ref --format=%(refname)%00%(upstream:short)%00%(objectname)%00%(upstream:track)%00%(upstream:remotename)%00%(upstream:remoteref) refs/heads/ida-frontend refs/remotes/ida-frontend [1ms]
2023-09-18 15:44:00.929 [info] > git status -z -uall [2ms]
2023-09-18 15:44:05.957 [info] > git config --get commit.template [12ms]
2023-09-18 15:44:05.958 [info] > git for-each-ref --format=%(refname)%00%(upstream:short)%00%(objectname)%00%(upstream:track)%00%(upstream:remotename)%00%(upstream:remoteref) refs/heads/ida-frontend refs/remotes/ida-frontend [1ms]
2023-09-18 15:44:05.970 [info] > git status -z -uall [2ms]
2023-09-18 15:44:10.998 [info] > git config --get commit.template [12ms]
2023-09-18 15:44:10.998 [info] > git for-each-ref --format=%(refname)%00%(upstream:short)%00%(objectname)%00%(upstream:track)%00%(upstream:remotename)%00%(upstream:remoteref) refs/heads/ida-frontend refs/remotes/ida-frontend [1ms]
2023-09-18 15:44:11.011 [info] > git status -z -uall [3ms]
2023-09-18 16:10:15.460 [info] > git config --get commit.template [15ms]
2023-09-18 16:10:15.460 [info] > git for-each-ref --format=%(refname)%00%(upstream:short)%00%(objectname)%00%(upstream:track)%00%(upstream:remotename)%00%(upstream:remoteref) refs/heads/ida-frontend refs/remotes/ida-frontend [2ms]
2023-09-18 16:10:15.478 [info] > git status -z -uall [2ms]
2023-09-18 16:10:20.738 [info] > git config --get commit.template [8ms]
2023-09-18 16:10:20.739 [info] > git for-each-ref --format=%(refname)%00%(upstream:short)%00%(objectname)%00%(upstream:track)%00%(upstream:remotename)%00%(upstream:remoteref) refs/heads/ida-frontend refs/remotes/ida-frontend [1ms]
2023-09-18 16:10:20.748 [info] > git status -z -uall [2ms]
2023-09-18 17:14:33.281 [info] > git config --get commit.template [13ms]
2023-09-18 17:14:33.282 [info] > git for-each-ref --format=%(refname)%00%(upstream:short)%00%(objectname)%00%(upstream:track)%00%(upstream:remotename)%00%(upstream:remoteref) refs/heads/ida-frontend refs/remotes/ida-frontend [1ms]
2023-09-18 17:14:33.296 [info] > git status -z -uall [2ms]
2023-09-18 17:23:11.306 [info] > git config --get commit.template [12ms]
2023-09-18 17:23:11.307 [info] > git for-each-ref --format=%(refname)%00%(upstream:short)%00%(objectname)%00%(upstream:track)%00%(upstream:remotename)%00%(upstream:remoteref) refs/heads/ida-frontend refs/remotes/ida-frontend [2ms]
2023-09-18 17:23:11.322 [info] > git status -z -uall [4ms]
