2023-09-17 15:36:19.216 [info] Added views:workbench.panel.markers.view in workbench.panel.markers
2023-09-17 15:36:19.216 [info] Added views:workbench.panel.output in workbench.panel.output
2023-09-17 15:36:19.216 [info] Added views:terminal in terminal
2023-09-17 15:36:19.216 [info] Added views:outline in workbench.view.explorer
2023-09-17 15:36:19.216 [info] Added views:workbench.scm in workbench.view.scm
2023-09-17 15:36:19.216 [info] Added views:workbench.view.search in workbench.view.search
2023-09-17 15:36:19.216 [info] Added views:timeline in workbench.view.explorer
2023-09-17 15:36:19.216 [info] Added views:workbench.explorer.fileView in workbench.view.explorer
2023-09-17 15:36:19.439 [info] Added views:workbench.debug.welcome in workbench.view.debug
2023-09-17 15:36:19.488 [info] Added views:~remote.forwardedPorts in ~remote.forwardedPortsContainer
2023-09-17 15:36:19.599 [info] Added views:workbench.panel.repl.view in workbench.panel.repl
2023-09-17 15:36:29.668 [info] Added views:workbench.panel.markers.view in workbench.panel.markers
2023-09-17 15:36:29.668 [info] Added views:workbench.panel.output in workbench.panel.output
2023-09-17 15:36:29.668 [info] Added views:terminal in terminal
2023-09-17 15:36:29.668 [info] Added views:outline in workbench.view.explorer
2023-09-17 15:36:29.668 [info] Added views:workbench.scm in workbench.view.scm
2023-09-17 15:36:29.668 [info] Added views:workbench.view.search in workbench.view.search
2023-09-17 15:36:29.668 [info] Added views:timeline in workbench.view.explorer
2023-09-17 15:36:29.668 [info] Added views:workbench.explorer.fileView in workbench.view.explorer
2023-09-17 15:36:29.836 [info] Added views:workbench.debug.welcome in workbench.view.debug
2023-09-17 15:36:30.133 [info] Added views:workbench.panel.repl.view in workbench.panel.repl
2023-09-17 15:36:30.578 [info] Added views:~remote.forwardedPorts in ~remote.forwardedPortsContainer
2023-09-17 15:36:35.365 [info] Added views:workbench.panel.markers.view in workbench.panel.markers
2023-09-17 15:36:35.365 [info] Added views:workbench.panel.output in workbench.panel.output
2023-09-17 15:36:35.365 [info] Added views:terminal in terminal
2023-09-17 15:36:35.365 [info] Added views:outline in workbench.view.explorer
2023-09-17 15:36:35.365 [info] Added views:workbench.scm in workbench.view.scm
2023-09-17 15:36:35.365 [info] Added views:workbench.view.search in workbench.view.search
2023-09-17 15:36:35.365 [info] Added views:timeline in workbench.view.explorer
2023-09-17 15:36:35.365 [info] Added views:workbench.explorer.fileView in workbench.view.explorer
2023-09-17 15:36:35.471 [info] Added views:workbench.debug.welcome in workbench.view.debug
2023-09-17 15:36:35.751 [info] Added views:workbench.panel.repl.view in workbench.panel.repl
2023-09-17 15:36:35.930 [info] Added views:~remote.forwardedPorts in ~remote.forwardedPortsContainer
