2023-09-17 15:36:19.759 [info] Log level: Info
2023-09-17 15:36:19.759 [info] Validating found git in: "git"
2023-09-17 15:36:19.759 [info] Using git "2.42.0" from "git"
2023-09-17 15:36:19.759 [info] > git rev-parse --show-toplevel [3ms]
2023-09-17 15:36:19.759 [info] fatal: not a git repository (or any of the parent directories): .git
2023-09-17 15:36:19.759 [info] > git rev-parse --show-toplevel [49ms]
2023-09-17 15:36:19.759 [info] fatal: not a git repository (or any of the parent directories): .git
2023-09-17 15:36:19.761 [info] > git rev-parse --show-toplevel [4ms]
2023-09-17 15:36:19.761 [info] fatal: not a git repository (or any of the parent directories): .git
2023-09-17 15:36:30.780 [info] Log level: Info
2023-09-17 15:36:30.781 [info] Validating found git in: "git"
2023-09-17 15:36:30.781 [info] Using git "2.42.0" from "git"
2023-09-17 15:36:30.781 [info] > git rev-parse --show-toplevel [4ms]
2023-09-17 15:36:30.781 [info] fatal: not a git repository (or any of the parent directories): .git
2023-09-17 15:36:30.861 [info] > git rev-parse --show-toplevel [71ms]
2023-09-17 15:36:30.861 [info] fatal: not a git repository (or any of the parent directories): .git
2023-09-17 15:36:30.898 [info] > git rev-parse --show-toplevel [4ms]
2023-09-17 15:36:30.898 [info] fatal: not a git repository (or any of the parent directories): .git
2023-09-17 15:36:30.921 [info] > git rev-parse --show-toplevel [13ms]
2023-09-17 15:36:30.921 [info] fatal: not a git repository (or any of the parent directories): .git
2023-09-17 15:36:30.933 [info] > git rev-parse --show-toplevel [2ms]
2023-09-17 15:36:30.933 [info] fatal: not a git repository (or any of the parent directories): .git
2023-09-17 15:36:36.280 [info] Log level: Info
2023-09-17 15:36:36.280 [info] Validating found git in: "git"
2023-09-17 15:36:36.280 [info] Using git "2.42.0" from "git"
2023-09-17 15:36:36.285 [info] > git rev-parse --show-toplevel [13ms]
2023-09-17 15:36:36.300 [info] > git rev-parse --git-dir --git-common-dir [1ms]
2023-09-17 15:36:36.311 [info] Open repository: /home/abhi/projects/infinity-digital-agency-website
2023-09-17 15:36:36.330 [info] > git rev-parse --show-toplevel [3ms]
2023-09-17 15:36:36.331 [info] > git config --get commit.template [10ms]
2023-09-17 15:36:36.398 [info] > git for-each-ref --format=%(refname)%00%(upstream:short)%00%(objectname)%00%(upstream:track)%00%(upstream:remotename)%00%(upstream:remoteref) refs/heads/ida-frontend refs/remotes/ida-frontend [51ms]
2023-09-17 15:36:36.410 [info] > git rev-parse --show-toplevel [69ms]
2023-09-17 15:36:36.482 [info] > git status -z -uall [73ms]
2023-09-17 15:36:36.499 [info] > git rev-parse --show-toplevel [24ms]
2023-09-17 15:36:36.510 [info] > git config --get commit.template [12ms]
2023-09-17 15:36:36.512 [info] > git rev-parse --show-toplevel [4ms]
2023-09-17 15:36:36.534 [info] > git rev-parse --show-toplevel [1ms]
2023-09-17 15:36:36.535 [info] > git for-each-ref --format=%(refname)%00%(upstream:short)%00%(objectname)%00%(upstream:track)%00%(upstream:remotename)%00%(upstream:remoteref) refs/heads/ida-frontend refs/remotes/ida-frontend [8ms]
2023-09-17 15:36:36.549 [info] > git status -z -uall [8ms]
2023-09-17 15:36:36.562 [info] > git rev-parse --show-toplevel [14ms]
2023-09-17 15:36:36.842 [info] > git check-ignore -v -z --stdin [2ms]
2023-09-17 15:36:36.873 [info] > git show --textconv :views/Homepage/heroSection.ejs [9ms]
2023-09-17 15:36:36.875 [info] > git ls-files --stage -- /home/abhi/projects/infinity-digital-agency-website/views/Homepage/heroSection.ejs [3ms]
2023-09-17 15:36:36.884 [info] > git cat-file -s ad2612d1d5a8f6b3d5fb43633e49f9325a81a46b [2ms]
2023-09-17 15:36:46.378 [info] > git check-ignore -v -z --stdin [1ms]
2023-09-17 15:36:49.480 [info] > git check-ignore -v -z --stdin [1ms]
2023-09-17 15:36:50.042 [info] > git config --get commit.template [8ms]
2023-09-17 15:36:50.042 [info] > git for-each-ref --format=%(refname)%00%(upstream:short)%00%(objectname)%00%(upstream:track)%00%(upstream:remotename)%00%(upstream:remoteref) refs/heads/ida-frontend refs/remotes/ida-frontend [1ms]
2023-09-17 15:36:50.051 [info] > git status -z -uall [2ms]
2023-09-17 15:36:53.938 [info] > git check-ignore -v -z --stdin [1ms]
2023-09-17 15:36:55.067 [info] > git config --get commit.template [6ms]
2023-09-17 15:36:55.068 [info] > git for-each-ref --format=%(refname)%00%(upstream:short)%00%(objectname)%00%(upstream:track)%00%(upstream:remotename)%00%(upstream:remoteref) refs/heads/ida-frontend refs/remotes/ida-frontend [2ms]
2023-09-17 15:36:55.074 [info] > git status -z -uall [1ms]
2023-09-17 15:36:57.595 [info] > git check-ignore -v -z --stdin [1ms]
2023-09-17 15:37:00.095 [info] > git config --get commit.template [9ms]
2023-09-17 15:37:00.096 [info] > git for-each-ref --format=%(refname)%00%(upstream:short)%00%(objectname)%00%(upstream:track)%00%(upstream:remotename)%00%(upstream:remoteref) refs/heads/ida-frontend refs/remotes/ida-frontend [2ms]
2023-09-17 15:37:00.105 [info] > git status -z -uall [2ms]
2023-09-17 15:37:13.767 [info] > git config --get commit.template [1ms]
2023-09-17 15:37:13.776 [info] > git for-each-ref --format=%(refname)%00%(upstream:short)%00%(objectname)%00%(upstream:track)%00%(upstream:remotename)%00%(upstream:remoteref) refs/heads/ida-frontend refs/remotes/ida-frontend [2ms]
2023-09-17 15:37:13.787 [info] > git status -z -uall [2ms]
2023-09-17 15:37:16.038 [info] > git check-ignore -v -z --stdin [1ms]
2023-09-17 15:37:18.804 [info] > git config --get commit.template [5ms]
2023-09-17 15:37:18.805 [info] > git for-each-ref --format=%(refname)%00%(upstream:short)%00%(objectname)%00%(upstream:track)%00%(upstream:remotename)%00%(upstream:remoteref) refs/heads/ida-frontend refs/remotes/ida-frontend [1ms]
2023-09-17 15:37:18.811 [info] > git status -z -uall [2ms]
2023-09-17 15:37:30.710 [info] > git config --get commit.template [6ms]
2023-09-17 15:37:30.710 [info] > git for-each-ref --format=%(refname)%00%(upstream:short)%00%(objectname)%00%(upstream:track)%00%(upstream:remotename)%00%(upstream:remoteref) refs/heads/ida-frontend refs/remotes/ida-frontend [1ms]
2023-09-17 15:37:30.716 [info] > git status -z -uall [1ms]
2023-09-17 15:38:31.813 [info] > git check-ignore -v -z --stdin [2ms]
2023-09-17 15:39:03.706 [info] > git config --get commit.template [2ms]
2023-09-17 15:39:03.716 [info] > git for-each-ref --format=%(refname)%00%(upstream:short)%00%(objectname)%00%(upstream:track)%00%(upstream:remotename)%00%(upstream:remoteref) refs/heads/ida-frontend refs/remotes/ida-frontend [2ms]
2023-09-17 15:39:03.727 [info] > git status -z -uall [2ms]
2023-09-17 15:39:08.746 [info] > git config --get commit.template [7ms]
2023-09-17 15:39:08.747 [info] > git for-each-ref --format=%(refname)%00%(upstream:short)%00%(objectname)%00%(upstream:track)%00%(upstream:remotename)%00%(upstream:remoteref) refs/heads/ida-frontend refs/remotes/ida-frontend [1ms]
2023-09-17 15:39:08.755 [info] > git status -z -uall [2ms]
2023-09-17 15:39:24.264 [info] > git config --get commit.template [13ms]
2023-09-17 15:39:24.265 [info] > git for-each-ref --format=%(refname)%00%(upstream:short)%00%(objectname)%00%(upstream:track)%00%(upstream:remotename)%00%(upstream:remoteref) refs/heads/ida-frontend refs/remotes/ida-frontend [3ms]
2023-09-17 15:39:24.279 [info] > git status -z -uall [4ms]
2023-09-17 15:39:35.839 [info] > git config --get commit.template [1ms]
2023-09-17 15:39:35.852 [info] > git for-each-ref --format=%(refname)%00%(upstream:short)%00%(objectname)%00%(upstream:track)%00%(upstream:remotename)%00%(upstream:remoteref) refs/heads/ida-frontend refs/remotes/ida-frontend [1ms]
2023-09-17 15:39:35.867 [info] > git status -z -uall [3ms]
2023-09-17 15:39:44.138 [info] > git config --get commit.template [7ms]
2023-09-17 15:39:44.138 [info] > git for-each-ref --format=%(refname)%00%(upstream:short)%00%(objectname)%00%(upstream:track)%00%(upstream:remotename)%00%(upstream:remoteref) refs/heads/ida-frontend refs/remotes/ida-frontend [1ms]
2023-09-17 15:39:44.148 [info] > git status -z -uall [2ms]
2023-09-17 15:39:49.169 [info] > git config --get commit.template [8ms]
2023-09-17 15:39:49.170 [info] > git for-each-ref --format=%(refname)%00%(upstream:short)%00%(objectname)%00%(upstream:track)%00%(upstream:remotename)%00%(upstream:remoteref) refs/heads/ida-frontend refs/remotes/ida-frontend [1ms]
2023-09-17 15:39:49.180 [info] > git status -z -uall [2ms]
2023-09-17 15:39:59.727 [info] > git config --get commit.template [9ms]
2023-09-17 15:39:59.727 [info] > git for-each-ref --format=%(refname)%00%(upstream:short)%00%(objectname)%00%(upstream:track)%00%(upstream:remotename)%00%(upstream:remoteref) refs/heads/ida-frontend refs/remotes/ida-frontend [1ms]
2023-09-17 15:39:59.737 [info] > git status -z -uall [3ms]
2023-09-17 15:40:04.754 [info] > git config --get commit.template [7ms]
2023-09-17 15:40:04.755 [info] > git for-each-ref --format=%(refname)%00%(upstream:short)%00%(objectname)%00%(upstream:track)%00%(upstream:remotename)%00%(upstream:remoteref) refs/heads/ida-frontend refs/remotes/ida-frontend [1ms]
2023-09-17 15:40:04.763 [info] > git status -z -uall [2ms]
2023-09-17 15:40:09.781 [info] > git config --get commit.template [8ms]
2023-09-17 15:40:09.781 [info] > git for-each-ref --format=%(refname)%00%(upstream:short)%00%(objectname)%00%(upstream:track)%00%(upstream:remotename)%00%(upstream:remoteref) refs/heads/ida-frontend refs/remotes/ida-frontend [1ms]
2023-09-17 15:40:09.790 [info] > git status -z -uall [2ms]
2023-09-17 15:40:26.156 [info] > git config --get commit.template [6ms]
2023-09-17 15:40:26.165 [info] > git for-each-ref --format=%(refname)%00%(upstream:short)%00%(objectname)%00%(upstream:track)%00%(upstream:remotename)%00%(upstream:remoteref) refs/heads/ida-frontend refs/remotes/ida-frontend [1ms]
2023-09-17 15:40:26.177 [info] > git status -z -uall [3ms]
2023-09-17 15:41:07.334 [info] > git config --get commit.template [7ms]
2023-09-17 15:41:07.334 [info] > git for-each-ref --format=%(refname)%00%(upstream:short)%00%(objectname)%00%(upstream:track)%00%(upstream:remotename)%00%(upstream:remoteref) refs/heads/ida-frontend refs/remotes/ida-frontend [1ms]
2023-09-17 15:41:07.343 [info] > git status -z -uall [2ms]
2023-09-17 15:41:24.931 [info] > git config --get commit.template [7ms]
2023-09-17 15:41:24.931 [info] > git for-each-ref --format=%(refname)%00%(upstream:short)%00%(objectname)%00%(upstream:track)%00%(upstream:remotename)%00%(upstream:remoteref) refs/heads/ida-frontend refs/remotes/ida-frontend [1ms]
2023-09-17 15:41:24.940 [info] > git status -z -uall [2ms]
2023-09-17 15:41:29.954 [info] > git config --get commit.template [2ms]
2023-09-17 15:41:29.966 [info] > git for-each-ref --format=%(refname)%00%(upstream:short)%00%(objectname)%00%(upstream:track)%00%(upstream:remotename)%00%(upstream:remoteref) refs/heads/ida-frontend refs/remotes/ida-frontend [2ms]
2023-09-17 15:41:29.978 [info] > git status -z -uall [2ms]
2023-09-17 15:41:42.826 [info] > git config --get commit.template [13ms]
2023-09-17 15:41:42.827 [info] > git for-each-ref --format=%(refname)%00%(upstream:short)%00%(objectname)%00%(upstream:track)%00%(upstream:remotename)%00%(upstream:remoteref) refs/heads/ida-frontend refs/remotes/ida-frontend [2ms]
2023-09-17 15:41:42.841 [info] > git status -z -uall [2ms]
2023-09-17 15:41:47.872 [info] > git config --get commit.template [14ms]
2023-09-17 15:41:47.873 [info] > git for-each-ref --format=%(refname)%00%(upstream:short)%00%(objectname)%00%(upstream:track)%00%(upstream:remotename)%00%(upstream:remoteref) refs/heads/ida-frontend refs/remotes/ida-frontend [2ms]
2023-09-17 15:41:47.887 [info] > git status -z -uall [4ms]
2023-09-17 15:41:52.907 [info] > git config --get commit.template [9ms]
2023-09-17 15:41:52.907 [info] > git for-each-ref --format=%(refname)%00%(upstream:short)%00%(objectname)%00%(upstream:track)%00%(upstream:remotename)%00%(upstream:remoteref) refs/heads/ida-frontend refs/remotes/ida-frontend [1ms]
2023-09-17 15:41:52.916 [info] > git status -z -uall [1ms]
2023-09-17 15:41:57.944 [info] > git config --get commit.template [12ms]
2023-09-17 15:41:57.944 [info] > git for-each-ref --format=%(refname)%00%(upstream:short)%00%(objectname)%00%(upstream:track)%00%(upstream:remotename)%00%(upstream:remoteref) refs/heads/ida-frontend refs/remotes/ida-frontend [1ms]
2023-09-17 15:41:57.958 [info] > git status -z -uall [2ms]
2023-09-17 15:42:15.589 [info] > git config --get commit.template [11ms]
2023-09-17 15:42:15.590 [info] > git for-each-ref --format=%(refname)%00%(upstream:short)%00%(objectname)%00%(upstream:track)%00%(upstream:remotename)%00%(upstream:remoteref) refs/heads/ida-frontend refs/remotes/ida-frontend [2ms]
2023-09-17 15:42:15.601 [info] > git status -z -uall [2ms]
2023-09-17 15:42:25.854 [info] > git config --get commit.template [15ms]
2023-09-17 15:42:25.854 [info] > git for-each-ref --format=%(refname)%00%(upstream:short)%00%(objectname)%00%(upstream:track)%00%(upstream:remotename)%00%(upstream:remoteref) refs/heads/ida-frontend refs/remotes/ida-frontend [1ms]
2023-09-17 15:42:25.872 [info] > git status -z -uall [4ms]
2023-09-17 15:42:37.689 [info] > git config --get commit.template [8ms]
2023-09-17 15:42:37.690 [info] > git for-each-ref --format=%(refname)%00%(upstream:short)%00%(objectname)%00%(upstream:track)%00%(upstream:remotename)%00%(upstream:remoteref) refs/heads/ida-frontend refs/remotes/ida-frontend [1ms]
2023-09-17 15:42:37.700 [info] > git status -z -uall [3ms]
2023-09-17 15:42:42.722 [info] > git config --get commit.template [8ms]
2023-09-17 15:42:42.722 [info] > git for-each-ref --format=%(refname)%00%(upstream:short)%00%(objectname)%00%(upstream:track)%00%(upstream:remotename)%00%(upstream:remoteref) refs/heads/ida-frontend refs/remotes/ida-frontend [1ms]
2023-09-17 15:42:42.732 [info] > git status -z -uall [2ms]
2023-09-17 15:42:56.658 [info] > git config --get commit.template [8ms]
2023-09-17 15:42:56.659 [info] > git for-each-ref --format=%(refname)%00%(upstream:short)%00%(objectname)%00%(upstream:track)%00%(upstream:remotename)%00%(upstream:remoteref) refs/heads/ida-frontend refs/remotes/ida-frontend [1ms]
2023-09-17 15:42:56.668 [info] > git status -z -uall [2ms]
2023-09-17 15:43:01.691 [info] > git config --get commit.template [10ms]
2023-09-17 15:43:01.692 [info] > git for-each-ref --format=%(refname)%00%(upstream:short)%00%(objectname)%00%(upstream:track)%00%(upstream:remotename)%00%(upstream:remoteref) refs/heads/ida-frontend refs/remotes/ida-frontend [1ms]
2023-09-17 15:43:01.704 [info] > git status -z -uall [2ms]
2023-09-17 15:43:09.054 [info] > git config --get commit.template [9ms]
2023-09-17 15:43:09.054 [info] > git for-each-ref --format=%(refname)%00%(upstream:short)%00%(objectname)%00%(upstream:track)%00%(upstream:remotename)%00%(upstream:remoteref) refs/heads/ida-frontend refs/remotes/ida-frontend [1ms]
2023-09-17 15:43:09.064 [info] > git status -z -uall [2ms]
2023-09-17 15:43:22.712 [info] > git config --get commit.template [9ms]
2023-09-17 15:43:22.713 [info] > git for-each-ref --format=%(refname)%00%(upstream:short)%00%(objectname)%00%(upstream:track)%00%(upstream:remotename)%00%(upstream:remoteref) refs/heads/ida-frontend refs/remotes/ida-frontend [1ms]
2023-09-17 15:43:22.724 [info] > git status -z -uall [2ms]
2023-09-17 15:47:56.805 [info] > git config --get commit.template [10ms]
2023-09-17 15:47:56.806 [info] > git for-each-ref --format=%(refname)%00%(upstream:short)%00%(objectname)%00%(upstream:track)%00%(upstream:remotename)%00%(upstream:remoteref) refs/heads/ida-frontend refs/remotes/ida-frontend [1ms]
2023-09-17 15:47:56.817 [info] > git status -z -uall [2ms]
2023-09-17 15:48:16.188 [info] > git config --get commit.template [2ms]
2023-09-17 15:48:16.199 [info] > git for-each-ref --format=%(refname)%00%(upstream:short)%00%(objectname)%00%(upstream:track)%00%(upstream:remotename)%00%(upstream:remoteref) refs/heads/ida-frontend refs/remotes/ida-frontend [1ms]
2023-09-17 15:48:16.212 [info] > git status -z -uall [2ms]
2023-09-17 15:48:30.381 [info] > git config --get commit.template [17ms]
2023-09-17 15:48:30.381 [info] > git for-each-ref --format=%(refname)%00%(upstream:short)%00%(objectname)%00%(upstream:track)%00%(upstream:remotename)%00%(upstream:remoteref) refs/heads/ida-frontend refs/remotes/ida-frontend [2ms]
2023-09-17 15:48:30.396 [info] > git status -z -uall [3ms]
2023-09-17 15:48:45.980 [info] > git config --get commit.template [15ms]
2023-09-17 15:48:45.980 [info] > git for-each-ref --format=%(refname)%00%(upstream:short)%00%(objectname)%00%(upstream:track)%00%(upstream:remotename)%00%(upstream:remoteref) refs/heads/ida-frontend refs/remotes/ida-frontend [2ms]
2023-09-17 15:48:45.995 [info] > git status -z -uall [3ms]
2023-09-17 15:48:51.017 [info] > git config --get commit.template [11ms]
2023-09-17 15:48:51.018 [info] > git for-each-ref --format=%(refname)%00%(upstream:short)%00%(objectname)%00%(upstream:track)%00%(upstream:remotename)%00%(upstream:remoteref) refs/heads/ida-frontend refs/remotes/ida-frontend [1ms]
2023-09-17 15:48:51.030 [info] > git status -z -uall [2ms]
2023-09-17 15:51:41.068 [info] > git config --get commit.template [15ms]
2023-09-17 15:51:41.068 [info] > git for-each-ref --format=%(refname)%00%(upstream:short)%00%(objectname)%00%(upstream:track)%00%(upstream:remotename)%00%(upstream:remoteref) refs/heads/ida-frontend refs/remotes/ida-frontend [1ms]
2023-09-17 15:51:41.082 [info] > git status -z -uall [3ms]
2023-09-17 15:52:11.442 [info] > git config --get commit.template [2ms]
2023-09-17 15:52:11.453 [info] > git for-each-ref --format=%(refname)%00%(upstream:short)%00%(objectname)%00%(upstream:track)%00%(upstream:remotename)%00%(upstream:remoteref) refs/heads/ida-frontend refs/remotes/ida-frontend [1ms]
2023-09-17 15:52:11.465 [info] > git status -z -uall [2ms]
2023-09-17 15:52:25.654 [info] > git config --get commit.template [14ms]
2023-09-17 15:52:25.655 [info] > git for-each-ref --format=%(refname)%00%(upstream:short)%00%(objectname)%00%(upstream:track)%00%(upstream:remotename)%00%(upstream:remoteref) refs/heads/ida-frontend refs/remotes/ida-frontend [2ms]
2023-09-17 15:52:25.670 [info] > git status -z -uall [3ms]
2023-09-17 15:52:35.972 [info] > git config --get commit.template [2ms]
2023-09-17 15:52:35.982 [info] > git for-each-ref --format=%(refname)%00%(upstream:short)%00%(objectname)%00%(upstream:track)%00%(upstream:remotename)%00%(upstream:remoteref) refs/heads/ida-frontend refs/remotes/ida-frontend [1ms]
2023-09-17 15:52:35.992 [info] > git status -z -uall [2ms]
2023-09-17 15:52:45.028 [info] > git config --get commit.template [12ms]
2023-09-17 15:52:45.029 [info] > git for-each-ref --format=%(refname)%00%(upstream:short)%00%(objectname)%00%(upstream:track)%00%(upstream:remotename)%00%(upstream:remoteref) refs/heads/ida-frontend refs/remotes/ida-frontend [1ms]
2023-09-17 15:52:45.041 [info] > git status -z -uall [3ms]
2023-09-17 15:53:16.509 [info] > git config --get commit.template [1ms]
2023-09-17 15:53:16.521 [info] > git for-each-ref --format=%(refname)%00%(upstream:short)%00%(objectname)%00%(upstream:track)%00%(upstream:remotename)%00%(upstream:remoteref) refs/heads/ida-frontend refs/remotes/ida-frontend [2ms]
2023-09-17 15:53:16.532 [info] > git status -z -uall [2ms]
2023-09-17 15:53:21.821 [info] > git config --get commit.template [8ms]
2023-09-17 15:53:21.821 [info] > git for-each-ref --format=%(refname)%00%(upstream:short)%00%(objectname)%00%(upstream:track)%00%(upstream:remotename)%00%(upstream:remoteref) refs/heads/ida-frontend refs/remotes/ida-frontend [1ms]
2023-09-17 15:53:21.831 [info] > git status -z -uall [2ms]
2023-09-17 16:01:53.931 [info] > git ls-files --stage -- /home/abhi/projects/infinity-digital-agency-website/views/Homepage/workSection.ejs [1ms]
2023-09-17 16:01:53.938 [info] > git show --textconv :views/Homepage/workSection.ejs [15ms]
2023-09-17 16:01:53.939 [info] > git cat-file -s 1fc0d9e5f364afe6c4799e5b7729bfd637ec7d2d [2ms]
2023-09-17 16:02:04.228 [info] > git config --get commit.template [8ms]
2023-09-17 16:02:04.228 [info] > git for-each-ref --format=%(refname)%00%(upstream:short)%00%(objectname)%00%(upstream:track)%00%(upstream:remotename)%00%(upstream:remoteref) refs/heads/ida-frontend refs/remotes/ida-frontend [1ms]
2023-09-17 16:02:04.237 [info] > git status -z -uall [2ms]
2023-09-17 16:02:09.253 [info] > git config --get commit.template [1ms]
2023-09-17 16:02:09.261 [info] > git for-each-ref --format=%(refname)%00%(upstream:short)%00%(objectname)%00%(upstream:track)%00%(upstream:remotename)%00%(upstream:remoteref) refs/heads/ida-frontend refs/remotes/ida-frontend [1ms]
2023-09-17 16:02:09.276 [info] > git status -z -uall [3ms]
2023-09-17 16:02:37.661 [info] > git config --get commit.template [8ms]
2023-09-17 16:02:37.661 [info] > git for-each-ref --format=%(refname)%00%(upstream:short)%00%(objectname)%00%(upstream:track)%00%(upstream:remotename)%00%(upstream:remoteref) refs/heads/ida-frontend refs/remotes/ida-frontend [1ms]
2023-09-17 16:02:37.670 [info] > git status -z -uall [2ms]
2023-09-17 16:02:43.369 [info] > git config --get commit.template [8ms]
2023-09-17 16:02:43.370 [info] > git for-each-ref --format=%(refname)%00%(upstream:short)%00%(objectname)%00%(upstream:track)%00%(upstream:remotename)%00%(upstream:remoteref) refs/heads/ida-frontend refs/remotes/ida-frontend [1ms]
2023-09-17 16:02:43.378 [info] > git status -z -uall [2ms]
2023-09-17 16:02:48.403 [info] > git config --get commit.template [8ms]
2023-09-17 16:02:48.403 [info] > git for-each-ref --format=%(refname)%00%(upstream:short)%00%(objectname)%00%(upstream:track)%00%(upstream:remotename)%00%(upstream:remoteref) refs/heads/ida-frontend refs/remotes/ida-frontend [1ms]
2023-09-17 16:02:48.413 [info] > git status -z -uall [2ms]
2023-09-17 16:03:18.746 [info] > git show --textconv :views/header.ejs [14ms]
2023-09-17 16:03:18.748 [info] > git ls-files --stage -- /home/abhi/projects/infinity-digital-agency-website/views/header.ejs [1ms]
2023-09-17 16:03:18.761 [info] > git cat-file -s 9ea9e08ef0cebb0a3b4133f351febf2c9f615ea7 [1ms]
2023-09-17 16:03:21.027 [info] > git show --textconv :views/Component/cardWork.ejs [9ms]
2023-09-17 16:03:21.028 [info] > git ls-files --stage -- /home/abhi/projects/infinity-digital-agency-website/views/Component/cardWork.ejs [2ms]
2023-09-17 16:03:21.038 [info] > git cat-file -s fdd0cdf0371ba2ab2970aaedc406baf2a94b6941 [1ms]
2023-09-17 16:03:42.140 [info] > git config --get commit.template [9ms]
2023-09-17 16:03:42.140 [info] > git for-each-ref --format=%(refname)%00%(upstream:short)%00%(objectname)%00%(upstream:track)%00%(upstream:remotename)%00%(upstream:remoteref) refs/heads/ida-frontend refs/remotes/ida-frontend [1ms]
2023-09-17 16:03:42.150 [info] > git status -z -uall [2ms]
2023-09-17 16:03:48.795 [info] > git config --get commit.template [15ms]
2023-09-17 16:03:48.795 [info] > git for-each-ref --format=%(refname)%00%(upstream:short)%00%(objectname)%00%(upstream:track)%00%(upstream:remotename)%00%(upstream:remoteref) refs/heads/ida-frontend refs/remotes/ida-frontend [1ms]
2023-09-17 16:03:48.808 [info] > git status -z -uall [2ms]
2023-09-17 16:04:36.980 [info] > git config --get commit.template [12ms]
2023-09-17 16:04:36.981 [info] > git for-each-ref --format=%(refname)%00%(upstream:short)%00%(objectname)%00%(upstream:track)%00%(upstream:remotename)%00%(upstream:remoteref) refs/heads/ida-frontend refs/remotes/ida-frontend [1ms]
2023-09-17 16:04:36.991 [info] > git status -z -uall [1ms]
2023-09-17 16:04:43.030 [info] > git config --get commit.template [9ms]
2023-09-17 16:04:43.030 [info] > git for-each-ref --format=%(refname)%00%(upstream:short)%00%(objectname)%00%(upstream:track)%00%(upstream:remotename)%00%(upstream:remoteref) refs/heads/ida-frontend refs/remotes/ida-frontend [1ms]
2023-09-17 16:04:43.042 [info] > git status -z -uall [3ms]
2023-09-17 16:04:53.887 [info] > git config --get commit.template [9ms]
2023-09-17 16:04:53.887 [info] > git for-each-ref --format=%(refname)%00%(upstream:short)%00%(objectname)%00%(upstream:track)%00%(upstream:remotename)%00%(upstream:remoteref) refs/heads/ida-frontend refs/remotes/ida-frontend [1ms]
2023-09-17 16:04:53.896 [info] > git status -z -uall [2ms]
2023-09-17 16:05:43.317 [info] > git config --get commit.template [8ms]
2023-09-17 16:05:43.317 [info] > git for-each-ref --format=%(refname)%00%(upstream:short)%00%(objectname)%00%(upstream:track)%00%(upstream:remotename)%00%(upstream:remoteref) refs/heads/ida-frontend refs/remotes/ida-frontend [0ms]
2023-09-17 16:05:43.327 [info] > git status -z -uall [2ms]
2023-09-17 16:05:50.737 [info] > git config --get commit.template [8ms]
2023-09-17 16:05:50.737 [info] > git for-each-ref --format=%(refname)%00%(upstream:short)%00%(objectname)%00%(upstream:track)%00%(upstream:remotename)%00%(upstream:remoteref) refs/heads/ida-frontend refs/remotes/ida-frontend [1ms]
2023-09-17 16:05:50.745 [info] > git status -z -uall [2ms]
2023-09-17 16:06:20.522 [info] > git config --get commit.template [8ms]
2023-09-17 16:06:20.522 [info] > git for-each-ref --format=%(refname)%00%(upstream:short)%00%(objectname)%00%(upstream:track)%00%(upstream:remotename)%00%(upstream:remoteref) refs/heads/ida-frontend refs/remotes/ida-frontend [1ms]
2023-09-17 16:06:20.530 [info] > git status -z -uall [2ms]
2023-09-17 16:06:27.730 [info] > git config --get commit.template [7ms]
2023-09-17 16:06:27.731 [info] > git for-each-ref --format=%(refname)%00%(upstream:short)%00%(objectname)%00%(upstream:track)%00%(upstream:remotename)%00%(upstream:remoteref) refs/heads/ida-frontend refs/remotes/ida-frontend [1ms]
2023-09-17 16:06:27.739 [info] > git status -z -uall [1ms]
2023-09-17 16:06:32.765 [info] > git config --get commit.template [14ms]
2023-09-17 16:06:32.766 [info] > git for-each-ref --format=%(refname)%00%(upstream:short)%00%(objectname)%00%(upstream:track)%00%(upstream:remotename)%00%(upstream:remoteref) refs/heads/ida-frontend refs/remotes/ida-frontend [2ms]
2023-09-17 16:06:32.775 [info] > git status -z -uall [2ms]
2023-09-17 16:06:37.794 [info] > git config --get commit.template [9ms]
2023-09-17 16:06:37.795 [info] > git for-each-ref --format=%(refname)%00%(upstream:short)%00%(objectname)%00%(upstream:track)%00%(upstream:remotename)%00%(upstream:remoteref) refs/heads/ida-frontend refs/remotes/ida-frontend [2ms]
2023-09-17 16:06:37.807 [info] > git status -z -uall [2ms]
2023-09-17 16:06:42.831 [info] > git config --get commit.template [11ms]
2023-09-17 16:06:42.831 [info] > git for-each-ref --format=%(refname)%00%(upstream:short)%00%(objectname)%00%(upstream:track)%00%(upstream:remotename)%00%(upstream:remoteref) refs/heads/ida-frontend refs/remotes/ida-frontend [1ms]
2023-09-17 16:06:42.842 [info] > git status -z -uall [2ms]
2023-09-17 16:06:47.860 [info] > git config --get commit.template [7ms]
2023-09-17 16:06:47.860 [info] > git for-each-ref --format=%(refname)%00%(upstream:short)%00%(objectname)%00%(upstream:track)%00%(upstream:remotename)%00%(upstream:remoteref) refs/heads/ida-frontend refs/remotes/ida-frontend [1ms]
2023-09-17 16:06:47.868 [info] > git status -z -uall [2ms]
2023-09-17 16:06:52.885 [info] > git config --get commit.template [8ms]
2023-09-17 16:06:52.886 [info] > git for-each-ref --format=%(refname)%00%(upstream:short)%00%(objectname)%00%(upstream:track)%00%(upstream:remotename)%00%(upstream:remoteref) refs/heads/ida-frontend refs/remotes/ida-frontend [2ms]
2023-09-17 16:06:52.897 [info] > git status -z -uall [3ms]
2023-09-17 16:06:57.918 [info] > git config --get commit.template [9ms]
2023-09-17 16:06:57.918 [info] > git for-each-ref --format=%(refname)%00%(upstream:short)%00%(objectname)%00%(upstream:track)%00%(upstream:remotename)%00%(upstream:remoteref) refs/heads/ida-frontend refs/remotes/ida-frontend [2ms]
2023-09-17 16:06:57.936 [info] > git status -z -uall [2ms]
2023-09-17 16:07:47.256 [info] > git config --get commit.template [3ms]
2023-09-17 16:07:47.270 [info] > git for-each-ref --format=%(refname)%00%(upstream:short)%00%(objectname)%00%(upstream:track)%00%(upstream:remotename)%00%(upstream:remoteref) refs/heads/ida-frontend refs/remotes/ida-frontend [1ms]
2023-09-17 16:07:47.282 [info] > git status -z -uall [3ms]
2023-09-17 16:07:52.302 [info] > git config --get commit.template [10ms]
2023-09-17 16:07:52.302 [info] > git for-each-ref --format=%(refname)%00%(upstream:short)%00%(objectname)%00%(upstream:track)%00%(upstream:remotename)%00%(upstream:remoteref) refs/heads/ida-frontend refs/remotes/ida-frontend [1ms]
2023-09-17 16:07:52.312 [info] > git status -z -uall [2ms]
2023-09-17 16:07:57.328 [info] > git config --get commit.template [6ms]
2023-09-17 16:07:57.329 [info] > git for-each-ref --format=%(refname)%00%(upstream:short)%00%(objectname)%00%(upstream:track)%00%(upstream:remotename)%00%(upstream:remoteref) refs/heads/ida-frontend refs/remotes/ida-frontend [1ms]
2023-09-17 16:07:57.337 [info] > git status -z -uall [2ms]
2023-09-17 16:08:05.806 [info] > git config --get commit.template [10ms]
2023-09-17 16:08:05.807 [info] > git for-each-ref --format=%(refname)%00%(upstream:short)%00%(objectname)%00%(upstream:track)%00%(upstream:remotename)%00%(upstream:remoteref) refs/heads/ida-frontend refs/remotes/ida-frontend [2ms]
2023-09-17 16:08:05.815 [info] > git status -z -uall [2ms]
2023-09-17 16:08:10.838 [info] > git config --get commit.template [9ms]
2023-09-17 16:08:10.838 [info] > git for-each-ref --format=%(refname)%00%(upstream:short)%00%(objectname)%00%(upstream:track)%00%(upstream:remotename)%00%(upstream:remoteref) refs/heads/ida-frontend refs/remotes/ida-frontend [1ms]
2023-09-17 16:08:10.846 [info] > git status -z -uall [2ms]
2023-09-17 16:08:15.882 [info] > git config --get commit.template [7ms]
2023-09-17 16:08:15.883 [info] > git for-each-ref --format=%(refname)%00%(upstream:short)%00%(objectname)%00%(upstream:track)%00%(upstream:remotename)%00%(upstream:remoteref) refs/heads/ida-frontend refs/remotes/ida-frontend [1ms]
2023-09-17 16:08:15.895 [info] > git status -z -uall [2ms]
2023-09-17 16:08:31.705 [info] > git config --get commit.template [1ms]
2023-09-17 16:08:31.716 [info] > git for-each-ref --format=%(refname)%00%(upstream:short)%00%(objectname)%00%(upstream:track)%00%(upstream:remotename)%00%(upstream:remoteref) refs/heads/ida-frontend refs/remotes/ida-frontend [1ms]
2023-09-17 16:08:31.726 [info] > git status -z -uall [2ms]
2023-09-17 16:08:36.736 [info] > git config --get commit.template [1ms]
2023-09-17 16:08:36.747 [info] > git for-each-ref --format=%(refname)%00%(upstream:short)%00%(objectname)%00%(upstream:track)%00%(upstream:remotename)%00%(upstream:remoteref) refs/heads/ida-frontend refs/remotes/ida-frontend [2ms]
2023-09-17 16:08:36.759 [info] > git status -z -uall [1ms]
2023-09-17 16:09:02.319 [info] > git config --get commit.template [1ms]
2023-09-17 16:09:02.328 [info] > git for-each-ref --format=%(refname)%00%(upstream:short)%00%(objectname)%00%(upstream:track)%00%(upstream:remotename)%00%(upstream:remoteref) refs/heads/ida-frontend refs/remotes/ida-frontend [1ms]
2023-09-17 16:09:02.339 [info] > git status -z -uall [3ms]
2023-09-17 16:09:08.182 [info] > git config --get commit.template [6ms]
2023-09-17 16:09:08.183 [info] > git for-each-ref --format=%(refname)%00%(upstream:short)%00%(objectname)%00%(upstream:track)%00%(upstream:remotename)%00%(upstream:remoteref) refs/heads/ida-frontend refs/remotes/ida-frontend [1ms]
2023-09-17 16:09:08.191 [info] > git status -z -uall [2ms]
2023-09-17 16:09:25.210 [info] > git config --get commit.template [7ms]
2023-09-17 16:09:25.211 [info] > git for-each-ref --format=%(refname)%00%(upstream:short)%00%(objectname)%00%(upstream:track)%00%(upstream:remotename)%00%(upstream:remoteref) refs/heads/ida-frontend refs/remotes/ida-frontend [1ms]
2023-09-17 16:09:25.219 [info] > git status -z -uall [2ms]
2023-09-17 16:09:49.421 [info] > git config --get commit.template [7ms]
2023-09-17 16:09:49.421 [info] > git for-each-ref --format=%(refname)%00%(upstream:short)%00%(objectname)%00%(upstream:track)%00%(upstream:remotename)%00%(upstream:remoteref) refs/heads/ida-frontend refs/remotes/ida-frontend [1ms]
2023-09-17 16:09:49.430 [info] > git status -z -uall [3ms]
2023-09-17 16:10:13.907 [info] > git config --get commit.template [6ms]
2023-09-17 16:10:13.907 [info] > git for-each-ref --format=%(refname)%00%(upstream:short)%00%(objectname)%00%(upstream:track)%00%(upstream:remotename)%00%(upstream:remoteref) refs/heads/ida-frontend refs/remotes/ida-frontend [1ms]
2023-09-17 16:10:13.915 [info] > git status -z -uall [1ms]
2023-09-17 16:10:24.425 [info] > git config --get commit.template [8ms]
2023-09-17 16:10:24.426 [info] > git for-each-ref --format=%(refname)%00%(upstream:short)%00%(objectname)%00%(upstream:track)%00%(upstream:remotename)%00%(upstream:remoteref) refs/heads/ida-frontend refs/remotes/ida-frontend [1ms]
2023-09-17 16:10:24.434 [info] > git status -z -uall [2ms]
2023-09-17 16:10:29.450 [info] > git config --get commit.template [2ms]
2023-09-17 16:10:29.460 [info] > git for-each-ref --format=%(refname)%00%(upstream:short)%00%(objectname)%00%(upstream:track)%00%(upstream:remotename)%00%(upstream:remoteref) refs/heads/ida-frontend refs/remotes/ida-frontend [1ms]
2023-09-17 16:10:29.471 [info] > git status -z -uall [3ms]
2023-09-17 16:10:40.231 [info] > git config --get commit.template [6ms]
2023-09-17 16:10:40.232 [info] > git for-each-ref --format=%(refname)%00%(upstream:short)%00%(objectname)%00%(upstream:track)%00%(upstream:remotename)%00%(upstream:remoteref) refs/heads/ida-frontend refs/remotes/ida-frontend [1ms]
2023-09-17 16:10:40.240 [info] > git status -z -uall [2ms]
2023-09-17 16:10:54.330 [info] > git config --get commit.template [12ms]
2023-09-17 16:10:54.330 [info] > git for-each-ref --format=%(refname)%00%(upstream:short)%00%(objectname)%00%(upstream:track)%00%(upstream:remotename)%00%(upstream:remoteref) refs/heads/ida-frontend refs/remotes/ida-frontend [1ms]
2023-09-17 16:10:54.341 [info] > git status -z -uall [2ms]
2023-09-17 16:10:59.598 [info] > git config --get commit.template [11ms]
2023-09-17 16:10:59.598 [info] > git for-each-ref --format=%(refname)%00%(upstream:short)%00%(objectname)%00%(upstream:track)%00%(upstream:remotename)%00%(upstream:remoteref) refs/heads/ida-frontend refs/remotes/ida-frontend [1ms]
2023-09-17 16:10:59.608 [info] > git status -z -uall [1ms]
2023-09-17 16:11:04.632 [info] > git config --get commit.template [11ms]
2023-09-17 16:11:04.633 [info] > git for-each-ref --format=%(refname)%00%(upstream:short)%00%(objectname)%00%(upstream:track)%00%(upstream:remotename)%00%(upstream:remoteref) refs/heads/ida-frontend refs/remotes/ida-frontend [2ms]
2023-09-17 16:11:04.644 [info] > git status -z -uall [2ms]
2023-09-17 16:11:10.797 [info] > git config --get commit.template [8ms]
2023-09-17 16:11:10.797 [info] > git for-each-ref --format=%(refname)%00%(upstream:short)%00%(objectname)%00%(upstream:track)%00%(upstream:remotename)%00%(upstream:remoteref) refs/heads/ida-frontend refs/remotes/ida-frontend [1ms]
2023-09-17 16:11:10.806 [info] > git status -z -uall [2ms]
2023-09-17 16:11:15.823 [info] > git config --get commit.template [7ms]
2023-09-17 16:11:15.824 [info] > git for-each-ref --format=%(refname)%00%(upstream:short)%00%(objectname)%00%(upstream:track)%00%(upstream:remotename)%00%(upstream:remoteref) refs/heads/ida-frontend refs/remotes/ida-frontend [1ms]
2023-09-17 16:11:15.832 [info] > git status -z -uall [2ms]
2023-09-17 16:11:20.848 [info] > git config --get commit.template [6ms]
2023-09-17 16:11:20.849 [info] > git for-each-ref --format=%(refname)%00%(upstream:short)%00%(objectname)%00%(upstream:track)%00%(upstream:remotename)%00%(upstream:remoteref) refs/heads/ida-frontend refs/remotes/ida-frontend [1ms]
2023-09-17 16:11:20.856 [info] > git status -z -uall [2ms]
2023-09-17 16:11:34.275 [info] > git config --get commit.template [2ms]
2023-09-17 16:11:34.287 [info] > git for-each-ref --format=%(refname)%00%(upstream:short)%00%(objectname)%00%(upstream:track)%00%(upstream:remotename)%00%(upstream:remoteref) refs/heads/ida-frontend refs/remotes/ida-frontend [2ms]
2023-09-17 16:11:34.299 [info] > git status -z -uall [3ms]
2023-09-17 16:12:10.776 [info] > git config --get commit.template [8ms]
2023-09-17 16:12:10.776 [info] > git for-each-ref --format=%(refname)%00%(upstream:short)%00%(objectname)%00%(upstream:track)%00%(upstream:remotename)%00%(upstream:remoteref) refs/heads/ida-frontend refs/remotes/ida-frontend [1ms]
2023-09-17 16:12:10.785 [info] > git status -z -uall [2ms]
2023-09-17 16:12:19.660 [info] > git config --get commit.template [10ms]
2023-09-17 16:12:19.660 [info] > git for-each-ref --format=%(refname)%00%(upstream:short)%00%(objectname)%00%(upstream:track)%00%(upstream:remotename)%00%(upstream:remoteref) refs/heads/ida-frontend refs/remotes/ida-frontend [1ms]
2023-09-17 16:12:19.671 [info] > git status -z -uall [2ms]
2023-09-17 16:12:24.697 [info] > git config --get commit.template [10ms]
2023-09-17 16:12:24.698 [info] > git for-each-ref --format=%(refname)%00%(upstream:short)%00%(objectname)%00%(upstream:track)%00%(upstream:remotename)%00%(upstream:remoteref) refs/heads/ida-frontend refs/remotes/ida-frontend [2ms]
2023-09-17 16:12:24.705 [info] > git status -z -uall [1ms]
2023-09-17 16:12:29.723 [info] > git config --get commit.template [7ms]
2023-09-17 16:12:29.724 [info] > git for-each-ref --format=%(refname)%00%(upstream:short)%00%(objectname)%00%(upstream:track)%00%(upstream:remotename)%00%(upstream:remoteref) refs/heads/ida-frontend refs/remotes/ida-frontend [1ms]
2023-09-17 16:12:29.732 [info] > git status -z -uall [2ms]
2023-09-17 16:12:34.752 [info] > git config --get commit.template [10ms]
2023-09-17 16:12:34.753 [info] > git for-each-ref --format=%(refname)%00%(upstream:short)%00%(objectname)%00%(upstream:track)%00%(upstream:remotename)%00%(upstream:remoteref) refs/heads/ida-frontend refs/remotes/ida-frontend [1ms]
2023-09-17 16:12:34.764 [info] > git status -z -uall [2ms]
2023-09-17 16:12:39.782 [info] > git config --get commit.template [8ms]
2023-09-17 16:12:39.783 [info] > git for-each-ref --format=%(refname)%00%(upstream:short)%00%(objectname)%00%(upstream:track)%00%(upstream:remotename)%00%(upstream:remoteref) refs/heads/ida-frontend refs/remotes/ida-frontend [1ms]
2023-09-17 16:12:39.793 [info] > git status -z -uall [3ms]
2023-09-17 16:12:52.518 [info] > git config --get commit.template [7ms]
2023-09-17 16:12:52.519 [info] > git for-each-ref --format=%(refname)%00%(upstream:short)%00%(objectname)%00%(upstream:track)%00%(upstream:remotename)%00%(upstream:remoteref) refs/heads/ida-frontend refs/remotes/ida-frontend [1ms]
2023-09-17 16:12:52.527 [info] > git status -z -uall [2ms]
2023-09-17 16:13:10.493 [info] > git config --get commit.template [9ms]
2023-09-17 16:13:10.494 [info] > git for-each-ref --format=%(refname)%00%(upstream:short)%00%(objectname)%00%(upstream:track)%00%(upstream:remotename)%00%(upstream:remoteref) refs/heads/ida-frontend refs/remotes/ida-frontend [2ms]
2023-09-17 16:13:10.501 [info] > git status -z -uall [1ms]
2023-09-17 16:13:29.716 [info] > git config --get commit.template [12ms]
2023-09-17 16:13:29.717 [info] > git for-each-ref --format=%(refname)%00%(upstream:short)%00%(objectname)%00%(upstream:track)%00%(upstream:remotename)%00%(upstream:remoteref) refs/heads/ida-frontend refs/remotes/ida-frontend [1ms]
2023-09-17 16:13:29.728 [info] > git status -z -uall [2ms]
2023-09-17 16:13:34.747 [info] > git config --get commit.template [10ms]
2023-09-17 16:13:34.748 [info] > git for-each-ref --format=%(refname)%00%(upstream:short)%00%(objectname)%00%(upstream:track)%00%(upstream:remotename)%00%(upstream:remoteref) refs/heads/ida-frontend refs/remotes/ida-frontend [2ms]
2023-09-17 16:13:34.763 [info] > git status -z -uall [3ms]
2023-09-17 16:14:21.523 [info] > git config --get commit.template [7ms]
2023-09-17 16:14:21.524 [info] > git for-each-ref --format=%(refname)%00%(upstream:short)%00%(objectname)%00%(upstream:track)%00%(upstream:remotename)%00%(upstream:remoteref) refs/heads/ida-frontend refs/remotes/ida-frontend [2ms]
2023-09-17 16:14:21.531 [info] > git status -z -uall [1ms]
2023-09-17 16:14:26.558 [info] > git config --get commit.template [9ms]
2023-09-17 16:14:26.558 [info] > git for-each-ref --format=%(refname)%00%(upstream:short)%00%(objectname)%00%(upstream:track)%00%(upstream:remotename)%00%(upstream:remoteref) refs/heads/ida-frontend refs/remotes/ida-frontend [1ms]
2023-09-17 16:14:26.566 [info] > git status -z -uall [2ms]
2023-09-17 16:14:47.776 [info] > git config --get commit.template [14ms]
2023-09-17 16:14:47.777 [info] > git for-each-ref --format=%(refname)%00%(upstream:short)%00%(objectname)%00%(upstream:track)%00%(upstream:remotename)%00%(upstream:remoteref) refs/heads/ida-frontend refs/remotes/ida-frontend [1ms]
2023-09-17 16:14:47.787 [info] > git status -z -uall [2ms]
2023-09-17 16:15:10.496 [info] > git config --get commit.template [10ms]
2023-09-17 16:15:10.497 [info] > git for-each-ref --format=%(refname)%00%(upstream:short)%00%(objectname)%00%(upstream:track)%00%(upstream:remotename)%00%(upstream:remoteref) refs/heads/ida-frontend refs/remotes/ida-frontend [3ms]
2023-09-17 16:15:10.507 [info] > git status -z -uall [2ms]
2023-09-17 16:15:15.521 [info] > git config --get commit.template [1ms]
2023-09-17 16:15:15.534 [info] > git for-each-ref --format=%(refname)%00%(upstream:short)%00%(objectname)%00%(upstream:track)%00%(upstream:remotename)%00%(upstream:remoteref) refs/heads/ida-frontend refs/remotes/ida-frontend [2ms]
2023-09-17 16:15:15.547 [info] > git status -z -uall [3ms]
2023-09-17 16:15:39.475 [info] > git config --get commit.template [13ms]
2023-09-17 16:15:39.476 [info] > git for-each-ref --format=%(refname)%00%(upstream:short)%00%(objectname)%00%(upstream:track)%00%(upstream:remotename)%00%(upstream:remoteref) refs/heads/ida-frontend refs/remotes/ida-frontend [1ms]
2023-09-17 16:15:39.490 [info] > git status -z -uall [2ms]
2023-09-17 16:16:01.101 [info] > git config --get commit.template [11ms]
2023-09-17 16:16:01.101 [info] > git for-each-ref --format=%(refname)%00%(upstream:short)%00%(objectname)%00%(upstream:track)%00%(upstream:remotename)%00%(upstream:remoteref) refs/heads/ida-frontend refs/remotes/ida-frontend [1ms]
2023-09-17 16:16:01.110 [info] > git status -z -uall [2ms]
2023-09-17 16:16:06.126 [info] > git config --get commit.template [2ms]
2023-09-17 16:16:06.143 [info] > git for-each-ref --format=%(refname)%00%(upstream:short)%00%(objectname)%00%(upstream:track)%00%(upstream:remotename)%00%(upstream:remoteref) refs/heads/ida-frontend refs/remotes/ida-frontend [2ms]
2023-09-17 16:16:06.157 [info] > git status -z -uall [3ms]
2023-09-17 16:16:11.189 [info] > git config --get commit.template [13ms]
2023-09-17 16:16:11.190 [info] > git for-each-ref --format=%(refname)%00%(upstream:short)%00%(objectname)%00%(upstream:track)%00%(upstream:remotename)%00%(upstream:remoteref) refs/heads/ida-frontend refs/remotes/ida-frontend [2ms]
2023-09-17 16:16:11.202 [info] > git status -z -uall [2ms]
2023-09-17 16:16:16.957 [info] > git config --get commit.template [17ms]
2023-09-17 16:16:16.958 [info] > git for-each-ref --format=%(refname)%00%(upstream:short)%00%(objectname)%00%(upstream:track)%00%(upstream:remotename)%00%(upstream:remoteref) refs/heads/ida-frontend refs/remotes/ida-frontend [3ms]
2023-09-17 16:16:16.975 [info] > git status -z -uall [3ms]
2023-09-17 16:16:26.759 [info] > git config --get commit.template [10ms]
2023-09-17 16:16:26.759 [info] > git for-each-ref --format=%(refname)%00%(upstream:short)%00%(objectname)%00%(upstream:track)%00%(upstream:remotename)%00%(upstream:remoteref) refs/heads/ida-frontend refs/remotes/ida-frontend [1ms]
2023-09-17 16:16:26.770 [info] > git status -z -uall [2ms]
2023-09-17 16:16:49.322 [info] > git config --get commit.template [13ms]
2023-09-17 16:16:49.322 [info] > git for-each-ref --format=%(refname)%00%(upstream:short)%00%(objectname)%00%(upstream:track)%00%(upstream:remotename)%00%(upstream:remoteref) refs/heads/ida-frontend refs/remotes/ida-frontend [2ms]
2023-09-17 16:16:49.338 [info] > git status -z -uall [2ms]
2023-09-17 16:17:29.995 [info] > git config --get commit.template [7ms]
2023-09-17 16:17:29.996 [info] > git for-each-ref --format=%(refname)%00%(upstream:short)%00%(objectname)%00%(upstream:track)%00%(upstream:remotename)%00%(upstream:remoteref) refs/heads/ida-frontend refs/remotes/ida-frontend [1ms]
2023-09-17 16:17:30.004 [info] > git status -z -uall [2ms]
2023-09-17 16:17:35.362 [info] > git config --get commit.template [7ms]
2023-09-17 16:17:35.362 [info] > git for-each-ref --format=%(refname)%00%(upstream:short)%00%(objectname)%00%(upstream:track)%00%(upstream:remotename)%00%(upstream:remoteref) refs/heads/ida-frontend refs/remotes/ida-frontend [1ms]
2023-09-17 16:17:35.370 [info] > git status -z -uall [2ms]
2023-09-17 16:17:40.396 [info] > git config --get commit.template [9ms]
2023-09-17 16:17:40.397 [info] > git for-each-ref --format=%(refname)%00%(upstream:short)%00%(objectname)%00%(upstream:track)%00%(upstream:remotename)%00%(upstream:remoteref) refs/heads/ida-frontend refs/remotes/ida-frontend [1ms]
2023-09-17 16:17:40.405 [info] > git status -z -uall [2ms]
2023-09-17 16:18:06.117 [info] > git config --get commit.template [13ms]
2023-09-17 16:18:06.118 [info] > git for-each-ref --format=%(refname)%00%(upstream:short)%00%(objectname)%00%(upstream:track)%00%(upstream:remotename)%00%(upstream:remoteref) refs/heads/ida-frontend refs/remotes/ida-frontend [2ms]
2023-09-17 16:18:06.130 [info] > git status -z -uall [3ms]
2023-09-17 16:18:13.863 [info] > git config --get commit.template [7ms]
2023-09-17 16:18:13.863 [info] > git for-each-ref --format=%(refname)%00%(upstream:short)%00%(objectname)%00%(upstream:track)%00%(upstream:remotename)%00%(upstream:remoteref) refs/heads/ida-frontend refs/remotes/ida-frontend [1ms]
2023-09-17 16:18:13.876 [info] > git status -z -uall [3ms]
2023-09-17 16:18:20.327 [info] > git config --get commit.template [11ms]
2023-09-17 16:18:20.328 [info] > git for-each-ref --format=%(refname)%00%(upstream:short)%00%(objectname)%00%(upstream:track)%00%(upstream:remotename)%00%(upstream:remoteref) refs/heads/ida-frontend refs/remotes/ida-frontend [1ms]
2023-09-17 16:18:20.340 [info] > git status -z -uall [2ms]
2023-09-17 16:18:25.357 [info] > git config --get commit.template [7ms]
2023-09-17 16:18:25.358 [info] > git for-each-ref --format=%(refname)%00%(upstream:short)%00%(objectname)%00%(upstream:track)%00%(upstream:remotename)%00%(upstream:remoteref) refs/heads/ida-frontend refs/remotes/ida-frontend [1ms]
2023-09-17 16:18:25.366 [info] > git status -z -uall [2ms]
2023-09-17 16:19:01.378 [info] > git config --get commit.template [14ms]
2023-09-17 16:19:01.378 [info] > git for-each-ref --format=%(refname)%00%(upstream:short)%00%(objectname)%00%(upstream:track)%00%(upstream:remotename)%00%(upstream:remoteref) refs/heads/ida-frontend refs/remotes/ida-frontend [1ms]
2023-09-17 16:19:01.393 [info] > git status -z -uall [2ms]
2023-09-17 16:19:07.662 [info] > git config --get commit.template [8ms]
2023-09-17 16:19:07.663 [info] > git for-each-ref --format=%(refname)%00%(upstream:short)%00%(objectname)%00%(upstream:track)%00%(upstream:remotename)%00%(upstream:remoteref) refs/heads/ida-frontend refs/remotes/ida-frontend [1ms]
2023-09-17 16:19:07.673 [info] > git status -z -uall [3ms]
2023-09-17 16:19:27.478 [info] > git config --get commit.template [18ms]
2023-09-17 16:19:27.478 [info] > git for-each-ref --format=%(refname)%00%(upstream:short)%00%(objectname)%00%(upstream:track)%00%(upstream:remotename)%00%(upstream:remoteref) refs/heads/ida-frontend refs/remotes/ida-frontend [1ms]
2023-09-17 16:19:27.493 [info] > git status -z -uall [2ms]
2023-09-17 16:21:33.048 [info] > git config --get commit.template [8ms]
2023-09-17 16:21:33.049 [info] > git for-each-ref --format=%(refname)%00%(upstream:short)%00%(objectname)%00%(upstream:track)%00%(upstream:remotename)%00%(upstream:remoteref) refs/heads/ida-frontend refs/remotes/ida-frontend [1ms]
2023-09-17 16:21:33.059 [info] > git status -z -uall [2ms]
2023-09-17 16:28:03.197 [info] > git config --get commit.template [14ms]
2023-09-17 16:28:03.197 [info] > git for-each-ref --format=%(refname)%00%(upstream:short)%00%(objectname)%00%(upstream:track)%00%(upstream:remotename)%00%(upstream:remoteref) refs/heads/ida-frontend refs/remotes/ida-frontend [1ms]
2023-09-17 16:28:03.211 [info] > git status -z -uall [3ms]
2023-09-17 16:28:05.191 [info] > git check-ignore -v -z --stdin [3ms]
2023-09-17 16:38:26.096 [info] > git show --textconv :views/Homepage/servicesSection.ejs [14ms]
2023-09-17 16:38:26.099 [info] > git ls-files --stage -- /home/abhi/projects/infinity-digital-agency-website/views/Homepage/servicesSection.ejs [3ms]
2023-09-17 16:38:26.114 [info] > git cat-file -s 1e667632264a836623f44cd22087965f8576da5b [2ms]
2023-09-17 16:39:24.011 [info] > git config --get commit.template [11ms]
2023-09-17 16:39:24.011 [info] > git for-each-ref --format=%(refname)%00%(upstream:short)%00%(objectname)%00%(upstream:track)%00%(upstream:remotename)%00%(upstream:remoteref) refs/heads/ida-frontend refs/remotes/ida-frontend [1ms]
2023-09-17 16:39:24.021 [info] > git status -z -uall [2ms]
2023-09-17 16:40:23.046 [info] > git config --get commit.template [10ms]
2023-09-17 16:40:23.047 [info] > git for-each-ref --format=%(refname)%00%(upstream:short)%00%(objectname)%00%(upstream:track)%00%(upstream:remotename)%00%(upstream:remoteref) refs/heads/ida-frontend refs/remotes/ida-frontend [2ms]
2023-09-17 16:40:23.056 [info] > git status -z -uall [2ms]
2023-09-17 16:40:34.028 [info] > git config --get commit.template [10ms]
2023-09-17 16:40:34.028 [info] > git for-each-ref --format=%(refname)%00%(upstream:short)%00%(objectname)%00%(upstream:track)%00%(upstream:remotename)%00%(upstream:remoteref) refs/heads/ida-frontend refs/remotes/ida-frontend [1ms]
2023-09-17 16:40:34.040 [info] > git status -z -uall [2ms]
2023-09-17 16:40:39.061 [info] > git config --get commit.template [9ms]
2023-09-17 16:40:39.061 [info] > git for-each-ref --format=%(refname)%00%(upstream:short)%00%(objectname)%00%(upstream:track)%00%(upstream:remotename)%00%(upstream:remoteref) refs/heads/ida-frontend refs/remotes/ida-frontend [1ms]
2023-09-17 16:40:39.073 [info] > git status -z -uall [3ms]
2023-09-17 16:40:44.096 [info] > git config --get commit.template [11ms]
2023-09-17 16:40:44.096 [info] > git for-each-ref --format=%(refname)%00%(upstream:short)%00%(objectname)%00%(upstream:track)%00%(upstream:remotename)%00%(upstream:remoteref) refs/heads/ida-frontend refs/remotes/ida-frontend [1ms]
2023-09-17 16:40:44.108 [info] > git status -z -uall [3ms]
2023-09-17 16:40:51.815 [info] > git config --get commit.template [10ms]
2023-09-17 16:40:51.816 [info] > git for-each-ref --format=%(refname)%00%(upstream:short)%00%(objectname)%00%(upstream:track)%00%(upstream:remotename)%00%(upstream:remoteref) refs/heads/ida-frontend refs/remotes/ida-frontend [2ms]
2023-09-17 16:40:51.826 [info] > git status -z -uall [2ms]
2023-09-17 16:40:56.849 [info] > git config --get commit.template [10ms]
2023-09-17 16:40:56.850 [info] > git for-each-ref --format=%(refname)%00%(upstream:short)%00%(objectname)%00%(upstream:track)%00%(upstream:remotename)%00%(upstream:remoteref) refs/heads/ida-frontend refs/remotes/ida-frontend [2ms]
2023-09-17 16:40:56.860 [info] > git status -z -uall [2ms]
2023-09-17 16:41:01.887 [info] > git config --get commit.template [13ms]
2023-09-17 16:41:01.888 [info] > git for-each-ref --format=%(refname)%00%(upstream:short)%00%(objectname)%00%(upstream:track)%00%(upstream:remotename)%00%(upstream:remoteref) refs/heads/ida-frontend refs/remotes/ida-frontend [2ms]
2023-09-17 16:41:01.902 [info] > git status -z -uall [3ms]
2023-09-17 16:41:12.900 [info] > git config --get commit.template [10ms]
2023-09-17 16:41:12.900 [info] > git for-each-ref --format=%(refname)%00%(upstream:short)%00%(objectname)%00%(upstream:track)%00%(upstream:remotename)%00%(upstream:remoteref) refs/heads/ida-frontend refs/remotes/ida-frontend [1ms]
2023-09-17 16:41:12.911 [info] > git status -z -uall [2ms]
2023-09-17 16:41:26.810 [info] > git config --get commit.template [13ms]
2023-09-17 16:41:26.810 [info] > git for-each-ref --format=%(refname)%00%(upstream:short)%00%(objectname)%00%(upstream:track)%00%(upstream:remotename)%00%(upstream:remoteref) refs/heads/ida-frontend refs/remotes/ida-frontend [1ms]
2023-09-17 16:41:26.822 [info] > git status -z -uall [2ms]
2023-09-17 16:41:31.853 [info] > git config --get commit.template [15ms]
2023-09-17 16:41:31.858 [info] > git for-each-ref --format=%(refname)%00%(upstream:short)%00%(objectname)%00%(upstream:track)%00%(upstream:remotename)%00%(upstream:remoteref) refs/heads/ida-frontend refs/remotes/ida-frontend [7ms]
2023-09-17 16:41:31.918 [info] > git status -z -uall [48ms]
2023-09-17 16:41:36.941 [info] > git config --get commit.template [10ms]
2023-09-17 16:41:36.942 [info] > git for-each-ref --format=%(refname)%00%(upstream:short)%00%(objectname)%00%(upstream:track)%00%(upstream:remotename)%00%(upstream:remoteref) refs/heads/ida-frontend refs/remotes/ida-frontend [2ms]
2023-09-17 16:41:36.952 [info] > git status -z -uall [1ms]
2023-09-17 16:41:41.973 [info] > git config --get commit.template [9ms]
2023-09-17 16:41:41.974 [info] > git for-each-ref --format=%(refname)%00%(upstream:short)%00%(objectname)%00%(upstream:track)%00%(upstream:remotename)%00%(upstream:remoteref) refs/heads/ida-frontend refs/remotes/ida-frontend [2ms]
2023-09-17 16:41:41.984 [info] > git status -z -uall [3ms]
2023-09-17 16:41:59.935 [info] > git config --get commit.template [14ms]
2023-09-17 16:41:59.935 [info] > git for-each-ref --format=%(refname)%00%(upstream:short)%00%(objectname)%00%(upstream:track)%00%(upstream:remotename)%00%(upstream:remoteref) refs/heads/ida-frontend refs/remotes/ida-frontend [1ms]
2023-09-17 16:41:59.948 [info] > git status -z -uall [3ms]
2023-09-17 16:42:21.385 [info] > git config --get commit.template [11ms]
2023-09-17 16:42:21.386 [info] > git for-each-ref --format=%(refname)%00%(upstream:short)%00%(objectname)%00%(upstream:track)%00%(upstream:remotename)%00%(upstream:remoteref) refs/heads/ida-frontend refs/remotes/ida-frontend [2ms]
2023-09-17 16:42:21.398 [info] > git status -z -uall [2ms]
2023-09-17 16:42:26.992 [info] > git config --get commit.template [15ms]
2023-09-17 16:42:26.993 [info] > git for-each-ref --format=%(refname)%00%(upstream:short)%00%(objectname)%00%(upstream:track)%00%(upstream:remotename)%00%(upstream:remoteref) refs/heads/ida-frontend refs/remotes/ida-frontend [3ms]
2023-09-17 16:42:27.010 [info] > git status -z -uall [3ms]
2023-09-17 16:42:32.107 [info] > git config --get commit.template [18ms]
2023-09-17 16:42:32.108 [info] > git for-each-ref --format=%(refname)%00%(upstream:short)%00%(objectname)%00%(upstream:track)%00%(upstream:remotename)%00%(upstream:remoteref) refs/heads/ida-frontend refs/remotes/ida-frontend [2ms]
2023-09-17 16:42:32.124 [info] > git status -z -uall [4ms]
2023-09-17 16:42:40.098 [info] > git config --get commit.template [16ms]
2023-09-17 16:42:40.099 [info] > git for-each-ref --format=%(refname)%00%(upstream:short)%00%(objectname)%00%(upstream:track)%00%(upstream:remotename)%00%(upstream:remoteref) refs/heads/ida-frontend refs/remotes/ida-frontend [2ms]
2023-09-17 16:42:40.116 [info] > git status -z -uall [4ms]
2023-09-17 16:42:45.142 [info] > git config --get commit.template [11ms]
2023-09-17 16:42:45.143 [info] > git for-each-ref --format=%(refname)%00%(upstream:short)%00%(objectname)%00%(upstream:track)%00%(upstream:remotename)%00%(upstream:remoteref) refs/heads/ida-frontend refs/remotes/ida-frontend [2ms]
2023-09-17 16:42:45.156 [info] > git status -z -uall [3ms]
2023-09-17 16:43:39.501 [info] > git config --get commit.template [11ms]
2023-09-17 16:43:39.501 [info] > git for-each-ref --format=%(refname)%00%(upstream:short)%00%(objectname)%00%(upstream:track)%00%(upstream:remotename)%00%(upstream:remoteref) refs/heads/ida-frontend refs/remotes/ida-frontend [1ms]
2023-09-17 16:43:39.514 [info] > git status -z -uall [2ms]
2023-09-17 16:43:49.346 [info] > git config --get commit.template [19ms]
2023-09-17 16:43:49.347 [info] > git for-each-ref --format=%(refname)%00%(upstream:short)%00%(objectname)%00%(upstream:track)%00%(upstream:remotename)%00%(upstream:remoteref) refs/heads/ida-frontend refs/remotes/ida-frontend [2ms]
2023-09-17 16:43:49.367 [info] > git status -z -uall [3ms]
2023-09-17 16:44:30.105 [info] > git check-ignore -v -z --stdin [1ms]
2023-09-17 16:44:37.616 [info] > git check-ignore -v -z --stdin [1ms]
2023-09-17 16:44:41.238 [info] > git show --textconv :public/js/index.js [115ms]
2023-09-17 16:44:41.238 [info] > git ls-files --stage -- /home/abhi/projects/infinity-digital-agency-website/public/js/index.js [98ms]
2023-09-17 16:44:41.263 [info] > git cat-file -s c87f4ba81825a9f8cff0a3331f8e30e6463aa987 [6ms]
2023-09-17 16:45:18.605 [info] > git show --textconv :views/style.css [17ms]
2023-09-17 16:45:18.606 [info] > git ls-files --stage -- /home/abhi/projects/infinity-digital-agency-website/views/style.css [1ms]
2023-09-17 16:45:18.622 [info] > git cat-file -s 2712de6cf9eee3ab0c6f19fc6bde439886bd1634 [2ms]
2023-09-17 16:45:39.612 [info] > git config --get commit.template [14ms]
2023-09-17 16:45:39.613 [info] > git for-each-ref --format=%(refname)%00%(upstream:short)%00%(objectname)%00%(upstream:track)%00%(upstream:remotename)%00%(upstream:remoteref) refs/heads/ida-frontend refs/remotes/ida-frontend [2ms]
2023-09-17 16:45:39.628 [info] > git status -z -uall [2ms]
2023-09-17 16:45:44.659 [info] > git config --get commit.template [15ms]
2023-09-17 16:45:44.660 [info] > git for-each-ref --format=%(refname)%00%(upstream:short)%00%(objectname)%00%(upstream:track)%00%(upstream:remotename)%00%(upstream:remoteref) refs/heads/ida-frontend refs/remotes/ida-frontend [3ms]
2023-09-17 16:45:44.676 [info] > git status -z -uall [2ms]
2023-09-17 16:45:50.304 [info] > git config --get commit.template [15ms]
2023-09-17 16:45:50.306 [info] > git for-each-ref --format=%(refname)%00%(upstream:short)%00%(objectname)%00%(upstream:track)%00%(upstream:remotename)%00%(upstream:remoteref) refs/heads/ida-frontend refs/remotes/ida-frontend [3ms]
2023-09-17 16:45:50.319 [info] > git status -z -uall [3ms]
2023-09-17 16:45:55.343 [info] > git config --get commit.template [11ms]
2023-09-17 16:45:55.343 [info] > git for-each-ref --format=%(refname)%00%(upstream:short)%00%(objectname)%00%(upstream:track)%00%(upstream:remotename)%00%(upstream:remoteref) refs/heads/ida-frontend refs/remotes/ida-frontend [1ms]
2023-09-17 16:45:55.355 [info] > git status -z -uall [3ms]
2023-09-17 16:46:00.381 [info] > git config --get commit.template [10ms]
2023-09-17 16:46:00.381 [info] > git for-each-ref --format=%(refname)%00%(upstream:short)%00%(objectname)%00%(upstream:track)%00%(upstream:remotename)%00%(upstream:remoteref) refs/heads/ida-frontend refs/remotes/ida-frontend [1ms]
2023-09-17 16:46:00.394 [info] > git status -z -uall [2ms]
2023-09-17 16:47:27.082 [info] > git config --get commit.template [21ms]
2023-09-17 16:47:27.083 [info] > git for-each-ref --format=%(refname)%00%(upstream:short)%00%(objectname)%00%(upstream:track)%00%(upstream:remotename)%00%(upstream:remoteref) refs/heads/ida-frontend refs/remotes/ida-frontend [2ms]
2023-09-17 16:47:27.103 [info] > git status -z -uall [3ms]
2023-09-17 16:47:32.128 [info] > git config --get commit.template [12ms]
2023-09-17 16:47:32.129 [info] > git for-each-ref --format=%(refname)%00%(upstream:short)%00%(objectname)%00%(upstream:track)%00%(upstream:remotename)%00%(upstream:remoteref) refs/heads/ida-frontend refs/remotes/ida-frontend [1ms]
2023-09-17 16:47:32.141 [info] > git status -z -uall [3ms]
2023-09-17 16:48:07.845 [info] > git config --get commit.template [21ms]
2023-09-17 16:48:07.846 [info] > git for-each-ref --format=%(refname)%00%(upstream:short)%00%(objectname)%00%(upstream:track)%00%(upstream:remotename)%00%(upstream:remoteref) refs/heads/ida-frontend refs/remotes/ida-frontend [4ms]
2023-09-17 16:48:07.863 [info] > git status -z -uall [3ms]
2023-09-17 16:48:12.887 [info] > git config --get commit.template [9ms]
2023-09-17 16:48:12.888 [info] > git for-each-ref --format=%(refname)%00%(upstream:short)%00%(objectname)%00%(upstream:track)%00%(upstream:remotename)%00%(upstream:remoteref) refs/heads/ida-frontend refs/remotes/ida-frontend [1ms]
2023-09-17 16:48:12.902 [info] > git status -z -uall [2ms]
2023-09-17 16:48:21.519 [info] > git config --get commit.template [14ms]
2023-09-17 16:48:21.520 [info] > git for-each-ref --format=%(refname)%00%(upstream:short)%00%(objectname)%00%(upstream:track)%00%(upstream:remotename)%00%(upstream:remoteref) refs/heads/ida-frontend refs/remotes/ida-frontend [1ms]
2023-09-17 16:48:21.539 [info] > git status -z -uall [3ms]
2023-09-17 16:48:26.563 [info] > git config --get commit.template [10ms]
2023-09-17 16:48:26.564 [info] > git for-each-ref --format=%(refname)%00%(upstream:short)%00%(objectname)%00%(upstream:track)%00%(upstream:remotename)%00%(upstream:remoteref) refs/heads/ida-frontend refs/remotes/ida-frontend [2ms]
2023-09-17 16:48:26.576 [info] > git status -z -uall [2ms]
2023-09-17 16:48:31.613 [info] > git config --get commit.template [18ms]
2023-09-17 16:48:31.614 [info] > git for-each-ref --format=%(refname)%00%(upstream:short)%00%(objectname)%00%(upstream:track)%00%(upstream:remotename)%00%(upstream:remoteref) refs/heads/ida-frontend refs/remotes/ida-frontend [3ms]
2023-09-17 16:48:31.629 [info] > git status -z -uall [3ms]
2023-09-17 16:48:36.655 [info] > git config --get commit.template [11ms]
2023-09-17 16:48:36.656 [info] > git for-each-ref --format=%(refname)%00%(upstream:short)%00%(objectname)%00%(upstream:track)%00%(upstream:remotename)%00%(upstream:remoteref) refs/heads/ida-frontend refs/remotes/ida-frontend [2ms]
2023-09-17 16:48:36.669 [info] > git status -z -uall [2ms]
2023-09-17 16:48:41.699 [info] > git config --get commit.template [14ms]
2023-09-17 16:48:41.700 [info] > git for-each-ref --format=%(refname)%00%(upstream:short)%00%(objectname)%00%(upstream:track)%00%(upstream:remotename)%00%(upstream:remoteref) refs/heads/ida-frontend refs/remotes/ida-frontend [2ms]
2023-09-17 16:48:41.715 [info] > git status -z -uall [2ms]
2023-09-17 16:48:46.761 [info] > git config --get commit.template [22ms]
2023-09-17 16:48:46.762 [info] > git for-each-ref --format=%(refname)%00%(upstream:short)%00%(objectname)%00%(upstream:track)%00%(upstream:remotename)%00%(upstream:remoteref) refs/heads/ida-frontend refs/remotes/ida-frontend [4ms]
2023-09-17 16:48:46.781 [info] > git status -z -uall [4ms]
2023-09-17 16:48:52.255 [info] > git config --get commit.template [14ms]
2023-09-17 16:48:52.256 [info] > git for-each-ref --format=%(refname)%00%(upstream:short)%00%(objectname)%00%(upstream:track)%00%(upstream:remotename)%00%(upstream:remoteref) refs/heads/ida-frontend refs/remotes/ida-frontend [1ms]
2023-09-17 16:48:52.271 [info] > git status -z -uall [2ms]
2023-09-17 16:48:58.235 [info] > git config --get commit.template [2ms]
2023-09-17 16:48:58.257 [info] > git for-each-ref --format=%(refname)%00%(upstream:short)%00%(objectname)%00%(upstream:track)%00%(upstream:remotename)%00%(upstream:remoteref) refs/heads/ida-frontend refs/remotes/ida-frontend [4ms]
2023-09-17 16:48:58.295 [info] > git status -z -uall [18ms]
2023-09-17 16:49:05.681 [info] > git config --get commit.template [15ms]
2023-09-17 16:49:05.682 [info] > git for-each-ref --format=%(refname)%00%(upstream:short)%00%(objectname)%00%(upstream:track)%00%(upstream:remotename)%00%(upstream:remoteref) refs/heads/ida-frontend refs/remotes/ida-frontend [2ms]
2023-09-17 16:49:05.700 [info] > git status -z -uall [3ms]
2023-09-17 16:52:21.124 [info] > git config --get commit.template [13ms]
2023-09-17 16:52:21.125 [info] > git for-each-ref --format=%(refname)%00%(upstream:short)%00%(objectname)%00%(upstream:track)%00%(upstream:remotename)%00%(upstream:remoteref) refs/heads/ida-frontend refs/remotes/ida-frontend [2ms]
2023-09-17 16:52:21.139 [info] > git status -z -uall [2ms]
2023-09-17 16:52:26.162 [info] > git config --get commit.template [10ms]
2023-09-17 16:52:26.163 [info] > git for-each-ref --format=%(refname)%00%(upstream:short)%00%(objectname)%00%(upstream:track)%00%(upstream:remotename)%00%(upstream:remoteref) refs/heads/ida-frontend refs/remotes/ida-frontend [2ms]
2023-09-17 16:52:26.175 [info] > git status -z -uall [3ms]
2023-09-17 16:53:41.489 [info] > git config --get commit.template [2ms]
2023-09-17 16:53:41.507 [info] > git for-each-ref --format=%(refname)%00%(upstream:short)%00%(objectname)%00%(upstream:track)%00%(upstream:remotename)%00%(upstream:remoteref) refs/heads/ida-frontend refs/remotes/ida-frontend [2ms]
2023-09-17 16:53:41.526 [info] > git status -z -uall [4ms]
2023-09-17 16:53:54.237 [info] > git config --get commit.template [24ms]
2023-09-17 16:53:54.238 [info] > git for-each-ref --format=%(refname)%00%(upstream:short)%00%(objectname)%00%(upstream:track)%00%(upstream:remotename)%00%(upstream:remoteref) refs/heads/ida-frontend refs/remotes/ida-frontend [3ms]
2023-09-17 16:53:54.262 [info] > git status -z -uall [3ms]
2023-09-17 16:53:59.411 [info] > git config --get commit.template [13ms]
2023-09-17 16:53:59.412 [info] > git for-each-ref --format=%(refname)%00%(upstream:short)%00%(objectname)%00%(upstream:track)%00%(upstream:remotename)%00%(upstream:remoteref) refs/heads/ida-frontend refs/remotes/ida-frontend [2ms]
2023-09-17 16:53:59.425 [info] > git status -z -uall [3ms]
2023-09-17 16:54:06.567 [info] > git config --get commit.template [14ms]
2023-09-17 16:54:06.568 [info] > git for-each-ref --format=%(refname)%00%(upstream:short)%00%(objectname)%00%(upstream:track)%00%(upstream:remotename)%00%(upstream:remoteref) refs/heads/ida-frontend refs/remotes/ida-frontend [2ms]
2023-09-17 16:54:06.586 [info] > git status -z -uall [3ms]
2023-09-17 16:54:21.719 [info] > git config --get commit.template [16ms]
2023-09-17 16:54:21.720 [info] > git for-each-ref --format=%(refname)%00%(upstream:short)%00%(objectname)%00%(upstream:track)%00%(upstream:remotename)%00%(upstream:remoteref) refs/heads/ida-frontend refs/remotes/ida-frontend [2ms]
2023-09-17 16:54:21.737 [info] > git status -z -uall [3ms]
2023-09-17 16:54:56.923 [info] > git config --get commit.template [16ms]
2023-09-17 16:54:56.923 [info] > git for-each-ref --format=%(refname)%00%(upstream:short)%00%(objectname)%00%(upstream:track)%00%(upstream:remotename)%00%(upstream:remoteref) refs/heads/ida-frontend refs/remotes/ida-frontend [2ms]
2023-09-17 16:54:56.938 [info] > git status -z -uall [3ms]
2023-09-17 16:55:24.410 [info] > git config --get commit.template [14ms]
2023-09-17 16:55:24.411 [info] > git for-each-ref --format=%(refname)%00%(upstream:short)%00%(objectname)%00%(upstream:track)%00%(upstream:remotename)%00%(upstream:remoteref) refs/heads/ida-frontend refs/remotes/ida-frontend [2ms]
2023-09-17 16:55:24.425 [info] > git status -z -uall [3ms]
2023-09-17 16:55:31.587 [info] > git config --get commit.template [15ms]
2023-09-17 16:55:31.588 [info] > git for-each-ref --format=%(refname)%00%(upstream:short)%00%(objectname)%00%(upstream:track)%00%(upstream:remotename)%00%(upstream:remoteref) refs/heads/ida-frontend refs/remotes/ida-frontend [1ms]
2023-09-17 16:55:31.603 [info] > git status -z -uall [2ms]
2023-09-17 16:57:07.671 [info] > git config --get commit.template [2ms]
2023-09-17 16:57:07.688 [info] > git for-each-ref --format=%(refname)%00%(upstream:short)%00%(objectname)%00%(upstream:track)%00%(upstream:remotename)%00%(upstream:remoteref) refs/heads/ida-frontend refs/remotes/ida-frontend [2ms]
2023-09-17 16:57:07.701 [info] > git status -z -uall [2ms]
2023-09-17 16:57:12.735 [info] > git config --get commit.template [15ms]
2023-09-17 16:57:12.736 [info] > git for-each-ref --format=%(refname)%00%(upstream:short)%00%(objectname)%00%(upstream:track)%00%(upstream:remotename)%00%(upstream:remoteref) refs/heads/ida-frontend refs/remotes/ida-frontend [3ms]
2023-09-17 16:57:12.753 [info] > git status -z -uall [3ms]
2023-09-17 16:57:53.532 [info] > git config --get commit.template [14ms]
2023-09-17 16:57:53.532 [info] > git for-each-ref --format=%(refname)%00%(upstream:short)%00%(objectname)%00%(upstream:track)%00%(upstream:remotename)%00%(upstream:remoteref) refs/heads/ida-frontend refs/remotes/ida-frontend [1ms]
2023-09-17 16:57:53.548 [info] > git status -z -uall [2ms]
2023-09-17 16:58:17.791 [info] > git config --get commit.template [23ms]
2023-09-17 16:58:17.793 [info] > git for-each-ref --format=%(refname)%00%(upstream:short)%00%(objectname)%00%(upstream:track)%00%(upstream:remotename)%00%(upstream:remoteref) refs/heads/ida-frontend refs/remotes/ida-frontend [2ms]
2023-09-17 16:58:17.816 [info] > git status -z -uall [3ms]
2023-09-17 16:58:24.185 [info] > git config --get commit.template [3ms]
2023-09-17 16:58:24.204 [info] > git for-each-ref --format=%(refname)%00%(upstream:short)%00%(objectname)%00%(upstream:track)%00%(upstream:remotename)%00%(upstream:remoteref) refs/heads/ida-frontend refs/remotes/ida-frontend [2ms]
2023-09-17 16:58:24.221 [info] > git status -z -uall [3ms]
2023-09-17 17:06:40.495 [info] > git config --get commit.template [20ms]
2023-09-17 17:06:40.496 [info] > git for-each-ref --format=%(refname)%00%(upstream:short)%00%(objectname)%00%(upstream:track)%00%(upstream:remotename)%00%(upstream:remoteref) refs/heads/ida-frontend refs/remotes/ida-frontend [2ms]
2023-09-17 17:06:40.521 [info] > git status -z -uall [5ms]
2023-09-17 17:09:02.778 [info] > git config --get commit.template [13ms]
2023-09-17 17:09:02.779 [info] > git for-each-ref --format=%(refname)%00%(upstream:short)%00%(objectname)%00%(upstream:track)%00%(upstream:remotename)%00%(upstream:remoteref) refs/heads/ida-frontend refs/remotes/ida-frontend [2ms]
2023-09-17 17:09:02.791 [info] > git status -z -uall [3ms]
2023-09-17 17:09:14.335 [info] > git config --get commit.template [16ms]
2023-09-17 17:09:14.336 [info] > git for-each-ref --format=%(refname)%00%(upstream:short)%00%(objectname)%00%(upstream:track)%00%(upstream:remotename)%00%(upstream:remoteref) refs/heads/ida-frontend refs/remotes/ida-frontend [2ms]
2023-09-17 17:09:14.354 [info] > git status -z -uall [4ms]
2023-09-17 17:09:19.387 [info] > git config --get commit.template [13ms]
2023-09-17 17:09:19.388 [info] > git for-each-ref --format=%(refname)%00%(upstream:short)%00%(objectname)%00%(upstream:track)%00%(upstream:remotename)%00%(upstream:remoteref) refs/heads/ida-frontend refs/remotes/ida-frontend [2ms]
2023-09-17 17:09:19.407 [info] > git status -z -uall [4ms]
2023-09-17 17:09:43.180 [info] > git config --get commit.template [13ms]
2023-09-17 17:09:43.180 [info] > git for-each-ref --format=%(refname)%00%(upstream:short)%00%(objectname)%00%(upstream:track)%00%(upstream:remotename)%00%(upstream:remoteref) refs/heads/ida-frontend refs/remotes/ida-frontend [1ms]
2023-09-17 17:09:43.194 [info] > git status -z -uall [4ms]
2023-09-17 17:14:14.382 [info] > git config --get commit.template [17ms]
2023-09-17 17:14:14.382 [info] > git for-each-ref --format=%(refname)%00%(upstream:short)%00%(objectname)%00%(upstream:track)%00%(upstream:remotename)%00%(upstream:remoteref) refs/heads/ida-frontend refs/remotes/ida-frontend [2ms]
2023-09-17 17:14:14.398 [info] > git status -z -uall [3ms]
2023-09-17 17:14:21.205 [info] > git show --textconv :views/Homepage/testimonialSection.ejs [11ms]
2023-09-17 17:14:21.206 [info] > git ls-files --stage -- /home/abhi/projects/infinity-digital-agency-website/views/Homepage/testimonialSection.ejs [1ms]
2023-09-17 17:14:21.218 [info] > git cat-file -s 9a22618f49281a80c7c5f04ce27893a84a61f0f7 [2ms]
2023-09-17 17:16:07.366 [info] > git show --textconv :views/Component/cardTestimonial.ejs [10ms]
2023-09-17 17:16:07.367 [info] > git ls-files --stage -- /home/abhi/projects/infinity-digital-agency-website/views/Component/cardTestimonial.ejs [1ms]
2023-09-17 17:16:07.377 [info] > git cat-file -s 9fc89ce901fa10ab7ee717e54a06829418532145 [1ms]
2023-09-17 17:16:24.652 [info] > git config --get commit.template [16ms]
2023-09-17 17:16:24.653 [info] > git for-each-ref --format=%(refname)%00%(upstream:short)%00%(objectname)%00%(upstream:track)%00%(upstream:remotename)%00%(upstream:remoteref) refs/heads/ida-frontend refs/remotes/ida-frontend [3ms]
2023-09-17 17:16:24.667 [info] > git status -z -uall [2ms]
2023-09-17 17:16:33.917 [info] > git config --get commit.template [21ms]
2023-09-17 17:16:33.918 [info] > git for-each-ref --format=%(refname)%00%(upstream:short)%00%(objectname)%00%(upstream:track)%00%(upstream:remotename)%00%(upstream:remoteref) refs/heads/ida-frontend refs/remotes/ida-frontend [1ms]
2023-09-17 17:16:33.938 [info] > git status -z -uall [3ms]
2023-09-17 17:16:44.170 [info] > git config --get commit.template [17ms]
2023-09-17 17:16:44.171 [info] > git for-each-ref --format=%(refname)%00%(upstream:short)%00%(objectname)%00%(upstream:track)%00%(upstream:remotename)%00%(upstream:remoteref) refs/heads/ida-frontend refs/remotes/ida-frontend [2ms]
2023-09-17 17:16:44.194 [info] > git status -z -uall [4ms]
2023-09-17 17:17:19.945 [info] > git config --get commit.template [16ms]
2023-09-17 17:17:19.946 [info] > git for-each-ref --format=%(refname)%00%(upstream:short)%00%(objectname)%00%(upstream:track)%00%(upstream:remotename)%00%(upstream:remoteref) refs/heads/ida-frontend refs/remotes/ida-frontend [2ms]
2023-09-17 17:17:19.965 [info] > git status -z -uall [4ms]
2023-09-17 17:17:27.189 [info] > git config --get commit.template [17ms]
2023-09-17 17:17:27.190 [info] > git for-each-ref --format=%(refname)%00%(upstream:short)%00%(objectname)%00%(upstream:track)%00%(upstream:remotename)%00%(upstream:remoteref) refs/heads/ida-frontend refs/remotes/ida-frontend [2ms]
2023-09-17 17:17:27.208 [info] > git status -z -uall [3ms]
2023-09-17 17:17:42.854 [info] > git config --get commit.template [14ms]
2023-09-17 17:17:42.855 [info] > git for-each-ref --format=%(refname)%00%(upstream:short)%00%(objectname)%00%(upstream:track)%00%(upstream:remotename)%00%(upstream:remoteref) refs/heads/ida-frontend refs/remotes/ida-frontend [4ms]
2023-09-17 17:17:42.876 [info] > git status -z -uall [4ms]
2023-09-17 17:17:50.146 [info] > git config --get commit.template [20ms]
2023-09-17 17:17:50.147 [info] > git for-each-ref --format=%(refname)%00%(upstream:short)%00%(objectname)%00%(upstream:track)%00%(upstream:remotename)%00%(upstream:remoteref) refs/heads/ida-frontend refs/remotes/ida-frontend [2ms]
2023-09-17 17:17:50.165 [info] > git status -z -uall [2ms]
2023-09-17 17:18:09.529 [info] > git config --get commit.template [20ms]
2023-09-17 17:18:09.530 [info] > git for-each-ref --format=%(refname)%00%(upstream:short)%00%(objectname)%00%(upstream:track)%00%(upstream:remotename)%00%(upstream:remoteref) refs/heads/ida-frontend refs/remotes/ida-frontend [2ms]
2023-09-17 17:18:09.551 [info] > git status -z -uall [4ms]
2023-09-17 17:18:18.380 [info] > git config --get commit.template [16ms]
2023-09-17 17:18:18.381 [info] > git for-each-ref --format=%(refname)%00%(upstream:short)%00%(objectname)%00%(upstream:track)%00%(upstream:remotename)%00%(upstream:remoteref) refs/heads/ida-frontend refs/remotes/ida-frontend [3ms]
2023-09-17 17:18:18.397 [info] > git status -z -uall [3ms]
2023-09-17 17:18:24.045 [info] > git config --get commit.template [17ms]
2023-09-17 17:18:24.046 [info] > git for-each-ref --format=%(refname)%00%(upstream:short)%00%(objectname)%00%(upstream:track)%00%(upstream:remotename)%00%(upstream:remoteref) refs/heads/ida-frontend refs/remotes/ida-frontend [2ms]
2023-09-17 17:18:24.066 [info] > git status -z -uall [4ms]
2023-09-17 17:21:12.645 [info] > git check-ignore -v -z --stdin [1ms]
2023-09-17 17:22:47.576 [info] > git check-ignore -v -z --stdin [1ms]
2023-09-17 17:22:50.797 [info] > git show --textconv :public/css/style.css [21ms]
2023-09-17 17:22:50.818 [info] > git ls-files --stage -- /home/abhi/projects/infinity-digital-agency-website/public/css/style.css [28ms]
2023-09-17 17:22:50.842 [info] > git cat-file -s ebdf6f729582d956906dcb8a2968a98d188e1571 [3ms]
