2023-09-17 17:19:30.072 [info] Added views:workbench.panel.markers.view in workbench.panel.markers
2023-09-17 17:19:30.072 [info] Added views:workbench.panel.output in workbench.panel.output
2023-09-17 17:19:30.072 [info] Added views:terminal in terminal
2023-09-17 17:19:30.072 [info] Added views:outline in workbench.view.explorer
2023-09-17 17:19:30.072 [info] Added views:workbench.scm in workbench.view.scm
2023-09-17 17:19:30.072 [info] Added views:workbench.view.search in workbench.view.search
2023-09-17 17:19:30.072 [info] Added views:timeline in workbench.view.explorer
2023-09-17 17:19:30.072 [info] Added views:workbench.explorer.emptyView in workbench.view.explorer
2023-09-17 17:19:30.366 [info] Added views:workbench.debug.variablesView,workbench.debug.watchExpressionsView,workbench.debug.callStackView,workbench.debug.breakPointsView in workbench.view.debug
2023-09-17 17:19:30.482 [info] Added views:~remote.forwardedPorts in ~remote.forwardedPortsContainer
2023-09-17 17:19:30.675 [info] Added views:workbench.panel.repl.view in workbench.panel.repl
2023-09-17 17:19:30.676 [info] Removed views:workbench.debug.breakPointsView,workbench.debug.callStackView,workbench.debug.watchExpressionsView,workbench.debug.variablesView from workbench.view.debug
2023-09-17 17:19:30.677 [info] Added views:workbench.debug.welcome in workbench.view.debug
2023-09-17 17:19:44.972 [info] Added views:workbench.panel.markers.view in workbench.panel.markers
2023-09-17 17:19:44.972 [info] Added views:workbench.panel.output in workbench.panel.output
2023-09-17 17:19:44.972 [info] Added views:terminal in terminal
2023-09-17 17:19:44.972 [info] Added views:outline in workbench.view.explorer
2023-09-17 17:19:44.972 [info] Added views:workbench.scm in workbench.view.scm
2023-09-17 17:19:44.972 [info] Added views:workbench.view.search in workbench.view.search
2023-09-17 17:19:44.972 [info] Added views:timeline in workbench.view.explorer
2023-09-17 17:19:44.972 [info] Added views:workbench.explorer.fileView in workbench.view.explorer
2023-09-17 17:19:45.184 [info] Added views:workbench.debug.welcome in workbench.view.debug
2023-09-17 17:19:45.460 [info] Added views:workbench.panel.repl.view in workbench.panel.repl
2023-09-17 17:19:45.983 [info] Added views:~remote.forwardedPorts in ~remote.forwardedPortsContainer
