2023-09-19 09:42:26.421 [info] Log level: Info
2023-09-19 09:42:26.421 [info] Validating found git in: "git"
2023-09-19 09:42:26.421 [info] Using git "2.42.0" from "git"
2023-09-19 09:42:26.421 [info] > git rev-parse --show-toplevel [5ms]
2023-09-19 09:42:26.429 [info] > git rev-parse --git-dir --git-common-dir [1ms]
2023-09-19 09:42:26.437 [info] Open repository: /home/abhi/.config
2023-09-19 09:42:26.451 [info] > git rev-parse --show-toplevel [1ms]
2023-09-19 09:42:26.452 [info] > git config --get commit.template [8ms]
2023-09-19 09:42:26.465 [info] > git rev-parse --show-toplevel [6ms]
2023-09-19 09:42:26.471 [info] > git rev-parse --show-toplevel [1ms]
2023-09-19 09:42:26.476 [info] > git for-each-ref --format=%(refname)%00%(upstream:short)%00%(objectname)%00%(upstream:track)%00%(upstream:remotename)%00%(upstream:remoteref) refs/heads/main refs/remotes/main [12ms]
2023-09-19 09:42:26.482 [info] > git rev-parse --show-toplevel [7ms]
2023-09-19 09:42:26.488 [info] > git rev-parse --show-toplevel [0ms]
2023-09-19 09:42:26.493 [info] > git rev-parse --show-toplevel [1ms]
2023-09-19 09:42:26.500 [info] > git rev-parse --show-toplevel [1ms]
2023-09-19 09:42:26.506 [info] > git rev-parse --show-toplevel [1ms]
2023-09-19 09:42:26.512 [info] > git rev-parse --show-toplevel [1ms]
2023-09-19 09:42:26.517 [info] > git rev-parse --show-toplevel [1ms]
2023-09-19 09:42:26.523 [info] > git rev-parse --show-toplevel [0ms]
2023-09-19 09:42:26.529 [info] > git rev-parse --show-toplevel [1ms]
2023-09-19 09:42:26.534 [info] > git rev-parse --show-toplevel [1ms]
2023-09-19 09:42:26.540 [info] > git rev-parse --show-toplevel [1ms]
2023-09-19 09:42:26.546 [info] > git rev-parse --show-toplevel [1ms]
2023-09-19 09:42:26.552 [info] > git rev-parse --show-toplevel [1ms]
2023-09-19 09:42:26.557 [info] > git rev-parse --show-toplevel [1ms]
2023-09-19 09:42:26.562 [info] > git rev-parse --show-toplevel [0ms]
2023-09-19 09:42:26.568 [info] > git rev-parse --show-toplevel [1ms]
2023-09-19 09:42:26.573 [info] > git rev-parse --show-toplevel [1ms]
2023-09-19 09:42:26.579 [info] > git rev-parse --show-toplevel [1ms]
2023-09-19 09:42:26.584 [info] > git rev-parse --show-toplevel [1ms]
2023-09-19 09:42:26.590 [info] > git rev-parse --show-toplevel [1ms]
2023-09-19 09:42:26.596 [info] > git rev-parse --show-toplevel [1ms]
2023-09-19 09:42:26.602 [info] > git rev-parse --show-toplevel [1ms]
2023-09-19 09:42:26.607 [info] > git rev-parse --show-toplevel [0ms]
2023-09-19 09:42:26.613 [info] > git rev-parse --show-toplevel [1ms]
2023-09-19 09:42:26.906 [info] > git status -z -uall [424ms]
2023-09-19 09:42:26.951 [info] > git config --get commit.template [4ms]
2023-09-19 09:42:27.008 [info] > git check-ignore -v -z --stdin [46ms]
2023-09-19 09:42:27.008 [info] > git for-each-ref --format=%(refname)%00%(upstream:short)%00%(objectname)%00%(upstream:track)%00%(upstream:remotename)%00%(upstream:remoteref) refs/heads/main refs/remotes/main [39ms]
2023-09-19 09:42:27.159 [info] > git status -z -uall [145ms]
2023-09-19 09:42:28.834 [info] > git check-ignore -v -z --stdin [4ms]
2023-09-19 09:42:30.236 [info] > git config --get commit.template [6ms]
2023-09-19 09:42:30.237 [info] > git for-each-ref --format=%(refname)%00%(upstream:short)%00%(objectname)%00%(upstream:track)%00%(upstream:remotename)%00%(upstream:remoteref) refs/heads/main refs/remotes/main [2ms]
2023-09-19 09:42:30.358 [info] > git status -z -uall [117ms]
2023-09-19 09:42:32.305 [info] > git check-ignore -v -z --stdin [8ms]
2023-09-19 09:42:35.396 [info] > git config --get commit.template [7ms]
2023-09-19 09:42:35.396 [info] > git for-each-ref --format=%(refname)%00%(upstream:short)%00%(objectname)%00%(upstream:track)%00%(upstream:remotename)%00%(upstream:remoteref) refs/heads/main refs/remotes/main [1ms]
2023-09-19 09:42:35.522 [info] > git status -z -uall [120ms]
2023-09-19 09:42:40.561 [info] > git config --get commit.template [6ms]
2023-09-19 09:42:40.561 [info] > git for-each-ref --format=%(refname)%00%(upstream:short)%00%(objectname)%00%(upstream:track)%00%(upstream:remotename)%00%(upstream:remoteref) refs/heads/main refs/remotes/main [1ms]
2023-09-19 09:42:40.683 [info] > git status -z -uall [117ms]
2023-09-19 09:42:45.726 [info] > git config --get commit.template [6ms]
2023-09-19 09:42:45.727 [info] > git for-each-ref --format=%(refname)%00%(upstream:short)%00%(objectname)%00%(upstream:track)%00%(upstream:remotename)%00%(upstream:remoteref) refs/heads/main refs/remotes/main [1ms]
2023-09-19 09:42:45.849 [info] > git status -z -uall [117ms]
2023-09-19 09:42:47.496 [info] > git show --textconv :.gitignore [6ms]
2023-09-19 09:42:47.499 [info] > git ls-files --stage -- /home/abhi/.config/.gitignore [3ms]
2023-09-19 09:42:47.769 [info] > git check-ignore -v -z --stdin [3ms]
2023-09-19 09:42:50.884 [info] > git config --get commit.template [7ms]
2023-09-19 09:42:50.884 [info] > git for-each-ref --format=%(refname)%00%(upstream:short)%00%(objectname)%00%(upstream:track)%00%(upstream:remotename)%00%(upstream:remoteref) refs/heads/main refs/remotes/main [1ms]
2023-09-19 09:42:51.006 [info] > git status -z -uall [117ms]
2023-09-19 09:42:56.038 [info] > git config --get commit.template [6ms]
2023-09-19 09:42:56.039 [info] > git for-each-ref --format=%(refname)%00%(upstream:short)%00%(objectname)%00%(upstream:track)%00%(upstream:remotename)%00%(upstream:remoteref) refs/heads/main refs/remotes/main [2ms]
2023-09-19 09:42:56.159 [info] > git status -z -uall [116ms]
2023-09-19 09:43:01.198 [info] > git config --get commit.template [7ms]
2023-09-19 09:43:01.199 [info] > git for-each-ref --format=%(refname)%00%(upstream:short)%00%(objectname)%00%(upstream:track)%00%(upstream:remotename)%00%(upstream:remoteref) refs/heads/main refs/remotes/main [1ms]
2023-09-19 09:43:01.327 [info] > git status -z -uall [123ms]
2023-09-19 09:43:06.363 [info] > git config --get commit.template [6ms]
2023-09-19 09:43:06.363 [info] > git for-each-ref --format=%(refname)%00%(upstream:short)%00%(objectname)%00%(upstream:track)%00%(upstream:remotename)%00%(upstream:remoteref) refs/heads/main refs/remotes/main [1ms]
2023-09-19 09:43:06.486 [info] > git status -z -uall [117ms]
2023-09-19 09:43:11.522 [info] > git config --get commit.template [6ms]
2023-09-19 09:43:11.523 [info] > git for-each-ref --format=%(refname)%00%(upstream:short)%00%(objectname)%00%(upstream:track)%00%(upstream:remotename)%00%(upstream:remoteref) refs/heads/main refs/remotes/main [1ms]
2023-09-19 09:43:11.646 [info] > git status -z -uall [118ms]
2023-09-19 09:43:16.439 [info] > git check-ignore -v -z --stdin [14ms]
2023-09-19 09:43:16.688 [info] > git config --get commit.template [6ms]
2023-09-19 09:43:16.689 [info] > git for-each-ref --format=%(refname)%00%(upstream:short)%00%(objectname)%00%(upstream:track)%00%(upstream:remotename)%00%(upstream:remoteref) refs/heads/main refs/remotes/main [1ms]
2023-09-19 09:43:16.811 [info] > git status -z -uall [117ms]
2023-09-19 09:43:18.213 [info] > git check-ignore -v -z --stdin [9ms]
2023-09-19 09:43:21.847 [info] > git config --get commit.template [6ms]
2023-09-19 09:43:21.848 [info] > git for-each-ref --format=%(refname)%00%(upstream:short)%00%(objectname)%00%(upstream:track)%00%(upstream:remotename)%00%(upstream:remoteref) refs/heads/main refs/remotes/main [1ms]
2023-09-19 09:43:21.969 [info] > git status -z -uall [115ms]
2023-09-19 09:43:24.583 [info] > git check-ignore -v -z --stdin [9ms]
2023-09-19 09:43:27.002 [info] > git config --get commit.template [6ms]
2023-09-19 09:43:27.003 [info] > git for-each-ref --format=%(refname)%00%(upstream:short)%00%(objectname)%00%(upstream:track)%00%(upstream:remotename)%00%(upstream:remoteref) refs/heads/main refs/remotes/main [2ms]
2023-09-19 09:43:27.126 [info] > git status -z -uall [118ms]
2023-09-19 09:43:28.934 [info] > git check-ignore -v -z --stdin [8ms]
2023-09-19 09:43:32.158 [info] > git config --get commit.template [6ms]
2023-09-19 09:43:32.159 [info] > git for-each-ref --format=%(refname)%00%(upstream:short)%00%(objectname)%00%(upstream:track)%00%(upstream:remotename)%00%(upstream:remoteref) refs/heads/main refs/remotes/main [2ms]
2023-09-19 09:43:32.279 [info] > git status -z -uall [115ms]
2023-09-19 09:43:33.754 [info] > git check-ignore -v -z --stdin [10ms]
2023-09-19 09:43:36.665 [info] > git check-ignore -v -z --stdin [9ms]
2023-09-19 09:43:37.308 [info] > git config --get commit.template [1ms]
2023-09-19 09:43:37.316 [info] > git for-each-ref --format=%(refname)%00%(upstream:short)%00%(objectname)%00%(upstream:track)%00%(upstream:remotename)%00%(upstream:remoteref) refs/heads/main refs/remotes/main [1ms]
2023-09-19 09:43:37.438 [info] > git status -z -uall [117ms]
2023-09-19 09:43:39.633 [info] > git check-ignore -v -z --stdin [10ms]
2023-09-19 09:43:41.442 [info] > git check-ignore -v -z --stdin [8ms]
2023-09-19 09:43:42.477 [info] > git check-ignore -v -z --stdin [13ms]
2023-09-19 09:43:42.478 [info] > git config --get commit.template [7ms]
2023-09-19 09:43:42.479 [info] > git for-each-ref --format=%(refname)%00%(upstream:short)%00%(objectname)%00%(upstream:track)%00%(upstream:remotename)%00%(upstream:remoteref) refs/heads/main refs/remotes/main [3ms]
2023-09-19 09:43:42.602 [info] > git status -z -uall [118ms]
2023-09-19 09:43:47.597 [info] > git check-ignore -v -z --stdin [9ms]
2023-09-19 09:43:47.630 [info] > git config --get commit.template [1ms]
2023-09-19 09:43:47.636 [info] > git for-each-ref --format=%(refname)%00%(upstream:short)%00%(objectname)%00%(upstream:track)%00%(upstream:remotename)%00%(upstream:remoteref) refs/heads/main refs/remotes/main [1ms]
2023-09-19 09:43:47.758 [info] > git status -z -uall [117ms]
2023-09-19 09:43:52.785 [info] > git config --get commit.template [0ms]
2023-09-19 09:43:52.796 [info] > git for-each-ref --format=%(refname)%00%(upstream:short)%00%(objectname)%00%(upstream:track)%00%(upstream:remotename)%00%(upstream:remoteref) refs/heads/main refs/remotes/main [1ms]
2023-09-19 09:43:52.916 [info] > git status -z -uall [115ms]
2023-09-19 09:43:54.369 [info] > git check-ignore -v -z --stdin [9ms]
2023-09-19 09:43:55.747 [info] > git check-ignore -v -z --stdin [9ms]
2023-09-19 09:43:57.948 [info] > git config --get commit.template [6ms]
2023-09-19 09:43:57.949 [info] > git for-each-ref --format=%(refname)%00%(upstream:short)%00%(objectname)%00%(upstream:track)%00%(upstream:remotename)%00%(upstream:remoteref) refs/heads/main refs/remotes/main [1ms]
2023-09-19 09:43:58.072 [info] > git status -z -uall [118ms]
2023-09-19 09:43:59.813 [info] > git check-ignore -v -z --stdin [9ms]
2023-09-19 09:44:02.782 [info] > git check-ignore -v -z --stdin [9ms]
2023-09-19 09:44:03.104 [info] > git config --get commit.template [6ms]
2023-09-19 09:44:03.104 [info] > git for-each-ref --format=%(refname)%00%(upstream:short)%00%(objectname)%00%(upstream:track)%00%(upstream:remotename)%00%(upstream:remoteref) refs/heads/main refs/remotes/main [1ms]
2023-09-19 09:44:03.225 [info] > git status -z -uall [115ms]
2023-09-19 09:44:06.381 [info] > git check-ignore -v -z --stdin [8ms]
2023-09-19 09:44:08.251 [info] > git config --get commit.template [6ms]
2023-09-19 09:44:08.251 [info] > git for-each-ref --format=%(refname)%00%(upstream:short)%00%(objectname)%00%(upstream:track)%00%(upstream:remotename)%00%(upstream:remoteref) refs/heads/main refs/remotes/main [1ms]
2023-09-19 09:44:08.372 [info] > git status -z -uall [116ms]
2023-09-19 09:44:09.022 [info] > git check-ignore -v -z --stdin [9ms]
2023-09-19 09:44:13.395 [info] > git config --get commit.template [6ms]
2023-09-19 09:44:13.396 [info] > git for-each-ref --format=%(refname)%00%(upstream:short)%00%(objectname)%00%(upstream:track)%00%(upstream:remotename)%00%(upstream:remoteref) refs/heads/main refs/remotes/main [1ms]
2023-09-19 09:44:13.515 [info] > git status -z -uall [114ms]
2023-09-19 09:44:14.434 [info] > git check-ignore -v -z --stdin [9ms]
2023-09-19 09:44:17.659 [info] > git check-ignore -v -z --stdin [9ms]
2023-09-19 09:44:18.536 [info] > git config --get commit.template [1ms]
2023-09-19 09:44:18.542 [info] > git for-each-ref --format=%(refname)%00%(upstream:short)%00%(objectname)%00%(upstream:track)%00%(upstream:remotename)%00%(upstream:remoteref) refs/heads/main refs/remotes/main [1ms]
2023-09-19 09:44:18.664 [info] > git status -z -uall [117ms]
2023-09-19 09:44:23.689 [info] > git config --get commit.template [6ms]
2023-09-19 09:44:23.690 [info] > git for-each-ref --format=%(refname)%00%(upstream:short)%00%(objectname)%00%(upstream:track)%00%(upstream:remotename)%00%(upstream:remoteref) refs/heads/main refs/remotes/main [2ms]
2023-09-19 09:44:23.809 [info] > git status -z -uall [115ms]
2023-09-19 09:44:24.461 [info] > git check-ignore -v -z --stdin [9ms]
2023-09-19 09:44:28.834 [info] > git config --get commit.template [7ms]
2023-09-19 09:44:28.834 [info] > git for-each-ref --format=%(refname)%00%(upstream:short)%00%(objectname)%00%(upstream:track)%00%(upstream:remotename)%00%(upstream:remoteref) refs/heads/main refs/remotes/main [1ms]
2023-09-19 09:44:28.953 [info] > git status -z -uall [113ms]
2023-09-19 09:44:30.654 [info] > git check-ignore -v -z --stdin [4ms]
2023-09-19 09:44:41.529 [info] > git config --get commit.template [10ms]
2023-09-19 09:44:41.529 [info] > git for-each-ref --format=%(refname)%00%(upstream:short)%00%(objectname)%00%(upstream:track)%00%(upstream:remotename)%00%(upstream:remoteref) refs/heads/main refs/remotes/main [1ms]
2023-09-19 09:44:41.667 [info] > git status -z -uall [130ms]
2023-09-19 09:44:46.692 [info] > git config --get commit.template [6ms]
2023-09-19 09:44:46.692 [info] > git for-each-ref --format=%(refname)%00%(upstream:short)%00%(objectname)%00%(upstream:track)%00%(upstream:remotename)%00%(upstream:remoteref) refs/heads/main refs/remotes/main [1ms]
2023-09-19 09:44:46.811 [info] > git status -z -uall [114ms]
2023-09-19 09:44:51.835 [info] > git config --get commit.template [6ms]
2023-09-19 09:44:51.836 [info] > git for-each-ref --format=%(refname)%00%(upstream:short)%00%(objectname)%00%(upstream:track)%00%(upstream:remotename)%00%(upstream:remoteref) refs/heads/main refs/remotes/main [1ms]
2023-09-19 09:44:51.958 [info] > git status -z -uall [116ms]
2023-09-19 09:44:52.110 [info] > git check-ignore -v -z --stdin [10ms]
2023-09-19 09:44:54.334 [info] > git check-ignore -v -z --stdin [9ms]
2023-09-19 09:44:56.064 [info] > git check-ignore -v -z --stdin [9ms]
2023-09-19 09:44:56.984 [info] > git config --get commit.template [6ms]
2023-09-19 09:44:56.984 [info] > git for-each-ref --format=%(refname)%00%(upstream:short)%00%(objectname)%00%(upstream:track)%00%(upstream:remotename)%00%(upstream:remoteref) refs/heads/main refs/remotes/main [1ms]
2023-09-19 09:44:57.103 [info] > git status -z -uall [114ms]
2023-09-19 09:44:58.809 [info] > git check-ignore -v -z --stdin [8ms]
2023-09-19 09:45:02.127 [info] > git config --get commit.template [6ms]
2023-09-19 09:45:02.128 [info] > git for-each-ref --format=%(refname)%00%(upstream:short)%00%(objectname)%00%(upstream:track)%00%(upstream:remotename)%00%(upstream:remoteref) refs/heads/main refs/remotes/main [2ms]
2023-09-19 09:45:02.246 [info] > git status -z -uall [114ms]
2023-09-19 09:45:07.271 [info] > git config --get commit.template [6ms]
2023-09-19 09:45:07.271 [info] > git for-each-ref --format=%(refname)%00%(upstream:short)%00%(objectname)%00%(upstream:track)%00%(upstream:remotename)%00%(upstream:remoteref) refs/heads/main refs/remotes/main [1ms]
2023-09-19 09:45:07.390 [info] > git status -z -uall [114ms]
2023-09-19 09:45:09.661 [info] > git check-ignore -v -z --stdin [9ms]
2023-09-19 09:45:11.318 [info] > git check-ignore -v -z --stdin [10ms]
2023-09-19 09:45:12.172 [info] > git check-ignore -v -z --stdin [2ms]
2023-09-19 09:45:12.414 [info] > git config --get commit.template [6ms]
2023-09-19 09:45:12.415 [info] > git for-each-ref --format=%(refname)%00%(upstream:short)%00%(objectname)%00%(upstream:track)%00%(upstream:remotename)%00%(upstream:remoteref) refs/heads/main refs/remotes/main [1ms]
2023-09-19 09:45:12.531 [info] > git status -z -uall [111ms]
2023-09-19 09:45:17.559 [info] > git config --get commit.template [6ms]
2023-09-19 09:45:17.560 [info] > git for-each-ref --format=%(refname)%00%(upstream:short)%00%(objectname)%00%(upstream:track)%00%(upstream:remotename)%00%(upstream:remoteref) refs/heads/main refs/remotes/main [1ms]
2023-09-19 09:45:17.675 [info] > git status -z -uall [110ms]
2023-09-19 09:45:19.059 [info] > git check-ignore -v -z --stdin [9ms]
2023-09-19 09:45:20.548 [info] > git check-ignore -v -z --stdin [9ms]
2023-09-19 09:45:22.700 [info] > git config --get commit.template [6ms]
2023-09-19 09:45:22.700 [info] > git for-each-ref --format=%(refname)%00%(upstream:short)%00%(objectname)%00%(upstream:track)%00%(upstream:remotename)%00%(upstream:remoteref) refs/heads/main refs/remotes/main [1ms]
2023-09-19 09:45:22.818 [info] > git status -z -uall [113ms]
2023-09-19 09:45:27.843 [info] > git config --get commit.template [6ms]
2023-09-19 09:45:27.844 [info] > git for-each-ref --format=%(refname)%00%(upstream:short)%00%(objectname)%00%(upstream:track)%00%(upstream:remotename)%00%(upstream:remoteref) refs/heads/main refs/remotes/main [1ms]
2023-09-19 09:45:27.960 [info] > git status -z -uall [111ms]
2023-09-19 09:45:30.842 [info] > git check-ignore -v -z --stdin [9ms]
2023-09-19 09:45:32.987 [info] > git config --get commit.template [6ms]
2023-09-19 09:45:32.987 [info] > git for-each-ref --format=%(refname)%00%(upstream:short)%00%(objectname)%00%(upstream:track)%00%(upstream:remotename)%00%(upstream:remoteref) refs/heads/main refs/remotes/main [1ms]
2023-09-19 09:45:33.073 [info] > git status -z -uall [81ms]
2023-09-19 09:45:37.027 [info] > git check-ignore -v -z --stdin [3ms]
2023-09-19 09:45:38.097 [info] > git config --get commit.template [6ms]
2023-09-19 09:45:38.098 [info] > git for-each-ref --format=%(refname)%00%(upstream:short)%00%(objectname)%00%(upstream:track)%00%(upstream:remotename)%00%(upstream:remoteref) refs/heads/main refs/remotes/main [2ms]
2023-09-19 09:45:38.184 [info] > git status -z -uall [82ms]
2023-09-19 09:45:39.400 [info] > git check-ignore -v -z --stdin [4ms]
2023-09-19 09:45:42.420 [info] > git check-ignore -v -z --stdin [8ms]
2023-09-19 09:45:43.209 [info] > git config --get commit.template [7ms]
2023-09-19 09:45:43.209 [info] > git for-each-ref --format=%(refname)%00%(upstream:short)%00%(objectname)%00%(upstream:track)%00%(upstream:remotename)%00%(upstream:remoteref) refs/heads/main refs/remotes/main [1ms]
2023-09-19 09:45:43.299 [info] > git status -z -uall [84ms]
2023-09-19 09:45:46.458 [info] > git check-ignore -v -z --stdin [17ms]
2023-09-19 09:45:47.983 [info] > git check-ignore -v -z --stdin [11ms]
2023-09-19 09:45:48.327 [info] > git config --get commit.template [8ms]
2023-09-19 09:45:48.328 [info] > git for-each-ref --format=%(refname)%00%(upstream:short)%00%(objectname)%00%(upstream:track)%00%(upstream:remotename)%00%(upstream:remoteref) refs/heads/main refs/remotes/main [1ms]
2023-09-19 09:45:48.425 [info] > git status -z -uall [89ms]
2023-09-19 09:45:53.451 [info] > git config --get commit.template [7ms]
2023-09-19 09:45:53.452 [info] > git for-each-ref --format=%(refname)%00%(upstream:short)%00%(objectname)%00%(upstream:track)%00%(upstream:remotename)%00%(upstream:remoteref) refs/heads/main refs/remotes/main [2ms]
2023-09-19 09:45:53.545 [info] > git status -z -uall [87ms]
2023-09-19 09:45:56.660 [info] > git clean -f -q -- /home/abhi/.config/.gitignore [5ms]
2023-09-19 09:45:56.764 [info] > git checkout -q [96ms]
2023-09-19 09:45:56.780 [info] > git config --get commit.template [7ms]
2023-09-19 09:45:56.780 [info] > git for-each-ref --format=%(refname)%00%(upstream:short)%00%(objectname)%00%(upstream:track)%00%(upstream:remotename)%00%(upstream:remoteref) refs/heads/main refs/remotes/main [1ms]
2023-09-19 09:45:56.920 [info] > git status -z -uall [133ms]
2023-09-19 09:45:58.024 [info] > git ls-files --stage -- /home/abhi/.config/.gitignore [3ms]
2023-09-19 09:45:58.033 [info] > git show --textconv :.gitignore [2ms]
2023-09-19 09:45:58.572 [info] > git config --get commit.template [7ms]
2023-09-19 09:45:58.573 [info] > git for-each-ref --format=%(refname)%00%(upstream:short)%00%(objectname)%00%(upstream:track)%00%(upstream:remotename)%00%(upstream:remoteref) refs/heads/main refs/remotes/main [1ms]
2023-09-19 09:45:58.704 [info] > git status -z -uall [125ms]
2023-09-19 09:46:03.743 [info] > git config --get commit.template [7ms]
2023-09-19 09:46:03.744 [info] > git for-each-ref --format=%(refname)%00%(upstream:short)%00%(objectname)%00%(upstream:track)%00%(upstream:remotename)%00%(upstream:remoteref) refs/heads/main refs/remotes/main [2ms]
2023-09-19 09:46:03.873 [info] > git status -z -uall [123ms]
2023-09-19 09:46:08.910 [info] > git config --get commit.template [6ms]
2023-09-19 09:46:08.911 [info] > git for-each-ref --format=%(refname)%00%(upstream:short)%00%(objectname)%00%(upstream:track)%00%(upstream:remotename)%00%(upstream:remoteref) refs/heads/main refs/remotes/main [1ms]
2023-09-19 09:46:09.035 [info] > git status -z -uall [119ms]
2023-09-19 09:46:14.081 [info] > git config --get commit.template [6ms]
2023-09-19 09:46:14.082 [info] > git for-each-ref --format=%(refname)%00%(upstream:short)%00%(objectname)%00%(upstream:track)%00%(upstream:remotename)%00%(upstream:remoteref) refs/heads/main refs/remotes/main [1ms]
2023-09-19 09:46:14.206 [info] > git status -z -uall [118ms]
2023-09-19 09:46:19.244 [info] > git config --get commit.template [8ms]
2023-09-19 09:46:19.245 [info] > git for-each-ref --format=%(refname)%00%(upstream:short)%00%(objectname)%00%(upstream:track)%00%(upstream:remotename)%00%(upstream:remoteref) refs/heads/main refs/remotes/main [2ms]
2023-09-19 09:46:19.376 [info] > git status -z -uall [119ms]
2023-09-19 09:46:24.417 [info] > git config --get commit.template [6ms]
2023-09-19 09:46:24.417 [info] > git for-each-ref --format=%(refname)%00%(upstream:short)%00%(objectname)%00%(upstream:track)%00%(upstream:remotename)%00%(upstream:remoteref) refs/heads/main refs/remotes/main [1ms]
2023-09-19 09:46:24.541 [info] > git status -z -uall [119ms]
2023-09-19 09:46:29.574 [info] > git check-ignore -v -z --stdin [15ms]
2023-09-19 09:46:29.575 [info] > git config --get commit.template [2ms]
2023-09-19 09:46:29.581 [info] > git for-each-ref --format=%(refname)%00%(upstream:short)%00%(objectname)%00%(upstream:track)%00%(upstream:remotename)%00%(upstream:remoteref) refs/heads/main refs/remotes/main [1ms]
2023-09-19 09:46:29.670 [info] > git status -z -uall [82ms]
2023-09-19 09:46:34.699 [info] > git config --get commit.template [6ms]
2023-09-19 09:46:34.700 [info] > git for-each-ref --format=%(refname)%00%(upstream:short)%00%(objectname)%00%(upstream:track)%00%(upstream:remotename)%00%(upstream:remoteref) refs/heads/main refs/remotes/main [1ms]
2023-09-19 09:46:34.788 [info] > git status -z -uall [83ms]
2023-09-19 09:46:36.431 [info] > git show --textconv :README.md [11ms]
2023-09-19 09:46:36.434 [info] > git ls-files --stage -- /home/abhi/.config/README.md [4ms]
2023-09-19 09:46:36.443 [info] > git cat-file -s 26fed360e3fc05d6f177d4f69489a0359949f290 [1ms]
2023-09-19 09:46:39.811 [info] > git config --get commit.template [6ms]
2023-09-19 09:46:39.812 [info] > git for-each-ref --format=%(refname)%00%(upstream:short)%00%(objectname)%00%(upstream:track)%00%(upstream:remotename)%00%(upstream:remoteref) refs/heads/main refs/remotes/main [1ms]
2023-09-19 09:46:39.899 [info] > git status -z -uall [82ms]
2023-09-19 09:46:44.924 [info] > git config --get commit.template [6ms]
2023-09-19 09:46:44.924 [info] > git for-each-ref --format=%(refname)%00%(upstream:short)%00%(objectname)%00%(upstream:track)%00%(upstream:remotename)%00%(upstream:remoteref) refs/heads/main refs/remotes/main [1ms]
2023-09-19 09:46:45.018 [info] > git status -z -uall [89ms]
2023-09-19 09:46:50.043 [info] > git config --get commit.template [6ms]
2023-09-19 09:46:50.043 [info] > git for-each-ref --format=%(refname)%00%(upstream:short)%00%(objectname)%00%(upstream:track)%00%(upstream:remotename)%00%(upstream:remoteref) refs/heads/main refs/remotes/main [1ms]
2023-09-19 09:46:50.131 [info] > git status -z -uall [83ms]
2023-09-19 09:46:55.155 [info] > git config --get commit.template [5ms]
2023-09-19 09:46:55.155 [info] > git for-each-ref --format=%(refname)%00%(upstream:short)%00%(objectname)%00%(upstream:track)%00%(upstream:remotename)%00%(upstream:remoteref) refs/heads/main refs/remotes/main [1ms]
2023-09-19 09:46:55.244 [info] > git status -z -uall [83ms]
2023-09-19 09:47:00.268 [info] > git config --get commit.template [6ms]
2023-09-19 09:47:00.269 [info] > git for-each-ref --format=%(refname)%00%(upstream:short)%00%(objectname)%00%(upstream:track)%00%(upstream:remotename)%00%(upstream:remoteref) refs/heads/main refs/remotes/main [1ms]
2023-09-19 09:47:00.357 [info] > git status -z -uall [83ms]
2023-09-19 09:47:05.380 [info] > git config --get commit.template [6ms]
2023-09-19 09:47:05.381 [info] > git for-each-ref --format=%(refname)%00%(upstream:short)%00%(objectname)%00%(upstream:track)%00%(upstream:remotename)%00%(upstream:remoteref) refs/heads/main refs/remotes/main [1ms]
2023-09-19 09:47:05.469 [info] > git status -z -uall [83ms]
2023-09-19 09:47:10.494 [info] > git config --get commit.template [7ms]
2023-09-19 09:47:10.494 [info] > git for-each-ref --format=%(refname)%00%(upstream:short)%00%(objectname)%00%(upstream:track)%00%(upstream:remotename)%00%(upstream:remoteref) refs/heads/main refs/remotes/main [1ms]
2023-09-19 09:47:10.585 [info] > git status -z -uall [86ms]
2023-09-19 09:47:15.604 [info] > git config --get commit.template [1ms]
2023-09-19 09:47:15.610 [info] > git for-each-ref --format=%(refname)%00%(upstream:short)%00%(objectname)%00%(upstream:track)%00%(upstream:remotename)%00%(upstream:remoteref) refs/heads/main refs/remotes/main [1ms]
2023-09-19 09:47:15.699 [info] > git status -z -uall [84ms]
2023-09-19 09:47:20.723 [info] > git config --get commit.template [6ms]
2023-09-19 09:47:20.724 [info] > git for-each-ref --format=%(refname)%00%(upstream:short)%00%(objectname)%00%(upstream:track)%00%(upstream:remotename)%00%(upstream:remoteref) refs/heads/main refs/remotes/main [1ms]
2023-09-19 09:47:20.810 [info] > git status -z -uall [82ms]
2023-09-19 09:47:25.835 [info] > git config --get commit.template [6ms]
2023-09-19 09:47:25.836 [info] > git for-each-ref --format=%(refname)%00%(upstream:short)%00%(objectname)%00%(upstream:track)%00%(upstream:remotename)%00%(upstream:remoteref) refs/heads/main refs/remotes/main [1ms]
2023-09-19 09:47:25.924 [info] > git status -z -uall [83ms]
2023-09-19 09:47:30.947 [info] > git config --get commit.template [6ms]
2023-09-19 09:47:30.948 [info] > git for-each-ref --format=%(refname)%00%(upstream:short)%00%(objectname)%00%(upstream:track)%00%(upstream:remotename)%00%(upstream:remoteref) refs/heads/main refs/remotes/main [1ms]
2023-09-19 09:47:31.044 [info] > git status -z -uall [83ms]
2023-09-19 09:47:36.069 [info] > git config --get commit.template [6ms]
2023-09-19 09:47:36.070 [info] > git for-each-ref --format=%(refname)%00%(upstream:short)%00%(objectname)%00%(upstream:track)%00%(upstream:remotename)%00%(upstream:remoteref) refs/heads/main refs/remotes/main [1ms]
2023-09-19 09:47:36.165 [info] > git status -z -uall [83ms]
2023-09-19 09:47:41.189 [info] > git config --get commit.template [5ms]
2023-09-19 09:47:41.190 [info] > git for-each-ref --format=%(refname)%00%(upstream:short)%00%(objectname)%00%(upstream:track)%00%(upstream:remotename)%00%(upstream:remoteref) refs/heads/main refs/remotes/main [1ms]
2023-09-19 09:47:41.278 [info] > git status -z -uall [82ms]
2023-09-19 09:47:46.301 [info] > git config --get commit.template [5ms]
2023-09-19 09:47:46.302 [info] > git for-each-ref --format=%(refname)%00%(upstream:short)%00%(objectname)%00%(upstream:track)%00%(upstream:remotename)%00%(upstream:remoteref) refs/heads/main refs/remotes/main [1ms]
2023-09-19 09:47:46.398 [info] > git status -z -uall [83ms]
2023-09-19 09:47:51.420 [info] > git config --get commit.template [6ms]
2023-09-19 09:47:51.421 [info] > git for-each-ref --format=%(refname)%00%(upstream:short)%00%(objectname)%00%(upstream:track)%00%(upstream:remotename)%00%(upstream:remoteref) refs/heads/main refs/remotes/main [1ms]
2023-09-19 09:47:51.509 [info] > git status -z -uall [83ms]
2023-09-19 09:47:56.530 [info] > git config --get commit.template [1ms]
2023-09-19 09:47:56.536 [info] > git for-each-ref --format=%(refname)%00%(upstream:short)%00%(objectname)%00%(upstream:track)%00%(upstream:remotename)%00%(upstream:remoteref) refs/heads/main refs/remotes/main [1ms]
2023-09-19 09:47:56.625 [info] > git status -z -uall [83ms]
2023-09-19 09:48:01.648 [info] > git config --get commit.template [6ms]
2023-09-19 09:48:01.648 [info] > git for-each-ref --format=%(refname)%00%(upstream:short)%00%(objectname)%00%(upstream:track)%00%(upstream:remotename)%00%(upstream:remoteref) refs/heads/main refs/remotes/main [1ms]
2023-09-19 09:48:01.743 [info] > git status -z -uall [82ms]
2023-09-19 09:48:06.766 [info] > git config --get commit.template [6ms]
2023-09-19 09:48:06.767 [info] > git for-each-ref --format=%(refname)%00%(upstream:short)%00%(objectname)%00%(upstream:track)%00%(upstream:remotename)%00%(upstream:remoteref) refs/heads/main refs/remotes/main [1ms]
2023-09-19 09:48:06.856 [info] > git status -z -uall [83ms]
2023-09-19 09:48:11.875 [info] > git config --get commit.template [1ms]
2023-09-19 09:48:11.882 [info] > git for-each-ref --format=%(refname)%00%(upstream:short)%00%(objectname)%00%(upstream:track)%00%(upstream:remotename)%00%(upstream:remoteref) refs/heads/main refs/remotes/main [1ms]
2023-09-19 09:48:11.970 [info] > git status -z -uall [82ms]
2023-09-19 09:48:16.996 [info] > git config --get commit.template [6ms]
2023-09-19 09:48:16.997 [info] > git for-each-ref --format=%(refname)%00%(upstream:short)%00%(objectname)%00%(upstream:track)%00%(upstream:remotename)%00%(upstream:remoteref) refs/heads/main refs/remotes/main [2ms]
2023-09-19 09:48:17.093 [info] > git status -z -uall [83ms]
2023-09-19 09:48:22.118 [info] > git config --get commit.template [7ms]
2023-09-19 09:48:22.118 [info] > git for-each-ref --format=%(refname)%00%(upstream:short)%00%(objectname)%00%(upstream:track)%00%(upstream:remotename)%00%(upstream:remoteref) refs/heads/main refs/remotes/main [1ms]
2023-09-19 09:48:22.206 [info] > git status -z -uall [82ms]
2023-09-19 09:48:27.231 [info] > git config --get commit.template [7ms]
2023-09-19 09:48:27.231 [info] > git for-each-ref --format=%(refname)%00%(upstream:short)%00%(objectname)%00%(upstream:track)%00%(upstream:remotename)%00%(upstream:remoteref) refs/heads/main refs/remotes/main [1ms]
2023-09-19 09:48:27.320 [info] > git status -z -uall [84ms]
2023-09-19 09:48:32.343 [info] > git config --get commit.template [6ms]
2023-09-19 09:48:32.344 [info] > git for-each-ref --format=%(refname)%00%(upstream:short)%00%(objectname)%00%(upstream:track)%00%(upstream:remotename)%00%(upstream:remoteref) refs/heads/main refs/remotes/main [2ms]
2023-09-19 09:48:32.431 [info] > git status -z -uall [82ms]
2023-09-19 09:48:37.455 [info] > git config --get commit.template [6ms]
2023-09-19 09:48:37.456 [info] > git for-each-ref --format=%(refname)%00%(upstream:short)%00%(objectname)%00%(upstream:track)%00%(upstream:remotename)%00%(upstream:remoteref) refs/heads/main refs/remotes/main [2ms]
2023-09-19 09:48:37.544 [info] > git status -z -uall [83ms]
2023-09-19 09:48:42.568 [info] > git config --get commit.template [7ms]
2023-09-19 09:48:42.568 [info] > git for-each-ref --format=%(refname)%00%(upstream:short)%00%(objectname)%00%(upstream:track)%00%(upstream:remotename)%00%(upstream:remoteref) refs/heads/main refs/remotes/main [1ms]
2023-09-19 09:48:42.655 [info] > git status -z -uall [82ms]
2023-09-19 09:48:47.678 [info] > git config --get commit.template [6ms]
2023-09-19 09:48:47.679 [info] > git for-each-ref --format=%(refname)%00%(upstream:short)%00%(objectname)%00%(upstream:track)%00%(upstream:remotename)%00%(upstream:remoteref) refs/heads/main refs/remotes/main [1ms]
2023-09-19 09:48:47.768 [info] > git status -z -uall [84ms]
2023-09-19 09:48:52.789 [info] > git config --get commit.template [6ms]
2023-09-19 09:48:52.790 [info] > git for-each-ref --format=%(refname)%00%(upstream:short)%00%(objectname)%00%(upstream:track)%00%(upstream:remotename)%00%(upstream:remoteref) refs/heads/main refs/remotes/main [1ms]
2023-09-19 09:48:52.878 [info] > git status -z -uall [83ms]
2023-09-19 09:48:57.901 [info] > git config --get commit.template [6ms]
2023-09-19 09:48:57.902 [info] > git for-each-ref --format=%(refname)%00%(upstream:short)%00%(objectname)%00%(upstream:track)%00%(upstream:remotename)%00%(upstream:remoteref) refs/heads/main refs/remotes/main [1ms]
2023-09-19 09:48:57.990 [info] > git status -z -uall [83ms]
2023-09-19 09:49:03.017 [info] > git config --get commit.template [6ms]
2023-09-19 09:49:03.018 [info] > git for-each-ref --format=%(refname)%00%(upstream:short)%00%(objectname)%00%(upstream:track)%00%(upstream:remotename)%00%(upstream:remoteref) refs/heads/main refs/remotes/main [1ms]
2023-09-19 09:49:03.104 [info] > git status -z -uall [82ms]
2023-09-19 09:49:08.129 [info] > git config --get commit.template [6ms]
2023-09-19 09:49:08.130 [info] > git for-each-ref --format=%(refname)%00%(upstream:short)%00%(objectname)%00%(upstream:track)%00%(upstream:remotename)%00%(upstream:remoteref) refs/heads/main refs/remotes/main [1ms]
2023-09-19 09:49:08.217 [info] > git status -z -uall [82ms]
2023-09-19 09:49:13.241 [info] > git config --get commit.template [6ms]
2023-09-19 09:49:13.241 [info] > git for-each-ref --format=%(refname)%00%(upstream:short)%00%(objectname)%00%(upstream:track)%00%(upstream:remotename)%00%(upstream:remoteref) refs/heads/main refs/remotes/main [1ms]
2023-09-19 09:49:13.331 [info] > git status -z -uall [84ms]
2023-09-19 09:49:18.354 [info] > git config --get commit.template [6ms]
2023-09-19 09:49:18.354 [info] > git for-each-ref --format=%(refname)%00%(upstream:short)%00%(objectname)%00%(upstream:track)%00%(upstream:remotename)%00%(upstream:remoteref) refs/heads/main refs/remotes/main [1ms]
2023-09-19 09:49:18.441 [info] > git status -z -uall [81ms]
2023-09-19 09:49:23.464 [info] > git config --get commit.template [5ms]
2023-09-19 09:49:23.465 [info] > git for-each-ref --format=%(refname)%00%(upstream:short)%00%(objectname)%00%(upstream:track)%00%(upstream:remotename)%00%(upstream:remoteref) refs/heads/main refs/remotes/main [1ms]
2023-09-19 09:49:23.553 [info] > git status -z -uall [83ms]
2023-09-19 09:49:28.577 [info] > git config --get commit.template [6ms]
2023-09-19 09:49:28.578 [info] > git for-each-ref --format=%(refname)%00%(upstream:short)%00%(objectname)%00%(upstream:track)%00%(upstream:remotename)%00%(upstream:remoteref) refs/heads/main refs/remotes/main [2ms]
2023-09-19 09:49:28.667 [info] > git status -z -uall [84ms]
2023-09-19 09:49:33.690 [info] > git config --get commit.template [6ms]
2023-09-19 09:49:33.691 [info] > git for-each-ref --format=%(refname)%00%(upstream:short)%00%(objectname)%00%(upstream:track)%00%(upstream:remotename)%00%(upstream:remoteref) refs/heads/main refs/remotes/main [2ms]
2023-09-19 09:49:33.778 [info] > git status -z -uall [82ms]
2023-09-19 09:49:38.804 [info] > git config --get commit.template [7ms]
2023-09-19 09:49:38.804 [info] > git for-each-ref --format=%(refname)%00%(upstream:short)%00%(objectname)%00%(upstream:track)%00%(upstream:remotename)%00%(upstream:remoteref) refs/heads/main refs/remotes/main [1ms]
2023-09-19 09:49:38.899 [info] > git status -z -uall [82ms]
2023-09-19 09:49:47.520 [info] > git config --get commit.template [11ms]
2023-09-19 09:49:47.521 [info] > git for-each-ref --format=%(refname)%00%(upstream:short)%00%(objectname)%00%(upstream:track)%00%(upstream:remotename)%00%(upstream:remoteref) refs/heads/main refs/remotes/main [2ms]
2023-09-19 09:49:47.620 [info] > git status -z -uall [91ms]
2023-09-19 09:49:50.121 [info] > git check-ignore -v -z --stdin [9ms]
2023-09-19 09:49:52.646 [info] > git config --get commit.template [7ms]
2023-09-19 09:49:52.647 [info] > git for-each-ref --format=%(refname)%00%(upstream:short)%00%(objectname)%00%(upstream:track)%00%(upstream:remotename)%00%(upstream:remoteref) refs/heads/main refs/remotes/main [1ms]
2023-09-19 09:49:52.739 [info] > git status -z -uall [86ms]
2023-09-19 09:49:56.712 [info] > git check-ignore -v -z --stdin [77ms]
2023-09-19 09:49:57.767 [info] > git config --get commit.template [7ms]
2023-09-19 09:49:57.768 [info] > git for-each-ref --format=%(refname)%00%(upstream:short)%00%(objectname)%00%(upstream:track)%00%(upstream:remotename)%00%(upstream:remoteref) refs/heads/main refs/remotes/main [1ms]
2023-09-19 09:49:57.860 [info] > git status -z -uall [86ms]
2023-09-19 09:50:02.887 [info] > git config --get commit.template [7ms]
2023-09-19 09:50:02.887 [info] > git for-each-ref --format=%(refname)%00%(upstream:short)%00%(objectname)%00%(upstream:track)%00%(upstream:remotename)%00%(upstream:remoteref) refs/heads/main refs/remotes/main [1ms]
2023-09-19 09:50:02.979 [info] > git status -z -uall [86ms]
2023-09-19 09:50:07.591 [info] > git check-ignore -v -z --stdin [9ms]
2023-09-19 09:50:08.003 [info] > git config --get commit.template [6ms]
2023-09-19 09:50:08.004 [info] > git for-each-ref --format=%(refname)%00%(upstream:short)%00%(objectname)%00%(upstream:track)%00%(upstream:remotename)%00%(upstream:remoteref) refs/heads/main refs/remotes/main [2ms]
2023-09-19 09:50:08.095 [info] > git status -z -uall [85ms]
2023-09-19 09:50:09.334 [info] > git check-ignore -v -z --stdin [7ms]
2023-09-19 09:50:10.779 [info] > git check-ignore -v -z --stdin [3ms]
2023-09-19 09:50:13.128 [info] > git config --get commit.template [6ms]
2023-09-19 09:50:13.129 [info] > git for-each-ref --format=%(refname)%00%(upstream:short)%00%(objectname)%00%(upstream:track)%00%(upstream:remotename)%00%(upstream:remoteref) refs/heads/main refs/remotes/main [1ms]
2023-09-19 09:50:13.219 [info] > git status -z -uall [85ms]
2023-09-19 09:50:18.244 [info] > git config --get commit.template [6ms]
2023-09-19 09:50:18.244 [info] > git for-each-ref --format=%(refname)%00%(upstream:short)%00%(objectname)%00%(upstream:track)%00%(upstream:remotename)%00%(upstream:remoteref) refs/heads/main refs/remotes/main [1ms]
2023-09-19 09:50:18.334 [info] > git status -z -uall [85ms]
2023-09-19 09:50:23.360 [info] > git config --get commit.template [6ms]
2023-09-19 09:50:23.361 [info] > git for-each-ref --format=%(refname)%00%(upstream:short)%00%(objectname)%00%(upstream:track)%00%(upstream:remotename)%00%(upstream:remoteref) refs/heads/main refs/remotes/main [1ms]
2023-09-19 09:50:23.450 [info] > git status -z -uall [83ms]
