2023-09-19 09:42:20.605 [info] Extension host with pid 1732 started
2023-09-19 09:42:20.605 [info] Skipping acquiring lock for /home/abhi/.config/Code - OSS/User/workspaceStorage/848850b47271303e9f06771c17331a8c.
2023-09-19 09:42:20.626 [info] ExtensionService#_doActivateExtension vscode.git-base, startup: true, activationEvent: '*'
2023-09-19 09:42:20.629 [info] ExtensionService#_doActivateExtension vscode.github, startup: true, activationEvent: '*'
2023-09-19 09:42:20.633 [info] Eager extensions activated
2023-09-19 09:42:20.694 [info] ExtensionService#_doActivateExtension vscode.debug-auto-launch, startup: false, activationEvent: 'onStartupFinished'
2023-09-19 09:42:20.695 [info] ExtensionService#_doActivateExtension vscode.merge-conflict, startup: false, activationEvent: 'onStartupFinished'
2023-09-19 09:42:20.699 [info] ExtensionService#_doActivateExtension esbenp.prettier-vscode, startup: false, activationEvent: 'onStartupFinished'
2023-09-19 09:42:26.345 [info] ExtensionService#_doActivateExtension vscode.git, startup: false, activationEvent: 'api', root cause: vscode.github
2023-09-19 09:42:26.374 [info] ExtensionService#_doActivateExtension bradlc.vscode-tailwindcss, startup: false, activationEvent: 'onStartupFinished'
2023-09-19 09:42:26.388 [info] ExtensionService#_doActivateExtension ritwickdey.LiveServer, startup: false, activationEvent: 'onStartupFinished'
2023-09-19 09:42:26.934 [warning] [Decorations] CAPPING events from decorations provider vscode.git 1675
2023-09-19 09:42:26.972 [info] ExtensionService#_doActivateExtension vscode.github-authentication, startup: false, activationEvent: 'onAuthenticationRequest:github'
2023-09-19 09:42:27.179 [warning] [Decorations] CAPPING events from decorations provider vscode.git 1675
2023-09-19 09:42:30.376 [warning] [Decorations] CAPPING events from decorations provider vscode.git 1676
2023-09-19 09:42:31.807 [info] ExtensionService#_doActivateExtension vscode.emmet, startup: false, activationEvent: 'onLanguage'
2023-09-19 09:42:35.544 [warning] [Decorations] CAPPING events from decorations provider vscode.git 1708
2023-09-19 09:42:40.710 [warning] [Decorations] CAPPING events from decorations provider vscode.git 1710
2023-09-19 09:42:45.867 [warning] [Decorations] CAPPING events from decorations provider vscode.git 1710
2023-09-19 09:42:51.024 [warning] [Decorations] CAPPING events from decorations provider vscode.git 1715
2023-09-19 09:42:56.181 [warning] [Decorations] CAPPING events from decorations provider vscode.git 1740
2023-09-19 09:43:01.346 [warning] [Decorations] CAPPING events from decorations provider vscode.git 1758
2023-09-19 09:43:03.151 [info] ExtensionService#_doActivateExtension PKief.material-icon-theme, startup: false, activationEvent: 'onStartupFinished'
2023-09-19 09:43:04.892 [info] ExtensionService#_doActivateExtension vscode.json-language-features, startup: false, activationEvent: 'onLanguage:jsonc'
2023-09-19 09:43:04.912 [info] ExtensionService#_doActivateExtension vscode.typescript-language-features, startup: false, activationEvent: 'onLanguage:jsonc'
2023-09-19 09:43:06.504 [warning] [Decorations] CAPPING events from decorations provider vscode.git 1780
2023-09-19 09:43:11.671 [warning] [Decorations] CAPPING events from decorations provider vscode.git 1780
2023-09-19 09:43:16.829 [warning] [Decorations] CAPPING events from decorations provider vscode.git 1783
2023-09-19 09:43:21.986 [warning] [Decorations] CAPPING events from decorations provider vscode.git 1783
2023-09-19 09:43:27.144 [warning] [Decorations] CAPPING events from decorations provider vscode.git 1784
2023-09-19 09:43:32.295 [warning] [Decorations] CAPPING events from decorations provider vscode.git 1784
2023-09-19 09:43:37.461 [warning] [Decorations] CAPPING events from decorations provider vscode.git 1784
2023-09-19 09:43:42.618 [warning] [Decorations] CAPPING events from decorations provider vscode.git 1784
2023-09-19 09:43:47.775 [warning] [Decorations] CAPPING events from decorations provider vscode.git 1784
2023-09-19 09:43:52.933 [warning] [Decorations] CAPPING events from decorations provider vscode.git 1784
2023-09-19 09:43:58.088 [warning] [Decorations] CAPPING events from decorations provider vscode.git 1784
2023-09-19 09:44:03.235 [warning] [Decorations] CAPPING events from decorations provider vscode.git 1786
2023-09-19 09:44:08.380 [warning] [Decorations] CAPPING events from decorations provider vscode.git 781
2023-09-19 09:44:13.525 [warning] [Decorations] CAPPING events from decorations provider vscode.git 781
2023-09-19 09:44:18.673 [warning] [Decorations] CAPPING events from decorations provider vscode.git 781
2023-09-19 09:44:23.816 [warning] [Decorations] CAPPING events from decorations provider vscode.git 781
2023-09-19 09:44:28.960 [warning] [Decorations] CAPPING events from decorations provider vscode.git 781
2023-09-19 09:44:41.678 [warning] [Decorations] CAPPING events from decorations provider vscode.git 781
2023-09-19 09:44:46.821 [warning] [Decorations] CAPPING events from decorations provider vscode.git 781
2023-09-19 09:44:51.968 [warning] [Decorations] CAPPING events from decorations provider vscode.git 782
2023-09-19 09:44:57.114 [warning] [Decorations] CAPPING events from decorations provider vscode.git 782
2023-09-19 09:45:02.256 [warning] [Decorations] CAPPING events from decorations provider vscode.git 782
2023-09-19 09:45:07.400 [warning] [Decorations] CAPPING events from decorations provider vscode.git 782
2023-09-19 09:45:12.543 [warning] [Decorations] CAPPING events from decorations provider vscode.git 783
2023-09-19 09:45:17.686 [warning] [Decorations] CAPPING events from decorations provider vscode.git 783
2023-09-19 09:45:22.828 [warning] [Decorations] CAPPING events from decorations provider vscode.git 784
2023-09-19 09:45:27.971 [warning] [Decorations] CAPPING events from decorations provider vscode.git 784
2023-09-19 09:45:33.083 [warning] [Decorations] CAPPING events from decorations provider vscode.git 785
2023-09-19 09:45:38.192 [warning] [Decorations] CAPPING events from decorations provider vscode.git 781
2023-09-19 09:45:43.307 [warning] [Decorations] CAPPING events from decorations provider vscode.git 781
2023-09-19 09:45:48.434 [warning] [Decorations] CAPPING events from decorations provider vscode.git 781
2023-09-19 09:45:53.554 [warning] [Decorations] CAPPING events from decorations provider vscode.git 783
2023-09-19 09:45:56.941 [warning] [Decorations] CAPPING events from decorations provider vscode.git 1792
2023-09-19 09:45:58.726 [warning] [Decorations] CAPPING events from decorations provider vscode.git 1791
2023-09-19 09:46:03.894 [warning] [Decorations] CAPPING events from decorations provider vscode.git 1791
2023-09-19 09:46:09.061 [warning] [Decorations] CAPPING events from decorations provider vscode.git 1791
2023-09-19 09:46:14.223 [warning] [Decorations] CAPPING events from decorations provider vscode.git 1791
2023-09-19 09:46:19.396 [warning] [Decorations] CAPPING events from decorations provider vscode.git 1791
2023-09-19 09:46:24.565 [warning] [Decorations] CAPPING events from decorations provider vscode.git 1791
2023-09-19 09:46:29.680 [warning] [Decorations] CAPPING events from decorations provider vscode.git 1793
2023-09-19 09:46:34.796 [warning] [Decorations] CAPPING events from decorations provider vscode.git 784
2023-09-19 09:46:36.193 [info] ExtensionService#_doActivateExtension vscode.extension-editing, startup: false, activationEvent: 'onLanguage:markdown'
2023-09-19 09:46:36.198 [info] ExtensionService#_doActivateExtension vscode.markdown-language-features, startup: false, activationEvent: 'onLanguage:markdown'
2023-09-19 09:46:36.471 [info] ExtensionService#_doActivateExtension vscode.markdown-math, startup: false, activationEvent: 'api', root cause: vscode.markdown-language-features
2023-09-19 09:46:39.907 [warning] [Decorations] CAPPING events from decorations provider vscode.git 784
2023-09-19 09:46:45.028 [warning] [Decorations] CAPPING events from decorations provider vscode.git 786
2023-09-19 09:46:50.140 [warning] [Decorations] CAPPING events from decorations provider vscode.git 786
2023-09-19 09:46:55.252 [warning] [Decorations] CAPPING events from decorations provider vscode.git 786
2023-09-19 09:47:00.365 [warning] [Decorations] CAPPING events from decorations provider vscode.git 786
2023-09-19 09:47:05.478 [warning] [Decorations] CAPPING events from decorations provider vscode.git 787
2023-09-19 09:47:10.594 [warning] [Decorations] CAPPING events from decorations provider vscode.git 787
2023-09-19 09:47:15.708 [warning] [Decorations] CAPPING events from decorations provider vscode.git 788
2023-09-19 09:47:20.818 [warning] [Decorations] CAPPING events from decorations provider vscode.git 788
2023-09-19 09:47:25.932 [warning] [Decorations] CAPPING events from decorations provider vscode.git 788
2023-09-19 09:47:31.052 [warning] [Decorations] CAPPING events from decorations provider vscode.git 788
2023-09-19 09:47:36.174 [warning] [Decorations] CAPPING events from decorations provider vscode.git 788
2023-09-19 09:47:41.287 [warning] [Decorations] CAPPING events from decorations provider vscode.git 789
2023-09-19 09:47:46.406 [warning] [Decorations] CAPPING events from decorations provider vscode.git 789
2023-09-19 09:47:51.520 [warning] [Decorations] CAPPING events from decorations provider vscode.git 789
2023-09-19 09:47:56.632 [warning] [Decorations] CAPPING events from decorations provider vscode.git 789
2023-09-19 09:48:01.751 [warning] [Decorations] CAPPING events from decorations provider vscode.git 789
2023-09-19 09:48:06.864 [warning] [Decorations] CAPPING events from decorations provider vscode.git 792
2023-09-19 09:48:11.980 [warning] [Decorations] CAPPING events from decorations provider vscode.git 792
2023-09-19 09:48:17.100 [warning] [Decorations] CAPPING events from decorations provider vscode.git 792
2023-09-19 09:48:22.213 [warning] [Decorations] CAPPING events from decorations provider vscode.git 792
2023-09-19 09:48:27.328 [warning] [Decorations] CAPPING events from decorations provider vscode.git 792
2023-09-19 09:48:32.438 [warning] [Decorations] CAPPING events from decorations provider vscode.git 792
2023-09-19 09:48:37.551 [warning] [Decorations] CAPPING events from decorations provider vscode.git 792
2023-09-19 09:48:42.663 [warning] [Decorations] CAPPING events from decorations provider vscode.git 792
2023-09-19 09:48:47.775 [warning] [Decorations] CAPPING events from decorations provider vscode.git 792
2023-09-19 09:48:52.885 [warning] [Decorations] CAPPING events from decorations provider vscode.git 792
2023-09-19 09:48:58.002 [warning] [Decorations] CAPPING events from decorations provider vscode.git 792
2023-09-19 09:49:03.114 [warning] [Decorations] CAPPING events from decorations provider vscode.git 792
2023-09-19 09:49:08.226 [warning] [Decorations] CAPPING events from decorations provider vscode.git 792
2023-09-19 09:49:13.339 [warning] [Decorations] CAPPING events from decorations provider vscode.git 792
2023-09-19 09:49:18.450 [warning] [Decorations] CAPPING events from decorations provider vscode.git 792
2023-09-19 09:49:23.562 [warning] [Decorations] CAPPING events from decorations provider vscode.git 792
2023-09-19 09:49:28.675 [warning] [Decorations] CAPPING events from decorations provider vscode.git 792
2023-09-19 09:49:33.788 [warning] [Decorations] CAPPING events from decorations provider vscode.git 792
2023-09-19 09:49:38.908 [warning] [Decorations] CAPPING events from decorations provider vscode.git 792
2023-09-19 09:49:47.629 [warning] [Decorations] CAPPING events from decorations provider vscode.git 792
2023-09-19 09:49:52.751 [warning] [Decorations] CAPPING events from decorations provider vscode.git 792
2023-09-19 09:49:57.869 [warning] [Decorations] CAPPING events from decorations provider vscode.git 792
2023-09-19 09:50:02.987 [warning] [Decorations] CAPPING events from decorations provider vscode.git 792
2023-09-19 09:50:08.112 [warning] [Decorations] CAPPING events from decorations provider vscode.git 792
2023-09-19 09:50:13.228 [warning] [Decorations] CAPPING events from decorations provider vscode.git 792
2023-09-19 09:50:18.344 [warning] [Decorations] CAPPING events from decorations provider vscode.git 792
2023-09-19 09:50:23.459 [warning] [Decorations] CAPPING events from decorations provider vscode.git 793
