2023-09-18 13:50:41.074 [info] Extension host with pid 29898 started
2023-09-18 13:50:41.074 [info] Skipping acquiring lock for /home/abhi/.config/Code - OSS/User/workspaceStorage/1f7c318867a422f447546cb3038059d2.
2023-09-18 13:50:41.157 [info] ExtensionService#_doActivateExtension vscode.emmet, startup: false, activationEvent: 'onLanguage'
2023-09-18 13:50:41.178 [info] ExtensionService#_doActivateExtension vscode.html-language-features, startup: false, activationEvent: 'onLanguage:html'
2023-09-18 13:50:41.755 [info] ExtensionService#_doActivateExtension vscode.git-base, startup: true, activationEvent: '*', root cause: vscode.git
2023-09-18 13:50:41.756 [info] ExtensionService#_doActivateExtension vscode.npm, startup: true, activationEvent: 'workspaceContains:package.json'
2023-09-18 13:50:41.774 [info] ExtensionService#_doActivateExtension vscode.git, startup: true, activationEvent: '*'
2023-09-18 13:50:41.789 [info] ExtensionService#_doActivateExtension vscode.github, startup: true, activationEvent: '*'
2023-09-18 13:50:41.874 [info] Eager extensions activated
2023-09-18 13:50:41.896 [info] ExtensionService#_doActivateExtension vscode.debug-auto-launch, startup: false, activationEvent: 'onStartupFinished'
2023-09-18 13:50:41.898 [info] ExtensionService#_doActivateExtension vscode.merge-conflict, startup: false, activationEvent: 'onStartupFinished'
2023-09-18 13:50:41.901 [info] ExtensionService#_doActivateExtension bradlc.vscode-tailwindcss, startup: false, activationEvent: 'onStartupFinished'
2023-09-18 13:50:41.911 [info] ExtensionService#_doActivateExtension esbenp.prettier-vscode, startup: false, activationEvent: 'onStartupFinished'
2023-09-18 13:50:41.941 [info] ExtensionService#_doActivateExtension ritwickdey.LiveServer, startup: false, activationEvent: 'onStartupFinished'
2023-09-18 14:33:17.559 [info] ExtensionService#_doActivateExtension vscode.typescript-language-features, startup: false, activationEvent: 'onLanguage:javascript'
2023-09-18 15:32:39.844 [info] ExtensionService#_doActivateExtension vscode.css-language-features, startup: false, activationEvent: 'onLanguage:css'
2023-09-18 15:32:48.092 [info] ExtensionService#_doActivateExtension vscode.extension-editing, startup: false, activationEvent: 'onLanguage:json'
2023-09-18 15:32:48.098 [info] ExtensionService#_doActivateExtension vscode.json-language-features, startup: false, activationEvent: 'onLanguage:json'
2023-09-18 15:34:36.439 [info] ExtensionService#_doActivateExtension vscode.markdown-language-features, startup: false, activationEvent: 'onLanguage:markdown'
2023-09-18 15:34:36.878 [info] ExtensionService#_doActivateExtension vscode.markdown-math, startup: false, activationEvent: 'api', root cause: vscode.markdown-language-features
2023-09-18 15:41:03.299 [error] [bradlc.vscode-tailwindcss] provider FAILED
2023-09-18 15:41:03.299 [error] TypeError: Cannot read properties of null (reading 'filter')
	at Object.<anonymous> (/home/abhi/.vscode-oss/extensions/bradlc.vscode-tailwindcss-0.10.0-universal/dist/extension.js:43:11904)
	at Generator.next (<anonymous>)
	at s (/home/abhi/.vscode-oss/extensions/bradlc.vscode-tailwindcss-0.10.0-universal/dist/extension.js:1:1247)
2023-09-18 15:41:11.350 [error] [bradlc.vscode-tailwindcss] provider FAILED
2023-09-18 15:41:11.350 [error] TypeError: Cannot read properties of null (reading 'filter')
	at Object.<anonymous> (/home/abhi/.vscode-oss/extensions/bradlc.vscode-tailwindcss-0.10.0-universal/dist/extension.js:43:11904)
	at Generator.next (<anonymous>)
	at s (/home/abhi/.vscode-oss/extensions/bradlc.vscode-tailwindcss-0.10.0-universal/dist/extension.js:1:1247)
2023-09-18 15:44:01.747 [error] [bradlc.vscode-tailwindcss] provider FAILED
2023-09-18 15:44:01.747 [error] TypeError: Cannot read properties of null (reading 'filter')
	at Object.<anonymous> (/home/abhi/.vscode-oss/extensions/bradlc.vscode-tailwindcss-0.10.0-universal/dist/extension.js:43:11904)
	at Generator.next (<anonymous>)
	at s (/home/abhi/.vscode-oss/extensions/bradlc.vscode-tailwindcss-0.10.0-universal/dist/extension.js:1:1247)
2023-09-18 15:44:04.903 [error] [bradlc.vscode-tailwindcss] provider FAILED
2023-09-18 15:44:04.903 [error] TypeError: Cannot read properties of null (reading 'filter')
	at Object.<anonymous> (/home/abhi/.vscode-oss/extensions/bradlc.vscode-tailwindcss-0.10.0-universal/dist/extension.js:43:11904)
	at Generator.next (<anonymous>)
	at s (/home/abhi/.vscode-oss/extensions/bradlc.vscode-tailwindcss-0.10.0-universal/dist/extension.js:1:1247)
2023-09-18 17:30:37.462 [info] Extension host terminating: renderer closed the MessagePort
2023-09-18 17:30:37.482 [error] Canceled: Canceled
	at new h (/usr/lib/code/out/vs/workbench/api/node/extensionHostProcess.js:107:57382)
	at i.O (/usr/lib/code/out/vs/workbench/api/node/extensionHostProcess.js:116:10850)
	at j.<computed>.T.charCodeAt.j.<computed> (/usr/lib/code/out/vs/workbench/api/node/extensionHostProcess.js:116:8289)
	at r.g (/usr/lib/code/out/vs/workbench/api/node/extensionHostProcess.js:107:82208)
	at r.executeCommand (/usr/lib/code/out/vs/workbench/api/node/extensionHostProcess.js:107:81646)
	at u.registerCommand.description (/usr/lib/code/out/vs/workbench/api/node/extensionHostProcess.js:107:80967)
	at r.h (/usr/lib/code/out/vs/workbench/api/node/extensionHostProcess.js:107:82744)
	at r.g (/usr/lib/code/out/vs/workbench/api/node/extensionHostProcess.js:107:81739)
	at r.executeCommand (/usr/lib/code/out/vs/workbench/api/node/extensionHostProcess.js:107:81646)
	at Object.executeCommand (/usr/lib/code/out/vs/workbench/api/node/extensionHostProcess.js:122:21247)
	at n.D [as value] (/usr/lib/code/extensions/git/dist/main.js:2:1309000)
	at m.w (/usr/lib/code/out/vs/workbench/api/node/extensionHostProcess.js:63:1902)
	at m.x (/usr/lib/code/out/vs/workbench/api/node/extensionHostProcess.js:63:1972)
	at m.fire (/usr/lib/code/out/vs/workbench/api/node/extensionHostProcess.js:63:2188)
	at Object.m [as dispose] (/usr/lib/code/extensions/git/dist/main.js:2:1324784)
	at /usr/lib/code/extensions/git/dist/main.js:2:1329625
	at Array.forEach (<anonymous>)
	at g.dispose (/usr/lib/code/extensions/git/dist/main.js:2:1329611)
	at E.<anonymous> (/usr/lib/code/out/vs/workbench/api/node/extensionHostProcess.js:103:3484)
	at E.dispose (/usr/lib/code/out/vs/workbench/api/node/extensionHostProcess.js:103:3581)
	at E.<anonymous> (/usr/lib/code/extensions/git/dist/main.js:2:1311012)
	at E.dispose (/usr/lib/code/out/vs/workbench/api/node/extensionHostProcess.js:103:3581)
	at k (/usr/lib/code/out/vs/workbench/api/node/extensionHostProcess.js:13:11730)
	at n.Z (/usr/lib/code/out/vs/workbench/api/node/extensionHostProcess.js:118:9652)
	at /usr/lib/code/out/vs/workbench/api/node/extensionHostProcess.js:118:7585
	at Array.map (<anonymous>)
	at n.S (/usr/lib/code/out/vs/workbench/api/node/extensionHostProcess.js:118:7572)
	at n.terminate (/usr/lib/code/out/vs/workbench/api/node/extensionHostProcess.js:118:7844)
	at o.terminate (/usr/lib/code/out/vs/workbench/api/node/extensionHostProcess.js:122:1513)
	at D (/usr/lib/code/out/vs/workbench/api/node/extensionHostProcess.js:135:9800)
	at MessagePortMain.<anonymous> (/usr/lib/code/out/vs/workbench/api/node/extensionHostProcess.js:135:6225)
	at MessagePortMain.emit (node:events:513:28)
	at MessagePortMain._internalPort.emit (node:electron/js2c/utility_init:2:367) setContext undefined
2023-09-18 17:30:37.483 [error] Canceled: Canceled
	at new h (/usr/lib/code/out/vs/workbench/api/node/extensionHostProcess.js:107:57382)
	at i.O (/usr/lib/code/out/vs/workbench/api/node/extensionHostProcess.js:116:10850)
	at j.<computed>.T.charCodeAt.j.<computed> (/usr/lib/code/out/vs/workbench/api/node/extensionHostProcess.js:116:8289)
	at r.g (/usr/lib/code/out/vs/workbench/api/node/extensionHostProcess.js:107:82208)
	at r.executeCommand (/usr/lib/code/out/vs/workbench/api/node/extensionHostProcess.js:107:81646)
	at u.registerCommand.description (/usr/lib/code/out/vs/workbench/api/node/extensionHostProcess.js:107:80967)
	at r.h (/usr/lib/code/out/vs/workbench/api/node/extensionHostProcess.js:107:82744)
	at r.g (/usr/lib/code/out/vs/workbench/api/node/extensionHostProcess.js:107:81739)
	at r.executeCommand (/usr/lib/code/out/vs/workbench/api/node/extensionHostProcess.js:107:81646)
	at Object.executeCommand (/usr/lib/code/out/vs/workbench/api/node/extensionHostProcess.js:122:21247)
	at set b [as b] (/usr/lib/code/extensions/github/dist/extension.js:2:714434)
	at /usr/lib/code/extensions/github/dist/extension.js:2:715075
	at n.value (/usr/lib/code/extensions/git/dist/main.js:2:1396602)
	at m.w (/usr/lib/code/out/vs/workbench/api/node/extensionHostProcess.js:63:1902)
	at m.x (/usr/lib/code/out/vs/workbench/api/node/extensionHostProcess.js:63:1972)
	at m.fire (/usr/lib/code/out/vs/workbench/api/node/extensionHostProcess.js:63:2188)
	at Object.m [as dispose] (/usr/lib/code/extensions/git/dist/main.js:2:1324784)
	at /usr/lib/code/extensions/git/dist/main.js:2:1329625
	at Array.forEach (<anonymous>)
	at g.dispose (/usr/lib/code/extensions/git/dist/main.js:2:1329611)
	at E.<anonymous> (/usr/lib/code/out/vs/workbench/api/node/extensionHostProcess.js:103:3484)
	at E.dispose (/usr/lib/code/out/vs/workbench/api/node/extensionHostProcess.js:103:3581)
	at E.<anonymous> (/usr/lib/code/extensions/git/dist/main.js:2:1311012)
	at E.dispose (/usr/lib/code/out/vs/workbench/api/node/extensionHostProcess.js:103:3581)
	at k (/usr/lib/code/out/vs/workbench/api/node/extensionHostProcess.js:13:11730)
	at n.Z (/usr/lib/code/out/vs/workbench/api/node/extensionHostProcess.js:118:9652)
	at /usr/lib/code/out/vs/workbench/api/node/extensionHostProcess.js:118:7585
	at Array.map (<anonymous>)
	at n.S (/usr/lib/code/out/vs/workbench/api/node/extensionHostProcess.js:118:7572)
	at n.terminate (/usr/lib/code/out/vs/workbench/api/node/extensionHostProcess.js:118:7844)
	at o.terminate (/usr/lib/code/out/vs/workbench/api/node/extensionHostProcess.js:122:1513)
	at D (/usr/lib/code/out/vs/workbench/api/node/extensionHostProcess.js:135:9800)
	at MessagePortMain.<anonymous> (/usr/lib/code/out/vs/workbench/api/node/extensionHostProcess.js:135:6225)
	at MessagePortMain.emit (node:events:513:28)
	at MessagePortMain._internalPort.emit (node:electron/js2c/utility_init:2:367) setContext undefined
2023-09-18 17:30:37.488 [info] Extension host with pid 29898 exiting with code 0
