2023-09-17 17:19:30.776 [info] Log level: Info
2023-09-17 17:19:30.776 [info] Validating found git in: "git"
2023-09-17 17:19:30.776 [info] Using git "2.42.0" from "git"
2023-09-17 17:19:46.162 [info] Log level: Info
2023-09-17 17:19:46.162 [info] Validating found git in: "git"
2023-09-17 17:19:46.162 [info] Using git "2.42.0" from "git"
2023-09-17 17:19:46.162 [info] > git rev-parse --show-toplevel [4ms]
2023-09-17 17:19:46.162 [info] fatal: not a git repository (or any of the parent directories): .git
2023-09-17 17:19:46.396 [info] > git rev-parse --show-toplevel [223ms]
2023-09-17 17:19:46.396 [info] fatal: not a git repository (or any of the parent directories): .git
2023-09-17 17:19:46.482 [info] > git rev-parse --show-toplevel [15ms]
2023-09-17 17:19:46.482 [info] fatal: not a git repository (or any of the parent directories): .git
2023-09-17 17:19:46.511 [info] > git rev-parse --show-toplevel [16ms]
2023-09-17 17:19:46.512 [info] fatal: not a git repository (or any of the parent directories): .git
2023-09-17 17:19:46.528 [info] > git rev-parse --show-toplevel [2ms]
2023-09-17 17:19:46.528 [info] fatal: not a git repository (or any of the parent directories): .git
2023-09-17 17:19:46.539 [info] > git rev-parse --show-toplevel [2ms]
2023-09-17 17:19:46.539 [info] fatal: not a git repository (or any of the parent directories): .git
2023-09-17 17:19:46.565 [info] > git rev-parse --show-toplevel [14ms]
2023-09-17 17:19:46.565 [info] fatal: not a git repository (or any of the parent directories): .git
2023-09-17 17:22:45.614 [info] > git rev-parse --show-toplevel [1ms]
2023-09-17 17:22:45.614 [info] fatal: not a git repository (or any of the parent directories): .git
2023-09-17 17:22:54.411 [info] > git rev-parse --show-toplevel [2ms]
2023-09-17 17:22:54.411 [info] fatal: not a git repository (or any of the parent directories): .git
2023-09-17 17:22:54.539 [info] > git rev-parse --show-toplevel [3ms]
2023-09-17 17:22:54.539 [info] fatal: not a git repository (or any of the parent directories): .git
2023-09-17 17:23:41.100 [info] > git rev-parse --show-toplevel [1ms]
2023-09-17 17:23:41.100 [info] fatal: not a git repository (or any of the parent directories): .git
2023-09-17 17:23:42.348 [info] > git rev-parse --show-toplevel [2ms]
2023-09-17 17:23:42.348 [info] fatal: not a git repository (or any of the parent directories): .git
