2023-09-18 09:49:43.299 [info] Added views:workbench.panel.markers.view in workbench.panel.markers
2023-09-18 09:49:43.299 [info] Added views:workbench.panel.output in workbench.panel.output
2023-09-18 09:49:43.299 [info] Added views:terminal in terminal
2023-09-18 09:49:43.299 [info] Added views:outline in workbench.view.explorer
2023-09-18 09:49:43.299 [info] Added views:workbench.scm in workbench.view.scm
2023-09-18 09:49:43.299 [info] Added views:workbench.view.search in workbench.view.search
2023-09-18 09:49:43.299 [info] Added views:timeline in workbench.view.explorer
2023-09-18 09:49:43.299 [info] Added views:workbench.explorer.fileView in workbench.view.explorer
2023-09-18 09:49:43.488 [info] Added views:workbench.debug.welcome in workbench.view.debug
2023-09-18 09:49:43.780 [info] Added views:workbench.panel.repl.view in workbench.panel.repl
2023-09-18 09:49:43.959 [info] Added views:~remote.forwardedPorts in ~remote.forwardedPortsContainer
2023-09-18 09:49:56.506 [info] Added views:workbench.panel.markers.view in workbench.panel.markers
2023-09-18 09:49:56.506 [info] Added views:workbench.panel.output in workbench.panel.output
2023-09-18 09:49:56.506 [info] Added views:terminal in terminal
2023-09-18 09:49:56.506 [info] Added views:outline in workbench.view.explorer
2023-09-18 09:49:56.506 [info] Added views:workbench.scm in workbench.view.scm
2023-09-18 09:49:56.506 [info] Added views:workbench.view.search in workbench.view.search
2023-09-18 09:49:56.506 [info] Added views:timeline in workbench.view.explorer
2023-09-18 09:49:56.506 [info] Added views:workbench.explorer.fileView in workbench.view.explorer
2023-09-18 09:49:56.986 [info] Added views:workbench.debug.welcome in workbench.view.debug
2023-09-18 09:49:57.022 [info] Added views:workbench.panel.repl.view in workbench.panel.repl
2023-09-18 09:49:57.475 [info] Added views:~remote.forwardedPorts in ~remote.forwardedPortsContainer
