2023-09-08 17:38:32 Loading main app package /usr/lib/obsidian/obsidian.asar
2023-09-08 17:38:32 Checking for update using Github
2023-09-08 17:38:33 Success.
2023-09-08 17:38:33 Latest version is 1.4.5
2023-09-08 17:38:33 App is up to date.
2023-09-09 14:17:36 Loading main app package /usr/lib/obsidian/obsidian.asar
2023-09-09 14:17:36 Checking for update using Github
2023-09-09 14:17:36 Success.
2023-09-09 14:17:36 Latest version is 1.4.5
2023-09-09 14:17:36 App is up to date.
2023-09-09 17:39:07 Loading main app package /usr/lib/obsidian/obsidian.asar
2023-09-09 17:39:07 Checking for update using Github
2023-09-09 17:39:08 Success.
2023-09-09 17:39:08 Latest version is 1.4.5
2023-09-09 17:39:08 App is up to date.
2023-09-11 01:42:19 Loading main app package /usr/lib/obsidian/obsidian.asar
2023-09-11 01:42:19 Checking for update using Github
2023-09-11 01:42:20 Success.
2023-09-11 01:42:20 Latest version is 1.4.5
2023-09-11 01:42:20 App is up to date.
2023-09-11 01:47:50 Loading main app package /usr/lib/obsidian/obsidian.asar
2023-09-11 01:47:50 Checking for update using Github
2023-09-11 01:47:51 Success.
2023-09-11 01:47:51 Latest version is 1.4.5
2023-09-11 01:47:51 App is up to date.
2023-09-11 02:47:50 Checking for update using Github
2023-09-11 02:47:50 Success.
2023-09-11 02:47:50 Latest version is 1.4.5
2023-09-11 02:47:50 App is up to date.
2023-09-11 15:55:39 Loading main app package /usr/lib/obsidian/obsidian.asar
2023-09-11 15:55:39 Checking for update using Github
2023-09-11 15:55:40 Success.
2023-09-11 15:55:40 Latest version is 1.4.5
2023-09-11 15:55:40 App is up to date.
2023-09-11 16:55:39 Checking for update using Github
2023-09-11 16:55:40 Success.
2023-09-11 16:55:40 Latest version is 1.4.5
2023-09-11 16:55:40 App is up to date.
2023-09-12 16:06:01 Loading main app package /usr/lib/obsidian/obsidian.asar
2023-09-12 16:06:01 Checking for update using Github
2023-09-12 16:06:02 Success.
2023-09-12 16:06:02 Latest version is 1.4.11
2023-09-12 16:06:02 Downloading update from https://github.com/obsidianmd/obsidian-releases/releases/download/v1.4.11/obsidian-1.4.11.asar.gz
2023-09-12 16:06:15 Verifying hash & signature. Size= 8394463
2023-09-12 16:06:15 Saving file
2023-09-12 16:06:16 Update complete.
2023-09-14 12:41:55 Loading main app package /usr/lib/obsidian/obsidian.asar
2023-09-14 12:41:56 Checking for update using Github
2023-09-14 12:41:56 Success.
2023-09-14 12:41:56 Latest version is 1.4.12
2023-09-14 12:41:56 Downloading update from https://github.com/obsidianmd/obsidian-releases/releases/download/v1.4.12/obsidian-1.4.12.asar.gz
2023-09-14 12:41:59 Verifying hash & signature. Size= 8394475
2023-09-14 12:41:59 Saving file
2023-09-14 12:41:59 Update complete.
2023-09-14 15:27:36 Loading main app package /usr/lib/obsidian/obsidian.asar
2023-09-14 15:27:36 Checking for update using Github
2023-09-14 15:27:37 Success.
2023-09-14 15:27:37 Latest version is 1.4.12
2023-09-14 15:27:37 App is up to date.
2023-09-14 17:00:24 Loading main app package /usr/lib/obsidian/obsidian.asar
2023-09-14 17:00:24 Checking for update using Github
2023-09-14 17:00:25 Success.
2023-09-14 17:00:25 Latest version is 1.4.12
2023-09-14 17:00:25 App is up to date.
2023-09-14 17:00:43 Loading main app package /usr/lib/obsidian/obsidian.asar
2023-09-14 17:00:44 Checking for update using Github
2023-09-14 17:00:44 Success.
2023-09-14 17:00:44 Latest version is 1.4.12
2023-09-14 17:00:44 App is up to date.
2023-09-15 01:50:40 Loading main app package /usr/lib/obsidian/obsidian.asar
2023-09-15 01:50:40 Checking for update using Github
2023-09-15 01:50:41 Success.
2023-09-15 01:50:41 Latest version is 1.4.12
2023-09-15 01:50:41 App is up to date.
2023-09-15 13:49:49 Loading main app package /usr/lib/obsidian/obsidian.asar
2023-09-15 13:49:49 Checking for update using Github
2023-09-15 13:49:49 Success.
2023-09-15 13:49:49 Latest version is 1.4.12
2023-09-15 13:49:49 App is up to date.
2023-09-16 06:23:22 Loading main app package /usr/lib/obsidian/obsidian.asar
2023-09-16 06:23:22 Checking for update using Github
2023-09-16 06:23:22 Success.
2023-09-16 06:23:22 Latest version is 1.4.13
2023-09-16 06:23:22 Downloading update from https://github.com/obsidianmd/obsidian-releases/releases/download/v1.4.13/obsidian-1.4.13.asar.gz
2023-09-16 06:23:24 Verifying hash & signature. Size= 8394487
2023-09-16 06:23:24 Saving file
2023-09-16 06:23:24 Update complete.
2023-09-16 07:22:53 Loading updated app package /home/abhi/.config/obsidian/obsidian-1.4.13.asar
2023-09-16 07:22:53 Checking for update using Github
2023-09-16 07:22:53 Success.
2023-09-16 07:22:53 Latest version is 1.4.13
2023-09-16 07:22:53 App is up to date.
2023-09-16 08:22:53 Checking for update using Github
2023-09-16 08:22:53 Success.
2023-09-16 08:22:53 Latest version is 1.4.13
2023-09-16 08:22:53 App is up to date.
2023-09-16 09:22:53 Checking for update using Github
2023-09-16 09:22:53 Success.
2023-09-16 09:22:53 Latest version is 1.4.13
2023-09-16 09:22:53 App is up to date.
2023-09-17 02:54:08 Loading updated app package /home/abhi/.config/obsidian/obsidian-1.4.13.asar
2023-09-17 02:54:08 Checking for update using Github
2023-09-17 02:54:08 Success.
2023-09-17 02:54:08 Latest version is 1.4.13
2023-09-17 02:54:08 App is up to date.
2023-09-17 03:01:58 Loading updated app package /home/abhi/.config/obsidian/obsidian-1.4.13.asar
2023-09-17 03:01:59 Checking for update using Github
2023-09-17 03:01:59 Success.
2023-09-17 03:01:59 Latest version is 1.4.13
2023-09-17 03:01:59 App is up to date.
2023-09-17 03:57:38 Loading updated app package /home/abhi/.config/obsidian/obsidian-1.4.13.asar
2023-09-17 03:57:38 Checking for update using Github
2023-09-17 03:57:38 Success.
2023-09-17 03:57:38 Latest version is 1.4.13
2023-09-17 03:57:38 App is up to date.
2023-09-17 04:57:38 Checking for update using Github
2023-09-17 04:57:38 Success.
2023-09-17 04:57:38 Latest version is 1.4.13
2023-09-17 04:57:38 App is up to date.
2023-09-17 06:45:08 Loading updated app package /home/abhi/.config/obsidian/obsidian-1.4.13.asar
2023-09-17 06:45:09 Checking for update using Github
2023-09-17 06:45:09 Success.
2023-09-17 06:45:09 Latest version is 1.4.13
2023-09-17 06:45:09 App is up to date.
2023-09-17 07:45:08 Checking for update using Github
2023-09-17 07:45:09 Success.
2023-09-17 07:45:09 Latest version is 1.4.13
2023-09-17 07:45:09 App is up to date.
2023-09-17 08:45:09 Checking for update using Github
2023-09-17 08:45:09 Success.
2023-09-17 08:45:09 Latest version is 1.4.13
2023-09-17 08:45:09 App is up to date.
2023-09-17 09:34:22 Loading updated app package /home/abhi/.config/obsidian/obsidian-1.4.13.asar
2023-09-17 09:34:22 Checking for update using Github
2023-09-17 09:34:22 Success.
2023-09-17 09:34:22 Latest version is 1.4.13
2023-09-17 09:34:22 App is up to date.
2023-09-17 10:34:22 Checking for update using Github
2023-09-17 10:34:22 Success.
2023-09-17 10:34:22 Latest version is 1.4.13
2023-09-17 10:34:22 App is up to date.
2023-09-17 11:34:22 Checking for update using Github
2023-09-17 11:34:22 Success.
2023-09-17 11:34:22 Latest version is 1.4.13
2023-09-17 11:34:22 App is up to date.
2023-09-17 11:34:24 Loading updated app package /home/abhi/.config/obsidian/obsidian-1.4.13.asar
2023-09-17 11:34:24 Checking for update using Github
2023-09-17 14:29:33 Loading main app package /usr/lib/obsidian/obsidian.asar
2023-09-17 14:29:33 Checking for update using Github
2023-09-17 14:29:34 Success.
2023-09-17 14:29:34 Latest version is 1.4.13
2023-09-17 14:29:34 App is up to date.
2023-09-17 15:47:25 Loading main app package /usr/lib/obsidian/obsidian.asar
2023-09-17 15:47:25 Checking for update using Github
2023-09-17 15:47:25 Success.
2023-09-17 15:47:25 Latest version is 1.4.13
2023-09-17 15:47:25 App is up to date.
2023-09-18 03:50:16 Loading main app package /usr/lib/obsidian/obsidian.asar
2023-09-18 03:50:17 Checking for update using Github
2023-09-18 03:50:17 Failed to check for update using Github (net::ERR_INTERNET_DISCONNECTED)
2023-09-18 03:50:17 Checking for update using obsidian.md
2023-09-18 03:50:17 Failed to check for update using obsidian.md (net::ERR_INTERNET_DISCONNECTED)
2023-09-18 05:09:15 Loading main app package /usr/lib/obsidian/obsidian.asar
2023-09-18 05:09:15 Checking for update using Github
2023-09-18 05:09:15 Success.
2023-09-18 05:09:15 Latest version is 1.4.13
2023-09-18 05:09:15 App is up to date.
2023-09-18 06:09:15 Checking for update using Github
2023-09-18 06:09:15 Success.
2023-09-18 06:09:15 Latest version is 1.4.13
2023-09-18 06:09:15 App is up to date.
2023-09-18 07:09:15 Checking for update using Github
2023-09-18 07:09:15 Success.
2023-09-18 07:09:15 Latest version is 1.4.13
2023-09-18 07:09:15 App is up to date.
2023-09-18 08:13:44 Checking for update using Github
2023-09-18 08:13:45 Success.
2023-09-18 08:13:45 Latest version is 1.4.13
2023-09-18 08:13:45 App is up to date.
2023-09-18 09:14:18 Checking for update using Github
2023-09-18 09:14:19 Success.
2023-09-18 09:14:19 Latest version is 1.4.13
2023-09-18 09:14:19 App is up to date.
2023-09-18 10:24:37 Checking for update using Github
2023-09-18 10:24:37 Success.
2023-09-18 10:24:37 Latest version is 1.4.13
2023-09-18 10:24:37 App is up to date.
2023-09-18 11:24:37 Checking for update using Github
2023-09-18 11:24:37 Success.
2023-09-18 11:24:37 Latest version is 1.4.13
2023-09-18 11:24:37 App is up to date.
