2023-09-18 09:49:43.853 [info] Log level: Info
2023-09-18 09:49:43.853 [info] Validating found git in: "git"
2023-09-18 09:49:43.874 [info] Using git "2.42.0" from "git"
2023-09-18 09:49:43.887 [info] > git rev-parse --show-toplevel [3ms]
2023-09-18 09:49:43.887 [info] fatal: not a git repository (or any of the parent directories): .git
2023-09-18 09:49:43.896 [info] > git rev-parse --show-toplevel [2ms]
2023-09-18 09:49:43.896 [info] fatal: not a git repository (or any of the parent directories): .git
2023-09-18 09:49:44.119 [info] > git rev-parse --show-toplevel [2ms]
2023-09-18 09:49:44.119 [info] fatal: not a git repository (or any of the parent directories): .git
2023-09-18 09:49:44.289 [info] > git rev-parse --show-toplevel [2ms]
2023-09-18 09:49:44.289 [info] fatal: not a git repository (or any of the parent directories): .git
2023-09-18 09:49:57.202 [info] Log level: Info
2023-09-18 09:49:57.202 [info] Validating found git in: "git"
2023-09-18 09:49:57.202 [info] Using git "2.42.0" from "git"
2023-09-18 09:49:57.202 [info] > git rev-parse --show-toplevel [7ms]
2023-09-18 09:49:57.209 [info] > git rev-parse --git-dir --git-common-dir [1ms]
2023-09-18 09:49:57.219 [info] Open repository: /home/abhi/projects/infinity-digital-agency-website
2023-09-18 09:49:57.236 [info] > git rev-parse --show-toplevel [3ms]
2023-09-18 09:49:57.237 [info] > git config --get commit.template [8ms]
2023-09-18 09:49:57.254 [info] > git rev-parse --show-toplevel [8ms]
2023-09-18 09:49:57.266 [info] > git rev-parse --show-toplevel [4ms]
2023-09-18 09:49:57.273 [info] > git for-each-ref --format=%(refname)%00%(upstream:short)%00%(objectname)%00%(upstream:track)%00%(upstream:remotename)%00%(upstream:remoteref) refs/heads/ida-frontend refs/remotes/ida-frontend [21ms]
2023-09-18 09:49:57.284 [info] > git rev-parse --show-toplevel [11ms]
2023-09-18 09:49:57.290 [info] > git status -z -uall [10ms]
2023-09-18 09:49:57.302 [info] > git rev-parse --show-toplevel [13ms]
2023-09-18 09:49:57.307 [info] > git config --get commit.template [4ms]
2023-09-18 09:49:57.315 [info] > git for-each-ref --format=%(refname)%00%(upstream:short)%00%(objectname)%00%(upstream:track)%00%(upstream:remotename)%00%(upstream:remoteref) refs/heads/ida-frontend refs/remotes/ida-frontend [2ms]
2023-09-18 09:49:57.323 [info] > git status -z -uall [2ms]
2023-09-18 09:49:57.773 [info] > git check-ignore -v -z --stdin [1ms]
2023-09-18 09:50:04.397 [info] > git check-ignore -v -z --stdin [1ms]
2023-09-18 09:50:05.515 [info] > git check-ignore -v -z --stdin [2ms]
