2023-09-17 20:45:17.468 [info] Added views:workbench.panel.markers.view in workbench.panel.markers
2023-09-17 20:45:17.468 [info] Added views:workbench.panel.output in workbench.panel.output
2023-09-17 20:45:17.468 [info] Added views:terminal in terminal
2023-09-17 20:45:17.468 [info] Added views:outline in workbench.view.explorer
2023-09-17 20:45:17.468 [info] Added views:workbench.scm in workbench.view.scm
2023-09-17 20:45:17.468 [info] Added views:workbench.view.search in workbench.view.search
2023-09-17 20:45:17.468 [info] Added views:timeline in workbench.view.explorer
2023-09-17 20:45:17.468 [info] Added views:workbench.explorer.fileView in workbench.view.explorer
2023-09-17 20:45:17.679 [info] Added views:workbench.debug.welcome in workbench.view.debug
2023-09-17 20:45:17.919 [info] Added views:workbench.panel.repl.view in workbench.panel.repl
2023-09-17 20:45:18.270 [info] Added views:~remote.forwardedPorts in ~remote.forwardedPortsContainer
2023-09-17 20:45:27.467 [info] Added views:workbench.panel.markers.view in workbench.panel.markers
2023-09-17 20:45:27.467 [info] Added views:workbench.panel.output in workbench.panel.output
2023-09-17 20:45:27.467 [info] Added views:terminal in terminal
2023-09-17 20:45:27.467 [info] Added views:outline in workbench.view.explorer
2023-09-17 20:45:27.467 [info] Added views:workbench.scm in workbench.view.scm
2023-09-17 20:45:27.467 [info] Added views:workbench.view.search in workbench.view.search
2023-09-17 20:45:27.467 [info] Added views:timeline in workbench.view.explorer
2023-09-17 20:45:27.467 [info] Added views:workbench.explorer.fileView in workbench.view.explorer
2023-09-17 20:45:27.686 [info] Added views:workbench.debug.welcome in workbench.view.debug
2023-09-17 20:45:27.730 [info] Added views:~remote.forwardedPorts in ~remote.forwardedPortsContainer
2023-09-17 20:45:27.857 [info] Added views:workbench.panel.repl.view in workbench.panel.repl
